#
# A fatal error has been detected by the Java Runtime Environment:
#
#  EXCEPTION_ACCESS_VIOLATION (0xc0000005) at pc=0x00007ffca56dde22, pid=11484, tid=1496
#
# JRE version: OpenJDK Runtime Environment Temurin-21.0.8+9 (21.0.8+9) (build 21.0.8+9-LTS)
# Java VM: OpenJDK 64-Bit Server VM Temurin-21.0.8+9 (21.0.8+9-LTS, mixed mode, sharing, tiered, compressed oops, compressed class ptrs, parallel gc, windows-amd64)
# Problematic frame:
# V  [jvm.dll+0x71de22]
#
# No core dump will be written. Minidumps are not enabled by default on client versions of Windows
#
# If you would like to submit a bug report, please visit:
#   https://github.com/adoptium/adoptium-support/issues
#

---------------  S U M M A R Y ------------

Command Line: --add-modules=ALL-SYSTEM --add-opens=java.base/java.util=ALL-UNNAMED --add-opens=java.base/java.lang=ALL-UNNAMED --add-opens=java.base/sun.nio.fs=ALL-UNNAMED -Declipse.application=org.eclipse.jdt.ls.core.id1 -Dosgi.bundles.defaultStartLevel=4 -Declipse.product=org.eclipse.jdt.ls.core.product -Djava.import.generatesMetadataFilesAtProjectRoot=false -DDetectVMInstallationsJob.disabled=true -Dfile.encoding=utf8 -XX:+UseParallelGC -XX:GCTimeRatio=4 -XX:AdaptiveSizePolicyWeight=90 -Dsun.zip.disableMemoryMapping=true -Xmx2G -Xms100m -Xlog:disable -javaagent:c:\Users\jcabcas2806\.vscode\extensions\redhat.java-1.46.0-win32-x64\lombok\lombok-1.18.39-4050.jar -XX:+HeapDumpOnOutOfMemoryError -XX:HeapDumpPath=c:\Users\jcabcas2806\AppData\Roaming\Code\User\workspaceStorage\e4eb3a832ffaaf84cd187d06e3b07a6d\redhat.java -Daether.dependencyCollector.impl=bf c:\Users\jcabcas2806\.vscode\extensions\redhat.java-1.46.0-win32-x64\server\plugins\org.eclipse.equinox.launcher_1.7.0.v20250519-0528.jar -configuration c:\Users\jcabcas2806\AppData\Roaming\Code\User\globalStorage\redhat.java\1.46.0\config_win -data c:\Users\jcabcas2806\AppData\Roaming\Code\User\workspaceStorage\e4eb3a832ffaaf84cd187d06e3b07a6d\redhat.java\jdt_ws --pipe=\\.\pipe\lsp-b3df643319a33e2cd94732e301607830-sock

Host: Intel(R) Core(TM) i5-8400 CPU @ 2.80GHz, 6 cores, 15G,  Windows 11 , 64 bit Build 26100 (10.0.26100.6725)
Time: Thu Oct 16 12:00:24 2025 Hora de verano romance elapsed time: 0.616266 seconds (0d 0h 0m 0s)

---------------  T H R E A D  ---------------

Current thread (0x000002a85559b4c0):  JavaThread "C2 CompilerThread0" daemon [_thread_in_native, id=1496, stack(0x000000b9e9700000,0x000000b9e9800000) (1024K)]


Current CompileTask:
C2:616 1044   !   4       java.util.jar.Attributes::read (494 bytes)

Stack: [0x000000b9e9700000,0x000000b9e9800000],  sp=0x000000b9e97fca40,  free space=1010k
Native frames: (J=compiled Java code, j=interpreted, Vv=VM code, C=native code)
V  [jvm.dll+0x71de22]
V  [jvm.dll+0x1e1146]
V  [jvm.dll+0x249022]
V  [jvm.dll+0x2484af]
V  [jvm.dll+0x1c89ee]
V  [jvm.dll+0x257d4d]
V  [jvm.dll+0x2562ea]
V  [jvm.dll+0x3f2d16]
V  [jvm.dll+0x857e6b]
V  [jvm.dll+0x6d0b0d]
C  [ucrtbase.dll+0x37b0]
C  [KERNEL32.DLL+0x2e8d7]
C  [ntdll.dll+0x8c53c]


siginfo: EXCEPTION_ACCESS_VIOLATION (0xc0000005), reading address 0xffffffffffffffff


Registers:
RAX=0x000002a89c0abdc0, RBX=0x0000000000000027, RCX=0x000000b9e97fd2b0, RDX=0x00000000000011cf
RSP=0x000000b9e97fca40, RBP=0x000000b9e97fcb40, RSI=0x000000000000000b, RDI=0x200002a897d63100
R8 =0x0000000000000c8f, R9 =0x000002a89c139a38, R10=0x000000b9e97fe6b0, R11=0x0000000000000008
R12=0x0000000000000003, R13=0x000002a89c139ad0, R14=0x000000b9e97fd1d0, R15=0x000000000000000b
RIP=0x00007ffca56dde22, EFLAGS=0x0000000000010206

XMM[0]=0x000002a897a41c28 0x000002a89c185c00
XMM[1]=0x000002a89c1394e8 0x000002a89c139420
XMM[2]=0x000002a89c139638 0x000002a89c139590
XMM[3]=0x0000000000000000 0x0000000000000000
XMM[4]=0x0000000000000000 0x0000000000000000
XMM[5]=0x000002a897a42c48 0x000002a897a426b0
XMM[6]=0x000002a89c0a6020 0x0000073b00000000
XMM[7]=0x0000000000000000 0x000000b9e97fcf00
XMM[8]=0x0000000000000000 0x4087700000000000
XMM[9]=0x0000000000000000 0x0000000000000000
XMM[10]=0x0000000000000000 0x0000000000000000
XMM[11]=0x0000000000000000 0x0000000000000000
XMM[12]=0x0000000000000000 0x0000000000000000
XMM[13]=0x0000000000000000 0x0000000000000000
XMM[14]=0x0000000000000000 0x0000000000000000
XMM[15]=0x0000000000000000 0x0000000000000000
  MXCSR=0x00001fa0


Register to memory mapping:

RAX=0x000002a89c0abdc0 points into unknown readable memory: 0x000002a897d3d320 | 20 d3 d3 97 a8 02 00 00
RBX=0x0000000000000027 is an unknown value
RCX=0x000000b9e97fd2b0 is pointing into the stack for thread: 0x000002a85559b4c0
RDX=0x00000000000011cf is an unknown value
RSP=0x000000b9e97fca40 is pointing into the stack for thread: 0x000002a85559b4c0
RBP=0x000000b9e97fcb40 is pointing into the stack for thread: 0x000002a85559b4c0
RSI=0x000000000000000b is an unknown value
RDI=0x200002a897d63100 is an unknown value
R8 =0x0000000000000c8f is an unknown value
R9 =0x000002a89c139a38 points into unknown readable memory: 0x000002a89c17f4f8 | f8 f4 17 9c a8 02 00 00
R10=0x000000b9e97fe6b0 is pointing into the stack for thread: 0x000002a85559b4c0
R11=0x0000000000000008 is an unknown value
R12=0x0000000000000003 is an unknown value
R13=0x000002a89c139ad0 points into unknown readable memory: 0x00007ffca59ac110 | 10 c1 9a a5 fc 7f 00 00
R14=0x000000b9e97fd1d0 is pointing into the stack for thread: 0x000002a85559b4c0
R15=0x000000000000000b is an unknown value

Top of Stack: (sp=0x000000b9e97fca40)
0x000000b9e97fca40:   0000000000000027 0000000000000002
0x000000b9e97fca50:   000000b9e97fcb40 000002a800000014
0x000000b9e97fca60:   000002a8555fd2c0 000000b900000001
0x000000b9e97fca70:   000002a800000c6f 000002a89c0a7d00
0x000000b9e97fca80:   000002a89c189500 000000b9e97fcb00
0x000000b9e97fca90:   0000000000000014 0000000900000009
0x000000b9e97fcaa0:   000002a897c96c30 0000073b00000006
0x000000b9e97fcab0:   000002a800000384 000002a89c501ed0
0x000000b9e97fcac0:   000002a800000006 0000000000000000
0x000000b9e97fcad0:   000000000000003a 000002a89c0a4330
0x000000b9e97fcae0:   0000003900000006 000002a89c187490
0x000000b9e97fcaf0:   000002a89c6fc3a0 000002a897caa920
0x000000b9e97fcb00:   0000073b00000000 000002a89c0a6020
0x000000b9e97fcb10:   000000b9e97fcf00 000002a89c727740
0x000000b9e97fcb20:   0000000300000000 000002a89c187660
0x000000b9e97fcb30:   0000000000000218 000002a89c0abbf0
0x000000b9e97fcb40:   0000000000000006 0000073b00000000
0x000000b9e97fcb50:   000002a89c0a6020 000000b9e97fcf00
0x000000b9e97fcb60:   0000073b0000003a 000002a89c0a4330
0x000000b9e97fcb70:   000000b9e97fcf00 000002a89c0a9a00
0x000000b9e97fcb80:   0000000f00000c4a 000002a89c0aaaf8
0x000000b9e97fcb90:   000002a89c0a7d10 000002a89c139ad0
0x000000b9e97fcba0:   000002a897d3d2e0 000002a89c0abdc0
0x000000b9e97fcbb0:   000002a897d3d2a0 0000000000000000
0x000000b9e97fcbc0:   000002a897c607a0 00000000000003d8
0x000000b9e97fcbd0:   000002a897c607b0 000002a897c60b88
0x000000b9e97fcbe0:   200002a897d63100 000002a89c25ef10
0x000000b9e97fcbf0:   000000b9e97fcf00 000002a897c607a0
0x000000b9e97fcc00:   000002a897c607b0 000002a897c60b88
0x000000b9e97fcc10:   00000000000003d8 000000b9e97fcc20
0x000000b9e97fcc20:   000300030ffffcff 0003000300030003
0x000000b9e97fcc30:   0003000300030003 0003000300030003 

Instructions: (pc=0x00007ffca56dde22)
0x00007ffca56ddd22:   83 c6 08 45 3b d5 72 97 44 8b 65 e4 4c 8b 95 20
0x00007ffca56ddd32:   02 00 00 41 ff c4 44 89 65 e4 49 8b 52 48 44 3b
0x00007ffca56ddd42:   62 40 0f 82 36 e3 ff ff 48 8b 7d 70 8b de 83 7f
0x00007ffca56ddd52:   18 00 76 3b 66 66 0f 1f 84 00 00 00 00 00 48 8b
0x00007ffca56ddd62:   47 10 44 8b 85 28 02 00 00 8b cb 48 8b 14 c8 41
0x00007ffca56ddd72:   8d 40 01 49 8b ca 89 85 28 02 00 00 e8 1d 62 ac
0x00007ffca56ddd82:   ff 4c 8b 95 20 02 00 00 ff c3 3b 5f 18 72 cf 8b
0x00007ffca56ddd92:   85 28 02 00 00 48 8b 55 60 89 45 40 8b c6 89 45
0x00007ffca56ddda2:   a4 83 7a 18 00 0f 86 48 05 00 00 4c 8b b5 20 02
0x00007ffca56dddb2:   00 00 0f 1f 40 00 0f 1f 84 00 00 00 00 00 44 8b
0x00007ffca56dddc2:   85 28 02 00 00 8b c8 48 8b 42 10 4c 8b 2c c8 49
0x00007ffca56dddd2:   8b 46 48 4c 89 6d 58 41 8b 55 28 48 8b 48 78 49
0x00007ffca56ddde2:   8b 86 08 01 00 00 48 8b 3c d1 48 63 ca 49 8b d5
0x00007ffca56dddf2:   48 89 bd a0 00 00 00 8b 1c 88 49 8b ce 48 8b 45
0x00007ffca56dde02:   50 8b 34 98 41 8d 40 01 89 85 28 02 00 00 89 b5
0x00007ffca56dde12:   38 02 00 00 e8 85 61 ac ff 48 8b 45 68 44 8b fe
0x00007ffca56dde22:   8b 4f 4c 48 89 75 00 4c 8b 04 f0 8b c1 c1 e8 05
0x00007ffca56dde32:   33 f6 41 3b 00 0f 82 9a 01 00 00 8b d6 e9 a7 01
0x00007ffca56dde42:   00 00 48 8b 8b 68 01 00 00 48 8d 15 e6 61 37 00
0x00007ffca56dde52:   45 33 c0 e8 d6 d7 ac ff 48 8d 15 d7 61 37 00 48
0x00007ffca56dde62:   8b cb e8 17 57 b3 ff f6 45 18 01 0f 84 ab 00 00
0x00007ffca56dde72:   00 83 7d 0c 00 0f 84 a1 00 00 00 48 8b 4d 10 e9
0x00007ffca56dde82:   8e 00 00 00 f6 45 18 01 0f 84 0a 01 00 00 66 0f
0x00007ffca56dde92:   6f c6 66 0f 73 d8 04 66 0f 7e c0 85 c0 0f 84 f5
0x00007ffca56ddea2:   00 00 00 66 0f 73 de 08 66 48 0f 7e f1 e9 dc 00
0x00007ffca56ddeb2:   00 00 f6 45 18 01 74 25 66 0f 6f c6 66 0f 73 d8
0x00007ffca56ddec2:   04 66 0f 7e c0 85 c0 74 14 66 0f 73 de 08 66 48
0x00007ffca56dded2:   0f 7e f1 48 85 c9 74 05 e8 31 35 c8 ff f6 45 30
0x00007ffca56ddee2:   01 0f 84 cf 00 00 00 44 39 7c 24 6c e9 b2 00 00
0x00007ffca56ddef2:   00 f6 45 18 01 74 25 66 0f 6f c6 66 0f 73 d8 04
0x00007ffca56ddf02:   66 0f 7e c0 85 c0 74 14 66 0f 73 de 08 66 48 0f
0x00007ffca56ddf12:   7e f1 48 85 c9 74 05 e8 f2 34 c8 ff f6 45 30 01 


Stack slot to memory mapping:

stack at sp + 0 slots: 0x0000000000000027 is an unknown value
stack at sp + 1 slots: 0x0000000000000002 is an unknown value
stack at sp + 2 slots: 0x000000b9e97fcb40 is pointing into the stack for thread: 0x000002a85559b4c0
stack at sp + 3 slots: 0x000002a800000014 is an unknown value
stack at sp + 4 slots: 0x000002a8555fd2c0 points into unknown readable memory: 0x00007ffca59ac110 | 10 c1 9a a5 fc 7f 00 00
stack at sp + 5 slots: 0x000000b900000001 is an unknown value
stack at sp + 6 slots: 0x000002a800000c6f is an unknown value
stack at sp + 7 slots: 0x000002a89c0a7d00 points into unknown readable memory: 0x0000000000000000 | 00 00 00 00 00 00 00 00


---------------  P R O C E S S  ---------------

Threads class SMR info:
_java_thread_list=0x000002a897c655d0, length=12, elements={
0x000002a83ca291a0, 0x000002a83e558f80, 0x000002a83e55bac0, 0x000002a855581fd0,
0x000002a855582ae0, 0x000002a855584bf0, 0x000002a85558b0f0, 0x000002a85559b4c0,
0x000002a85559dc80, 0x000002a897a5da90, 0x000002a897b6ead0, 0x000002a897c6fd70
}

Java Threads: ( => current thread )
  0x000002a83ca291a0 JavaThread "main"                              [_thread_in_native, id=9468, stack(0x000000b9e8d00000,0x000000b9e8e00000) (1024K)]
  0x000002a83e558f80 JavaThread "Reference Handler"          daemon [_thread_blocked, id=6452, stack(0x000000b9e9100000,0x000000b9e9200000) (1024K)]
  0x000002a83e55bac0 JavaThread "Finalizer"                  daemon [_thread_blocked, id=15400, stack(0x000000b9e9200000,0x000000b9e9300000) (1024K)]
  0x000002a855581fd0 JavaThread "Signal Dispatcher"          daemon [_thread_blocked, id=16276, stack(0x000000b9e9300000,0x000000b9e9400000) (1024K)]
  0x000002a855582ae0 JavaThread "Attach Listener"            daemon [_thread_blocked, id=14504, stack(0x000000b9e9400000,0x000000b9e9500000) (1024K)]
  0x000002a855584bf0 JavaThread "Service Thread"             daemon [_thread_blocked, id=1408, stack(0x000000b9e9500000,0x000000b9e9600000) (1024K)]
  0x000002a85558b0f0 JavaThread "Monitor Deflation Thread"   daemon [_thread_blocked, id=7784, stack(0x000000b9e9600000,0x000000b9e9700000) (1024K)]
=>0x000002a85559b4c0 JavaThread "C2 CompilerThread0"         daemon [_thread_in_native, id=1496, stack(0x000000b9e9700000,0x000000b9e9800000) (1024K)]
  0x000002a85559dc80 JavaThread "C1 CompilerThread0"         daemon [_thread_blocked, id=1608, stack(0x000000b9e9800000,0x000000b9e9900000) (1024K)]
  0x000002a897a5da90 JavaThread "Common-Cleaner"             daemon [_thread_blocked, id=8148, stack(0x000000b9e9900000,0x000000b9e9a00000) (1024K)]
  0x000002a897b6ead0 JavaThread "C2 CompilerThread1"         daemon [_thread_blocked, id=9212, stack(0x000000b9e9a00000,0x000000b9e9b00000) (1024K)]
  0x000002a897c6fd70 JavaThread "Notification Thread"        daemon [_thread_blocked, id=5188, stack(0x000000b9e9b00000,0x000000b9e9c00000) (1024K)]
Total: 12

Other Threads:
  0x000002a83e53eb10 VMThread "VM Thread"                           [id=15476, stack(0x000000b9e9000000,0x000000b9e9100000) (1024K)]
  0x000002a8554dca00 WatcherThread "VM Periodic Task Thread"        [id=12832, stack(0x000000b9e8f00000,0x000000b9e9000000) (1024K)]
  0x000002a83e4bb4f0 WorkerThread "GC Thread#0"                     [id=16780, stack(0x000000b9e8e00000,0x000000b9e8f00000) (1024K)]
  0x000002a89c442ba0 WorkerThread "GC Thread#1"                     [id=7708, stack(0x000000b9e9c00000,0x000000b9e9d00000) (1024K)]
  0x000002a89c5ce610 WorkerThread "GC Thread#2"                     [id=9872, stack(0x000000b9e9d00000,0x000000b9e9e00000) (1024K)]
  0x000002a89c5ce9b0 WorkerThread "GC Thread#3"                     [id=13772, stack(0x000000b9e9e00000,0x000000b9e9f00000) (1024K)]
  0x000002a89c5ced50 WorkerThread "GC Thread#4"                     [id=8700, stack(0x000000b9e9f00000,0x000000b9ea000000) (1024K)]
  0x000002a89c5d32c0 WorkerThread "GC Thread#5"                     [id=696, stack(0x000000b9ea000000,0x000000b9ea100000) (1024K)]
Total: 8

Threads with active compile tasks:
C2 CompilerThread0  675 1044   !   4       java.util.jar.Attributes::read (494 bytes)
C1 CompilerThread0  675 1202       3       java.lang.reflect.AccessibleObject::checkAccess (40 bytes)
Total: 2

VM state: not at safepoint (normal execution)

VM Mutex/Monitor currently owned by a thread: None

Heap address: 0x0000000080000000, size: 2048 MB, Compressed Oops mode: 32-bit

CDS archive(s) mapped at: [0x000002a856000000-0x000002a856ba0000-0x000002a856ba0000), size 12189696, SharedBaseAddress: 0x000002a856000000, ArchiveRelocationMode: 1.
Compressed class space mapped at: 0x000002a857000000-0x000002a897000000, reserved size: 1073741824
Narrow klass base: 0x000002a856000000, Narrow klass shift: 0, Narrow klass range: 0x100000000

GC Precious Log:
 CardTable entry size: 512
 CPUs: 6 total, 6 available
 Memory: 16158M
 Large Page Support: Disabled
 NUMA Support: Disabled
 Compressed Oops: Enabled (32-bit)
 Alignments: Space 512K, Generation 512K, Heap 2M
 Heap Min Capacity: 100M
 Heap Initial Capacity: 100M
 Heap Max Capacity: 2G
 Pre-touch: Disabled
 Parallel Workers: 6

Heap:
 PSYoungGen      total 29696K, used 7353K [0x00000000d5580000, 0x00000000d7680000, 0x0000000100000000)
  eden space 25600K, 15% used [0x00000000d5580000,0x00000000d5968630,0x00000000d6e80000)
  from space 4096K, 81% used [0x00000000d6e80000,0x00000000d71c5e28,0x00000000d7280000)
  to   space 4096K, 0% used [0x00000000d7280000,0x00000000d7280000,0x00000000d7680000)
 ParOldGen       total 68608K, used 16K [0x0000000080000000, 0x0000000084300000, 0x00000000d5580000)
  object space 68608K, 0% used [0x0000000080000000,0x0000000080004000,0x0000000084300000)
 Metaspace       used 5221K, committed 5376K, reserved 1114112K
  class space    used 559K, committed 640K, reserved 1048576K

Card table byte_map: [0x000002a850940000,0x000002a850d50000] _byte_map_base: 0x000002a850540000

Marking Bits: (ParMarkBitMap*) 0x00007ffca5c7a340
 Begin Bits: [0x000002a851000000, 0x000002a853000000)
 End Bits:   [0x000002a853000000, 0x000002a855000000)

Polling page: 0x000002a83cc80000

Metaspace:

Usage:
  Non-class:      4.55 MB used.
      Class:    559.37 KB used.
       Both:      5.10 MB used.

Virtual space:
  Non-class space:       64.00 MB reserved,       4.62 MB (  7%) committed,  1 nodes.
      Class space:        1.00 GB reserved,     640.00 KB ( <1%) committed,  1 nodes.
             Both:        1.06 GB reserved,       5.25 MB ( <1%) committed. 

Chunk freelists:
   Non-Class:  10.62 MB
       Class:  15.38 MB
        Both:  26.00 MB

MaxMetaspaceSize: unlimited
CompressedClassSpaceSize: 1.00 GB
Initial GC threshold: 21.00 MB
Current GC threshold: 21.00 MB
CDS: on
 - commit_granule_bytes: 65536.
 - commit_granule_words: 8192.
 - virtual_space_node_default_size: 8388608.
 - enlarge_chunks_in_place: 1.
 - use_allocation_guard: 0.


Internal statistics:

num_allocs_failed_limit: 0.
num_arena_births: 188.
num_arena_deaths: 0.
num_vsnodes_births: 2.
num_vsnodes_deaths: 0.
num_space_committed: 84.
num_space_uncommitted: 0.
num_chunks_returned_to_freelist: 0.
num_chunks_taken_from_freelist: 279.
num_chunk_merges: 0.
num_chunk_splits: 177.
num_chunks_enlarged: 111.
num_inconsistent_stats: 0.

CodeHeap 'non-profiled nmethods': size=120000Kb used=457Kb max_used=457Kb free=119542Kb
 bounds [0x000002a849230000, 0x000002a8494a0000, 0x000002a850760000]
CodeHeap 'profiled nmethods': size=120000Kb used=1963Kb max_used=1963Kb free=118036Kb
 bounds [0x000002a841760000, 0x000002a8419d0000, 0x000002a848c90000]
CodeHeap 'non-nmethods': size=5760Kb used=1201Kb max_used=1218Kb free=4558Kb
 bounds [0x000002a848c90000, 0x000002a848f00000, 0x000002a849230000]
CodeCache: size=245760Kb, used=3621Kb, max_used=3638Kb, free=242136Kb
 total_blobs=1664, nmethods=1201, adapters=370, full_count=0
Compilation: enabled, stopped_count=0, restarted_count=0

Compilation events (20 events):
Event: 0.606 Thread 0x000002a85559dc80 nmethod 1110 0x000002a841915c10 code [0x000002a841915de0, 0x000002a841916028]
Event: 0.606 Thread 0x000002a85559dc80 1113   !   3       java.util.zip.Inflater::inflate (456 bytes)
Event: 0.606 Thread 0x000002a897b6ead0 nmethod 1111 0x000002a84929c890 code [0x000002a84929ca00, 0x000002a84929cae0]
Event: 0.608 Thread 0x000002a85559dc80 nmethod 1113 0x000002a841916110 code [0x000002a841916500, 0x000002a8419183a0]
Event: 0.608 Thread 0x000002a85559dc80 1114       3       jdk.internal.loader.ClassLoaders$BootClassLoader::loadClassOrNull (10 bytes)
Event: 0.608 Thread 0x000002a85559dc80 nmethod 1114 0x000002a841919410 code [0x000002a8419195e0, 0x000002a841919870]
Event: 0.608 Thread 0x000002a85559dc80 1115       3       java.util.jar.JarFile::maybeInstantiateVerifier (42 bytes)
Event: 0.608 Thread 0x000002a85559dc80 nmethod 1115 0x000002a841919990 code [0x000002a841919b60, 0x000002a841919ed8]
Event: 0.608 Thread 0x000002a85559dc80 1116       3       java.util.jar.JarVerifier::update (43 bytes)
Event: 0.608 Thread 0x000002a85559dc80 nmethod 1116 0x000002a84191a010 code [0x000002a84191a200, 0x000002a84191a548]
Event: 0.608 Thread 0x000002a85559dc80 1117       3       java.util.zip.ZipFile$Source::getEntryPos (164 bytes)
Event: 0.609 Thread 0x000002a85559dc80 nmethod 1117 0x000002a84191a690 code [0x000002a84191a8e0, 0x000002a84191b1b8]
Event: 0.609 Thread 0x000002a85559dc80 1118       3       jdk.internal.ref.PhantomCleanable::<init> (49 bytes)
Event: 0.609 Thread 0x000002a85559dc80 nmethod 1118 0x000002a84191b690 code [0x000002a84191b8e0, 0x000002a84191c2b0]
Event: 0.609 Thread 0x000002a85559dc80 1119  s    3       jdk.internal.perf.PerfCounter::add (18 bytes)
Event: 0.610 Thread 0x000002a85559dc80 nmethod 1119 0x000002a84191c610 code [0x000002a84191c7e0, 0x000002a84191cbe0]
Event: 0.611 Thread 0x000002a85559dc80 1120       3       java.util.zip.ZipCoder::hash (36 bytes)
Event: 0.611 Thread 0x000002a85559dc80 nmethod 1120 0x000002a84191ce10 code [0x000002a84191d020, 0x000002a84191d728]
Event: 0.611 Thread 0x000002a85559dc80 1121   !   3       java.util.zip.ZipFile::getEntry (59 bytes)
Event: 0.612 Thread 0x000002a85559dc80 nmethod 1121 0x000002a84191da90 code [0x000002a84191dc80, 0x000002a84191e100]

GC Heap History (2 events):
Event: 0.584 GC heap before
{Heap before GC invocations=1 (full 0):
 PSYoungGen      total 29696K, used 25600K [0x00000000d5580000, 0x00000000d7680000, 0x0000000100000000)
  eden space 25600K, 100% used [0x00000000d5580000,0x00000000d6e80000,0x00000000d6e80000)
  from space 4096K, 0% used [0x00000000d7280000,0x00000000d7280000,0x00000000d7680000)
  to   space 4096K, 0% used [0x00000000d6e80000,0x00000000d6e80000,0x00000000d7280000)
 ParOldGen       total 68608K, used 0K [0x0000000080000000, 0x0000000084300000, 0x00000000d5580000)
  object space 68608K, 0% used [0x0000000080000000,0x0000000080000000,0x0000000084300000)
 Metaspace       used 4300K, committed 4544K, reserved 1114112K
  class space    used 470K, committed 576K, reserved 1048576K
}
Event: 0.588 GC heap after
{Heap after GC invocations=1 (full 0):
 PSYoungGen      total 29696K, used 3351K [0x00000000d5580000, 0x00000000d7680000, 0x0000000100000000)
  eden space 25600K, 0% used [0x00000000d5580000,0x00000000d5580000,0x00000000d6e80000)
  from space 4096K, 81% used [0x00000000d6e80000,0x00000000d71c5e28,0x00000000d7280000)
  to   space 4096K, 0% used [0x00000000d7280000,0x00000000d7280000,0x00000000d7680000)
 ParOldGen       total 68608K, used 16K [0x0000000080000000, 0x0000000084300000, 0x00000000d5580000)
  object space 68608K, 0% used [0x0000000080000000,0x0000000080004000,0x0000000084300000)
 Metaspace       used 4300K, committed 4544K, reserved 1114112K
  class space    used 470K, committed 576K, reserved 1048576K
}

Dll operation events (8 events):
Event: 0.008 Loaded shared library c:\Users\jcabcas2806\.vscode\extensions\redhat.java-1.46.0-win32-x64\jre\21.0.8-win32-x86_64\bin\java.dll
Event: 0.055 Loaded shared library c:\Users\jcabcas2806\.vscode\extensions\redhat.java-1.46.0-win32-x64\jre\21.0.8-win32-x86_64\bin\zip.dll
Event: 0.070 Loaded shared library C:\Users\jcabcas2806\.vscode\extensions\redhat.java-1.46.0-win32-x64\jre\21.0.8-win32-x86_64\bin\instrument.dll
Event: 0.074 Loaded shared library C:\Users\jcabcas2806\.vscode\extensions\redhat.java-1.46.0-win32-x64\jre\21.0.8-win32-x86_64\bin\net.dll
Event: 0.075 Loaded shared library C:\Users\jcabcas2806\.vscode\extensions\redhat.java-1.46.0-win32-x64\jre\21.0.8-win32-x86_64\bin\nio.dll
Event: 0.078 Loaded shared library C:\Users\jcabcas2806\.vscode\extensions\redhat.java-1.46.0-win32-x64\jre\21.0.8-win32-x86_64\bin\zip.dll
Event: 0.093 Loaded shared library C:\Users\jcabcas2806\.vscode\extensions\redhat.java-1.46.0-win32-x64\jre\21.0.8-win32-x86_64\bin\jimage.dll
Event: 0.145 Loaded shared library c:\Users\jcabcas2806\.vscode\extensions\redhat.java-1.46.0-win32-x64\jre\21.0.8-win32-x86_64\bin\verify.dll

Deoptimization events (20 events):
Event: 0.558 Thread 0x000002a83ca291a0 DEOPT PACKING pc=0x000002a8418ceab1 sp=0x000000b9e8dfe1e0
Event: 0.558 Thread 0x000002a83ca291a0 DEOPT UNPACKING pc=0x000002a848ce4242 sp=0x000000b9e8dfd658 mode 0
Event: 0.558 Thread 0x000002a83ca291a0 DEOPT PACKING pc=0x000002a8418ceab1 sp=0x000000b9e8dfe1e0
Event: 0.558 Thread 0x000002a83ca291a0 DEOPT UNPACKING pc=0x000002a848ce4242 sp=0x000000b9e8dfd658 mode 0
Event: 0.558 Thread 0x000002a83ca291a0 DEOPT PACKING pc=0x000002a8418ceab1 sp=0x000000b9e8dfe1e0
Event: 0.558 Thread 0x000002a83ca291a0 DEOPT UNPACKING pc=0x000002a848ce4242 sp=0x000000b9e8dfd658 mode 0
Event: 0.558 Thread 0x000002a83ca291a0 DEOPT PACKING pc=0x000002a8418ceab1 sp=0x000000b9e8dfe1e0
Event: 0.558 Thread 0x000002a83ca291a0 DEOPT UNPACKING pc=0x000002a848ce4242 sp=0x000000b9e8dfd658 mode 0
Event: 0.601 Thread 0x000002a83ca291a0 Uncommon trap: trap_request=0xffffffde fr.pc=0x000002a84927d0d4 relative=0x00000000000005b4
Event: 0.601 Thread 0x000002a83ca291a0 Uncommon trap: reason=class_check action=maybe_recompile pc=0x000002a84927d0d4 method=java.util.Collections$UnmodifiableCollection$1.<init>(Ljava/util/Collections$UnmodifiableCollection;)V @ 17 c2
Event: 0.601 Thread 0x000002a83ca291a0 DEOPT PACKING pc=0x000002a84927d0d4 sp=0x000000b9e8dfedf0
Event: 0.601 Thread 0x000002a83ca291a0 DEOPT UNPACKING pc=0x000002a848ce3aa2 sp=0x000000b9e8dfed38 mode 2
Event: 0.601 Thread 0x000002a83ca291a0 Uncommon trap: trap_request=0xffffffc6 fr.pc=0x000002a849269504 relative=0x00000000000002c4
Event: 0.601 Thread 0x000002a83ca291a0 Uncommon trap: reason=bimorphic_or_optimized_type_check action=maybe_recompile pc=0x000002a849269504 method=java.util.Collections$UnmodifiableCollection$1.next()Ljava/lang/Object; @ 4 c2
Event: 0.601 Thread 0x000002a83ca291a0 DEOPT PACKING pc=0x000002a849269504 sp=0x000000b9e8dfee00
Event: 0.601 Thread 0x000002a83ca291a0 DEOPT UNPACKING pc=0x000002a848ce3aa2 sp=0x000000b9e8dfedb0 mode 2
Event: 0.601 Thread 0x000002a83ca291a0 Uncommon trap: trap_request=0xffffffc6 fr.pc=0x000002a849269504 relative=0x00000000000002c4
Event: 0.601 Thread 0x000002a83ca291a0 Uncommon trap: reason=bimorphic_or_optimized_type_check action=maybe_recompile pc=0x000002a849269504 method=java.util.Collections$UnmodifiableCollection$1.next()Ljava/lang/Object; @ 4 c2
Event: 0.601 Thread 0x000002a83ca291a0 DEOPT PACKING pc=0x000002a849269504 sp=0x000000b9e8dfee00
Event: 0.601 Thread 0x000002a83ca291a0 DEOPT UNPACKING pc=0x000002a848ce3aa2 sp=0x000000b9e8dfedb0 mode 2

Classes loaded (20 events):
Event: 0.563 Loading class sun/util/logging/PlatformLogger$Level
Event: 0.563 Loading class sun/util/logging/PlatformLogger$Level done
Event: 0.569 Loading class java/io/BufferedReader
Event: 0.569 Loading class java/io/BufferedReader done
Event: 0.569 Loading class sun/nio/cs/StreamDecoder
Event: 0.570 Loading class sun/nio/cs/StreamDecoder done
Event: 0.570 Loading class sun/nio/cs/UTF_8$Decoder
Event: 0.570 Loading class sun/nio/cs/UTF_8$Decoder done
Event: 0.583 Loading class java/util/UUID
Event: 0.583 Loading class java/util/UUID done
Event: 0.583 Loading class java/util/concurrent/atomic/AtomicBoolean
Event: 0.583 Loading class java/util/concurrent/atomic/AtomicBoolean done
Event: 0.584 Loading class java/lang/invoke/VarHandleInts$FieldInstanceReadWrite
Event: 0.589 Loading class java/lang/invoke/VarHandleInts$FieldInstanceReadOnly
Event: 0.589 Loading class java/lang/invoke/VarHandleInts$FieldInstanceReadOnly done
Event: 0.589 Loading class java/lang/invoke/VarHandleInts$FieldInstanceReadWrite done
Event: 0.597 Loading class java/nio/file/FileVisitor
Event: 0.597 Loading class java/nio/file/FileVisitor done
Event: 0.607 Loading class java/io/StringWriter
Event: 0.607 Loading class java/io/StringWriter done

Classes unloaded (0 events):
No events

Classes redefined (0 events):
No events

Internal exceptions (20 events):
Event: 0.163 Thread 0x000002a83ca291a0 Exception <a 'java/lang/NoSuchMethodError'{0x00000000d5bd2ee8}: 'void java.lang.invoke.DelegatingMethodHandle$Holder.reinvoke_L(java.lang.Object, java.lang.Object, java.lang.Object, int)'> (0x00000000d5bd2ee8) 
thrown [s\src\hotspot\share\interpreter\linkResolver.cpp, line 773]
Event: 0.286 Thread 0x000002a83ca291a0 Exception <a 'java/lang/NoSuchMethodError'{0x00000000d605feb8}: 'void java.lang.invoke.DirectMethodHandle$Holder.invokeVirtual(java.lang.Object, java.lang.Object)'> (0x00000000d605feb8) 
thrown [s\src\hotspot\share\interpreter\linkResolver.cpp, line 773]
Event: 0.395 Thread 0x000002a83ca291a0 Exception <a 'java/lang/NoSuchMethodError'{0x00000000d6443d80}: 'void java.lang.invoke.DirectMethodHandle$Holder.invokeStatic(java.lang.Object, java.lang.Object)'> (0x00000000d6443d80) 
thrown [s\src\hotspot\share\interpreter\linkResolver.cpp, line 773]
Event: 0.399 Thread 0x000002a83ca291a0 Exception <a 'java/lang/ClassNotFoundException'{0x00000000d646bf00}: sun/net/www/protocol/c/Handler> (0x00000000d646bf00) 
thrown [s\src\hotspot\share\classfile\systemDictionary.cpp, line 312]
Event: 0.412 Thread 0x000002a83ca291a0 Exception <a 'java/io/FileNotFoundException'{0x00000000d64c9d20}> (0x00000000d64c9d20) 
thrown [s\src\hotspot\share\prims\jni.cpp, line 520]
Event: 0.412 Thread 0x000002a83ca291a0 Exception <a 'java/io/FileNotFoundException'{0x00000000d64cb100}> (0x00000000d64cb100) 
thrown [s\src\hotspot\share\prims\jni.cpp, line 520]
Event: 0.412 Thread 0x000002a83ca291a0 Exception <a 'java/io/FileNotFoundException'{0x00000000d64cbde8}> (0x00000000d64cbde8) 
thrown [s\src\hotspot\share\prims\jni.cpp, line 520]
Event: 0.412 Thread 0x000002a83ca291a0 Exception <a 'java/io/FileNotFoundException'{0x00000000d64cc998}> (0x00000000d64cc998) 
thrown [s\src\hotspot\share\prims\jni.cpp, line 520]
Event: 0.417 Thread 0x000002a83ca291a0 Implicit null exception at 0x000002a84925daa4 to 0x000002a84925e04c
Event: 0.417 Thread 0x000002a83ca291a0 Implicit null exception at 0x000002a84925ea20 to 0x000002a84925efc0
Event: 0.420 Thread 0x000002a83ca291a0 Exception <a 'java/io/FileNotFoundException'{0x00000000d6506bb8}> (0x00000000d6506bb8) 
thrown [s\src\hotspot\share\prims\jni.cpp, line 520]
Event: 0.430 Thread 0x000002a83ca291a0 Exception <a 'java/lang/NoSuchMethodError'{0x00000000d65431d0}: 'java.lang.Object java.lang.invoke.DirectMethodHandle$Holder.invokeInterface(java.lang.Object, java.lang.Object)'> (0x00000000d65431d0) 
thrown [s\src\hotspot\share\interpreter\linkResolver.cpp, line 773]
Event: 0.435 Thread 0x000002a83ca291a0 Exception <a 'java/lang/NoSuchMethodError'{0x00000000d6556ce8}: 'java.lang.Object java.lang.invoke.Invokers$Holder.invokeExact_MT(java.lang.Object, java.lang.Object, java.lang.Object, java.lang.Object, java.lang.Object, java.lang.Object)'> (0x00000000d6556ce8) 
thrown [s\src\hotspot\share\interpreter\linkResolver.cpp, line 773]
Event: 0.439 Thread 0x000002a83ca291a0 Exception <a 'java/lang/NoSuchMethodError'{0x00000000d656df40}: 'int java.lang.invoke.DirectMethodHandle$Holder.invokeStatic(java.lang.Object, java.lang.Object, java.lang.Object, java.lang.Object, java.lang.Object)'> (0x00000000d656df40) 
thrown [s\src\hotspot\share\interpreter\linkResolver.cpp, line 773]
Event: 0.459 Thread 0x000002a83ca291a0 Exception <a 'java/lang/NoSuchMethodError'{0x00000000d6602ac0}: 'java.lang.Object java.lang.invoke.DirectMethodHandle$Holder.invokeInterface(java.lang.Object, java.lang.Object, int)'> (0x00000000d6602ac0) 
thrown [s\src\hotspot\share\interpreter\linkResolver.cpp, line 773]
Event: 0.542 Thread 0x000002a83ca291a0 Exception <a 'java/lang/NoSuchMethodError'{0x00000000d6a89348}: 'java.lang.ClassLoader java.lang.ClassLoader.getPlatformClassLoader(java.lang.Class)'> (0x00000000d6a89348) 
thrown [s\src\hotspot\share\interpreter\linkResolver.cpp, line 773]
Event: 0.595 Thread 0x000002a83ca291a0 Exception <a 'java/lang/ClassNotFoundException'{0x00000000d55a3838}: sun/net/www/protocol/c/Handler> (0x00000000d55a3838) 
thrown [s\src\hotspot\share\classfile\systemDictionary.cpp, line 312]
Event: 0.595 Thread 0x000002a83ca291a0 Exception <a 'java/lang/ClassNotFoundException'{0x00000000d55a4c30}: sun/net/www/protocol/c/Handler> (0x00000000d55a4c30) 
thrown [s\src\hotspot\share\classfile\systemDictionary.cpp, line 312]
Event: 0.595 Thread 0x000002a83ca291a0 Exception <a 'java/lang/ClassNotFoundException'{0x00000000d55a5e70}: sun/net/www/protocol/c/Handler> (0x00000000d55a5e70) 
thrown [s\src\hotspot\share\classfile\systemDictionary.cpp, line 312]
Event: 0.601 Thread 0x000002a83ca291a0 Exception <a 'java/io/FileNotFoundException'{0x00000000d55ce818}> (0x00000000d55ce818) 
thrown [s\src\hotspot\share\prims\jni.cpp, line 520]

ZGC Phase Switch (0 events):
No events

VM Operations (10 events):
Event: 0.054 Executing VM operation: HandshakeAllThreads (Deoptimize)
Event: 0.054 Executing VM operation: HandshakeAllThreads (Deoptimize) done
Event: 0.102 Executing VM operation: HandshakeAllThreads (Deoptimize)
Event: 0.102 Executing VM operation: HandshakeAllThreads (Deoptimize) done
Event: 0.378 Executing VM operation: HandshakeAllThreads (Deoptimize)
Event: 0.378 Executing VM operation: HandshakeAllThreads (Deoptimize) done
Event: 0.392 Executing VM operation: HandshakeAllThreads (Deoptimize)
Event: 0.392 Executing VM operation: HandshakeAllThreads (Deoptimize) done
Event: 0.584 Executing VM operation: ParallelGCFailedAllocation (Allocation Failure)
Event: 0.588 Executing VM operation: ParallelGCFailedAllocation (Allocation Failure) done

Memory protections (0 events):
No events

Nmethod flushes (0 events):
No events

Events (12 events):
Event: 0.018 Thread 0x000002a83ca291a0 Thread added: 0x000002a83ca291a0
Event: 0.029 Thread 0x000002a83ca291a0 Thread added: 0x000002a83e558f80
Event: 0.029 Thread 0x000002a83ca291a0 Thread added: 0x000002a83e55bac0
Event: 0.029 Thread 0x000002a83ca291a0 Thread added: 0x000002a855581fd0
Event: 0.029 Thread 0x000002a83ca291a0 Thread added: 0x000002a855582ae0
Event: 0.029 Thread 0x000002a83ca291a0 Thread added: 0x000002a855584bf0
Event: 0.029 Thread 0x000002a83ca291a0 Thread added: 0x000002a85558b0f0
Event: 0.030 Thread 0x000002a83ca291a0 Thread added: 0x000002a85559b4c0
Event: 0.030 Thread 0x000002a83ca291a0 Thread added: 0x000002a85559dc80
Event: 0.046 Thread 0x000002a83ca291a0 Thread added: 0x000002a897a5da90
Event: 0.140 Thread 0x000002a85559dc80 Thread added: 0x000002a897b6ead0
Event: 0.225 Thread 0x000002a83ca291a0 Thread added: 0x000002a897c6fd70


Dynamic libraries:
0x00007ff784250000 - 0x00007ff78425e000 	c:\Users\jcabcas2806\.vscode\extensions\redhat.java-1.46.0-win32-x64\jre\21.0.8-win32-x86_64\bin\java.exe
0x00007ffd2c920000 - 0x00007ffd2cb88000 	C:\WINDOWS\SYSTEM32\ntdll.dll
0x00007ffd2c4a0000 - 0x00007ffd2c569000 	C:\WINDOWS\System32\KERNEL32.DLL
0x00007ffd2a0a0000 - 0x00007ffd2a492000 	C:\WINDOWS\System32\KERNELBASE.dll
0x00007ffd29ab0000 - 0x00007ffd29bfb000 	C:\WINDOWS\System32\ucrtbase.dll
0x00007ffd0b210000 - 0x00007ffd0b228000 	c:\Users\jcabcas2806\.vscode\extensions\redhat.java-1.46.0-win32-x64\jre\21.0.8-win32-x86_64\bin\jli.dll
0x00007ffd2c6e0000 - 0x00007ffd2c8a5000 	C:\WINDOWS\System32\USER32.dll
0x00007ffd2a620000 - 0x00007ffd2a647000 	C:\WINDOWS\System32\win32u.dll
0x00007ffd2bba0000 - 0x00007ffd2bbcb000 	C:\WINDOWS\System32\GDI32.dll
0x00007ffd0b1b0000 - 0x00007ffd0b1ce000 	c:\Users\jcabcas2806\.vscode\extensions\redhat.java-1.46.0-win32-x64\jre\21.0.8-win32-x86_64\bin\VCRUNTIME140.dll
0x00007ffd29cb0000 - 0x00007ffd29ddd000 	C:\WINDOWS\System32\gdi32full.dll
0x00007ffd29c00000 - 0x00007ffd29ca3000 	C:\WINDOWS\System32\msvcp_win.dll
0x00007ffcf34c0000 - 0x00007ffcf3753000 	C:\WINDOWS\WinSxS\amd64_microsoft.windows.common-controls_6595b64144ccf1df_6.0.26100.6899_none_3e0efeeae32e88c1\COMCTL32.dll
0x00007ffd2c150000 - 0x00007ffd2c1f9000 	C:\WINDOWS\System32\msvcrt.dll
0x00007ffd2b5c0000 - 0x00007ffd2b5ef000 	C:\WINDOWS\System32\IMM32.DLL
0x00007ffd0b1a0000 - 0x00007ffd0b1ac000 	c:\Users\jcabcas2806\.vscode\extensions\redhat.java-1.46.0-win32-x64\jre\21.0.8-win32-x86_64\bin\vcruntime140_1.dll
0x00007ffd04950000 - 0x00007ffd049dd000 	c:\Users\jcabcas2806\.vscode\extensions\redhat.java-1.46.0-win32-x64\jre\21.0.8-win32-x86_64\bin\msvcp140.dll
0x00007ffca4fc0000 - 0x00007ffca5d57000 	c:\Users\jcabcas2806\.vscode\extensions\redhat.java-1.46.0-win32-x64\jre\21.0.8-win32-x86_64\bin\server\jvm.dll
0x00007ffd2c3e0000 - 0x00007ffd2c494000 	C:\WINDOWS\System32\ADVAPI32.dll
0x00007ffd2baf0000 - 0x00007ffd2bb96000 	C:\WINDOWS\System32\sechost.dll
0x00007ffd2c030000 - 0x00007ffd2c148000 	C:\WINDOWS\System32\RPCRT4.dll
0x00007ffd2b4d0000 - 0x00007ffd2b544000 	C:\WINDOWS\System32\WS2_32.dll
0x00007ffd29910000 - 0x00007ffd2996e000 	C:\WINDOWS\SYSTEM32\POWRPROF.dll
0x00007ffd1aa20000 - 0x00007ffd1aa55000 	C:\WINDOWS\SYSTEM32\WINMM.dll
0x00007ffd241c0000 - 0x00007ffd241cb000 	C:\WINDOWS\SYSTEM32\VERSION.dll
0x00007ffd298f0000 - 0x00007ffd29904000 	C:\WINDOWS\SYSTEM32\UMPDC.dll
0x00007ffd28840000 - 0x00007ffd2885b000 	C:\WINDOWS\SYSTEM32\kernel.appcore.dll
0x00007ffd0b190000 - 0x00007ffd0b19a000 	c:\Users\jcabcas2806\.vscode\extensions\redhat.java-1.46.0-win32-x64\jre\21.0.8-win32-x86_64\bin\jimage.dll
0x00007ffd1aa60000 - 0x00007ffd1aca2000 	C:\WINDOWS\SYSTEM32\DBGHELP.DLL
0x00007ffd2bcb0000 - 0x00007ffd2c02b000 	C:\WINDOWS\System32\combase.dll
0x00007ffd2bbd0000 - 0x00007ffd2bca7000 	C:\WINDOWS\System32\OLEAUT32.dll
0x00007ffd18670000 - 0x00007ffd186ac000 	C:\WINDOWS\SYSTEM32\dbgcore.DLL
0x00007ffd2a650000 - 0x00007ffd2a6e8000 	C:\WINDOWS\System32\bcryptPrimitives.dll
0x00007ffd0b180000 - 0x00007ffd0b18f000 	c:\Users\jcabcas2806\.vscode\extensions\redhat.java-1.46.0-win32-x64\jre\21.0.8-win32-x86_64\bin\instrument.dll
0x00007ffd04930000 - 0x00007ffd0494f000 	c:\Users\jcabcas2806\.vscode\extensions\redhat.java-1.46.0-win32-x64\jre\21.0.8-win32-x86_64\bin\java.dll
0x00007ffd2a6f0000 - 0x00007ffd2ae3d000 	C:\WINDOWS\System32\SHELL32.dll
0x00007ffd29f30000 - 0x00007ffd2a09b000 	C:\WINDOWS\System32\wintypes.dll
0x00007ffd27520000 - 0x00007ffd27d7d000 	C:\WINDOWS\SYSTEM32\windows.storage.dll
0x00007ffd2b3d0000 - 0x00007ffd2b4c2000 	C:\WINDOWS\System32\SHCORE.dll
0x00007ffd2b550000 - 0x00007ffd2b5b2000 	C:\WINDOWS\System32\shlwapi.dll
0x00007ffd299d0000 - 0x00007ffd299f9000 	C:\WINDOWS\SYSTEM32\profapi.dll
0x00007ffd04910000 - 0x00007ffd04928000 	c:\Users\jcabcas2806\.vscode\extensions\redhat.java-1.46.0-win32-x64\jre\21.0.8-win32-x86_64\bin\zip.dll
0x00007ffd0b0f0000 - 0x00007ffd0b100000 	C:\Users\jcabcas2806\.vscode\extensions\redhat.java-1.46.0-win32-x64\jre\21.0.8-win32-x86_64\bin\net.dll
0x00007ffd241d0000 - 0x00007ffd242ef000 	C:\WINDOWS\SYSTEM32\WINHTTP.dll
0x00007ffd28d90000 - 0x00007ffd28dfb000 	C:\WINDOWS\system32\mswsock.dll
0x00007ffd048f0000 - 0x00007ffd04906000 	C:\Users\jcabcas2806\.vscode\extensions\redhat.java-1.46.0-win32-x64\jre\21.0.8-win32-x86_64\bin\nio.dll
0x00007ffd0a6e0000 - 0x00007ffd0a6f0000 	c:\Users\jcabcas2806\.vscode\extensions\redhat.java-1.46.0-win32-x64\jre\21.0.8-win32-x86_64\bin\verify.dll

JVMTI agents:
c:\Users\jcabcas2806\.vscode\extensions\redhat.java-1.46.0-win32-x64\lombok\lombok-1.18.39-4050.jar path:c:\Users\jcabcas2806\.vscode\extensions\redhat.java-1.46.0-win32-x64\jre\21.0.8-win32-x86_64\bin\instrument.dll, loaded, initialized, instrumentlib options:none

dbghelp: loaded successfully - version: 4.0.5 - missing functions: none
symbol engine: initialized successfully - sym options: 0x614 - pdb path: .;c:\Users\jcabcas2806\.vscode\extensions\redhat.java-1.46.0-win32-x64\jre\21.0.8-win32-x86_64\bin;C:\WINDOWS\SYSTEM32;C:\WINDOWS\WinSxS\amd64_microsoft.windows.common-controls_6595b64144ccf1df_6.0.26100.6899_none_3e0efeeae32e88c1;c:\Users\jcabcas2806\.vscode\extensions\redhat.java-1.46.0-win32-x64\jre\21.0.8-win32-x86_64\bin\server

VM Arguments:
jvm_args: --add-modules=ALL-SYSTEM --add-opens=java.base/java.util=ALL-UNNAMED --add-opens=java.base/java.lang=ALL-UNNAMED --add-opens=java.base/sun.nio.fs=ALL-UNNAMED -Declipse.application=org.eclipse.jdt.ls.core.id1 -Dosgi.bundles.defaultStartLevel=4 -Declipse.product=org.eclipse.jdt.ls.core.product -Djava.import.generatesMetadataFilesAtProjectRoot=false -DDetectVMInstallationsJob.disabled=true -Dfile.encoding=utf8 -XX:+UseParallelGC -XX:GCTimeRatio=4 -XX:AdaptiveSizePolicyWeight=90 -Dsun.zip.disableMemoryMapping=true -Xmx2G -Xms100m -Xlog:disable -javaagent:c:\Users\jcabcas2806\.vscode\extensions\redhat.java-1.46.0-win32-x64\lombok\lombok-1.18.39-4050.jar -XX:+HeapDumpOnOutOfMemoryError -XX:HeapDumpPath=c:\Users\jcabcas2806\AppData\Roaming\Code\User\workspaceStorage\e4eb3a832ffaaf84cd187d06e3b07a6d\redhat.java -Daether.dependencyCollector.impl=bf 
java_command: c:\Users\jcabcas2806\.vscode\extensions\redhat.java-1.46.0-win32-x64\server\plugins\org.eclipse.equinox.launcher_1.7.0.v20250519-0528.jar -configuration c:\Users\jcabcas2806\AppData\Roaming\Code\User\globalStorage\redhat.java\1.46.0\config_win -data c:\Users\jcabcas2806\AppData\Roaming\Code\User\workspaceStorage\e4eb3a832ffaaf84cd187d06e3b07a6d\redhat.java\jdt_ws --pipe=\\.\pipe\lsp-b3df643319a33e2cd94732e301607830-sock
java_class_path (initial): c:\Users\jcabcas2806\.vscode\extensions\redhat.java-1.46.0-win32-x64\server\plugins\org.eclipse.equinox.launcher_1.7.0.v20250519-0528.jar
Launcher Type: SUN_STANDARD

[Global flags]
    uintx AdaptiveSizePolicyWeight                 = 90                                        {product} {command line}
     intx CICompilerCount                          = 3                                         {product} {ergonomic}
    uintx GCTimeRatio                              = 4                                         {product} {command line}
     bool HeapDumpOnOutOfMemoryError               = true                                   {manageable} {command line}
    ccstr HeapDumpPath                             = c:\Users\jcabcas2806\AppData\Roaming\Code\User\workspaceStorage\e4eb3a832ffaaf84cd187d06e3b07a6d\redhat.java         {manageable} {command line}
   size_t InitialHeapSize                          = 104857600                                 {product} {command line}
   size_t MaxHeapSize                              = 2147483648                                {product} {command line}
   size_t MaxNewSize                               = 715653120                                 {product} {ergonomic}
   size_t MinHeapDeltaBytes                        = 524288                                    {product} {ergonomic}
   size_t MinHeapSize                              = 104857600                                 {product} {command line}
   size_t NewSize                                  = 34603008                                  {product} {ergonomic}
    uintx NonNMethodCodeHeapSize                   = 5832780                                {pd product} {ergonomic}
    uintx NonProfiledCodeHeapSize                  = 122912730                              {pd product} {ergonomic}
   size_t OldSize                                  = 70254592                                  {product} {ergonomic}
    uintx ProfiledCodeHeapSize                     = 122912730                              {pd product} {ergonomic}
    uintx ReservedCodeCacheSize                    = 251658240                              {pd product} {ergonomic}
     bool SegmentedCodeCache                       = true                                      {product} {ergonomic}
   size_t SoftMaxHeapSize                          = 2147483648                             {manageable} {ergonomic}
     bool UseCompressedOops                        = true                           {product lp64_product} {ergonomic}
     bool UseLargePagesIndividualAllocation        = false                                  {pd product} {ergonomic}
     bool UseParallelGC                            = true                                      {product} {command line}

Logging:
Log output configuration:
 #0: stdout all=off uptime,level,tags foldmultilines=false
 #1: stderr all=off uptime,level,tags foldmultilines=false

Environment Variables:
JAVA_HOME=C:\Program Files\Java\jdk-22
CLASSPATH=.;C:\misclases
PATH=C:\Python313\Scripts\;C:\Python313\;C:\Program Files\Common Files\Oracle\Java\javapath;C:\Program Files\Eclipse Adoptium\jre-21.0.3.9-hotspot\bin;C:\Program Files\Eclipse Adoptium\jdk-21.0.3.9-hotspot\bin;C:\WINDOWS\system32;C:\WINDOWS;C:\WINDOWS\System32\Wbem;C:\WINDOWS\System32\WindowsPowerShell\v1.0\;C:\WINDOWS\System32\OpenSSH\;C:\Program Files\Microsoft VS Code\bin;C:\Program Files\Git\cmd;C:\Program Files (x86)\Microsoft SQL Server\160\Tools\Binn\;C:\Program Files\Microsoft SQL Server\160\Tools\Binn\;C:\Program Files\Microsoft SQL Server\Client SDK\ODBC\170\Tools\Binn\;C:\Program Files\Microsoft SQL Server\160\DTS\Binn\;C:\Program Files (x86)\Microsoft SQL Server\160\DTS\Binn\;C:\Program Files\Java\jdk-22\bin;C:\Program Files\apache-maven-3.9.6\bin;C:\Program Files\nodejs\;C:\ProgramData\chocolatey\bin;C:\Program Files\Docker\Docker\resources\bin;C:\Users\jcabcas2806\AppData\Local\Microsoft\WindowsApps;
USERNAME=jcabcas2806
OS=Windows_NT
PROCESSOR_IDENTIFIER=Intel64 Family 6 Model 158 Stepping 10, GenuineIntel
TMP=C:\Users\JCABCA~1\AppData\Local\Temp
TEMP=C:\Users\JCABCA~1\AppData\Local\Temp




Periodic native trim disabled

---------------  S Y S T E M  ---------------

OS:
 Windows 11 , 64 bit Build 26100 (10.0.26100.6725)
OS uptime: 1 days 9:25 hours
Hyper-V role detected

CPU: total 6 (initial active 6) (6 cores per cpu, 1 threads per core) family 6 model 158 stepping 10 microcode 0xf6, cx8, cmov, fxsr, mmx, 3dnowpref, sse, sse2, sse3, ssse3, sse4.1, sse4.2, popcnt, lzcnt, tsc, tscinvbit, avx, avx2, aes, erms, clmul, bmi1, bmi2, adx, fma, vzeroupper, clflush, clflushopt, hv, rdtscp, f16c
Processor Information for the first 6 processors :
  Max Mhz: 2808, Current Mhz: 2808, Mhz Limit: 2808

Memory: 4k page, system-wide physical 16158M (8466M free)
TotalPageFile size 17182M (AvailPageFile size 8524M)
current process WorkingSet (physical memory assigned to process): 85M, peak: 85M
current process commit charge ("private bytes"): 231M, peak: 231M

vm_info: OpenJDK 64-Bit Server VM (21.0.8+9-LTS) for windows-amd64 JRE (21.0.8+9-LTS), built on 2025-07-15T00:00:00Z by "admin" with MS VC++ 17.7 (VS2022)

END.
