#
# A fatal error has been detected by the Java Runtime Environment:
#
#  EXCEPTION_ACCESS_VIOLATION (0xc0000005) at pc=0x00007ffd79606d39, pid=2524, tid=6820
#
# JRE version: OpenJDK Runtime Environment Temurin-21.0.8+9 (21.0.8+9) (build 21.0.8+9-LTS)
# Java VM: OpenJDK 64-Bit Server VM Temurin-21.0.8+9 (21.0.8+9-LTS, mixed mode, sharing, tiered, compressed oops, compressed class ptrs, parallel gc, windows-amd64)
# Problematic frame:
# V  [jvm.dll+0x676d39]
#
# No core dump will be written. Minidumps are not enabled by default on client versions of Windows
#
# If you would like to submit a bug report, please visit:
#   https://github.com/adoptium/adoptium-support/issues
#

---------------  S U M M A R Y ------------

Command Line: --add-modules=ALL-SYSTEM --add-opens=java.base/java.util=ALL-UNNAMED --add-opens=java.base/java.lang=ALL-UNNAMED --add-opens=java.base/sun.nio.fs=ALL-UNNAMED -Declipse.application=org.eclipse.jdt.ls.core.id1 -Dosgi.bundles.defaultStartLevel=4 -Declipse.product=org.eclipse.jdt.ls.core.product -Djava.import.generatesMetadataFilesAtProjectRoot=false -DDetectVMInstallationsJob.disabled=true -Dfile.encoding=utf8 -XX:+UseParallelGC -XX:GCTimeRatio=4 -XX:AdaptiveSizePolicyWeight=90 -Dsun.zip.disableMemoryMapping=true -Xmx2G -Xms100m -Xlog:disable -javaagent:c:\Users\jcabcas2806\.vscode\extensions\redhat.java-1.46.0-win32-x64\lombok\lombok-1.18.39-4050.jar -XX:+HeapDumpOnOutOfMemoryError -XX:HeapDumpPath=c:\Users\jcabcas2806\AppData\Roaming\Code\User\workspaceStorage\000c2f03e22093914db578c8170fb8ab\redhat.java -Daether.dependencyCollector.impl=bf c:\Users\jcabcas2806\.vscode\extensions\redhat.java-1.46.0-win32-x64\server\plugins\org.eclipse.equinox.launcher_1.7.0.v20250519-0528.jar -configuration c:\Users\jcabcas2806\AppData\Roaming\Code\User\globalStorage\redhat.java\1.46.0\config_win -data c:\Users\jcabcas2806\AppData\Roaming\Code\User\workspaceStorage\000c2f03e22093914db578c8170fb8ab\redhat.java\jdt_ws --pipe=\\.\pipe\lsp-dcd22c9c1108b6012b3bbfb289dd09c7-sock

Host: Intel(R) Core(TM) i5-8400 CPU @ 2.80GHz, 6 cores, 15G,  Windows 11 , 64 bit Build 26100 (10.0.26100.6725)
Time: Thu Oct  9 13:48:15 2025 Hora de verano romance elapsed time: 70.365494 seconds (0d 0h 1m 10s)

---------------  T H R E A D  ---------------

Current thread (0x00000271d565aab0):  JavaThread "C1 CompilerThread0" daemon [_thread_in_vm, id=6820, stack(0x0000008bea000000,0x0000008bea100000) (1024K)]


Current CompileTask:
C1:70365 12240       3       java.lang.invoke.LambdaForm$MH/0x00000271817f3000::invoke (42 bytes)

Stack: [0x0000008bea000000,0x0000008bea100000],  sp=0x0000008bea0fe350,  free space=1016k
Native frames: (J=compiled Java code, j=interpreted, Vv=VM code, C=native code)
V  [jvm.dll+0x676d39]
V  [jvm.dll+0x676cd2]
V  [jvm.dll+0x674f8e]
V  [jvm.dll+0x68643a]
V  [jvm.dll+0x67f512]
V  [jvm.dll+0x1f3990]
V  [jvm.dll+0x1f3b78]
V  [jvm.dll+0x15433e]
V  [jvm.dll+0x154684]
V  [jvm.dll+0x153ab6]
V  [jvm.dll+0x15588d]
V  [jvm.dll+0x257d4d]
V  [jvm.dll+0x2562ea]
V  [jvm.dll+0x3f2d16]
V  [jvm.dll+0x857e6b]
V  [jvm.dll+0x6d0b0d]
C  [ucrtbase.dll+0x37b0]
C  [KERNEL32.DLL+0x2e8d7]
C  [ntdll.dll+0x8c53c]


siginfo: EXCEPTION_ACCESS_VIOLATION (0xc0000005), reading address 0xffffffffffffffff


Registers:
RAX=0x0000000000000063, RBX=0x0000000000000000, RCX=0x0000000000000318, RDX=0x0000000000000063
RSP=0x0000008bea0fe350, RBP=0x0000000000000063, RSI=0x0000000001000000, RDI=0x20000271f4c33788
R8 =0x00000271d3170380, R9 =0x0000008be9096000, R10=0x0000000000000063, R11=0x00000271f1bfa300
R12=0x00000271d5749af0, R13=0x00000271f3e47380, R14=0x0000000000000001, R15=0x0000000000000063
RIP=0x00007ffd79606d39, EFLAGS=0x0000000000010206

XMM[0]=0x3b3b3b3b3b3b3b3b 0x3b3b3b3b3b3b3b3b
XMM[1]=0x0000000000000000 0x00000000000000ff
XMM[2]=0x0000000000000000 0x0000000000000000
XMM[3]=0x0000000000000000 0x0000000000000000
XMM[4]=0x0000000000000000 0x0000000000000000
XMM[5]=0x0000000000000000 0x0000000000000000
XMM[6]=0x0000000000000000 0x0000000000000000
XMM[7]=0x0000000000000000 0x0000000000000000
XMM[8]=0x0000000000000000 0x0000000000000000
XMM[9]=0x0000000000000000 0x0000000000000000
XMM[10]=0x0000000000000000 0x0000000000000000
XMM[11]=0x0000000000000000 0x0000000000000000
XMM[12]=0x0000000000000000 0x0000000000000000
XMM[13]=0x0000000000000000 0x0000000000000000
XMM[14]=0x0000000000000000 0x0000000000000000
XMM[15]=0x0000000000000000 0x0000000000000000
  MXCSR=0x00001fa0


Register to memory mapping:

RAX=0x0000000000000063 is an unknown value
RBX=0x0 is null
RCX=0x0000000000000318 is an unknown value
RDX=0x0000000000000063 is an unknown value
RSP=0x0000008bea0fe350 is pointing into the stack for thread: 0x00000271d565aab0
RBP=0x0000000000000063 is an unknown value
RSI=0x0000000001000000 is an unknown value
RDI=0x20000271f4c33788 is an unknown value
R8 =0x00000271d3170380 points into unknown readable memory: 0x00000271f3e48148 | 48 81 e4 f3 71 02 00 00
R9 =0x0000008be9096000 points into unknown readable memory: 0x0000000000000000 | 00 00 00 00 00 00 00 00
R10=0x0000000000000063 is an unknown value
R11={method} {0x00000271f1bfa308} 'invoke' '(Ljava/lang/Object;Ljava/lang/Object;)Ljava/lang/Object;' in 'java/lang/invoke/LambdaForm$MH+0x00000271817f3000'
R12=0x00000271d5749af0 points into unknown readable memory: 0x00007ffd79986940 | 40 69 98 79 fd 7f 00 00
R13=0x00000271f3e47380 points into unknown readable memory: 0x00000271f3e48140 | 40 81 e4 f3 71 02 00 00
R14=0x0000000000000001 is an unknown value
R15=0x0000000000000063 is an unknown value

Top of Stack: (sp=0x0000008bea0fe350)
0x0000008bea0fe350:   0000000000000000 0000000000000000
0x0000008bea0fe360:   00000271d5611380 00007ffd79617a73
0x0000008bea0fe370:   0000027180486d58 000000000000000c
0x0000008bea0fe380:   0000000000000000 0000008b00000002
0x0000008bea0fe390:   0000000000000190 0000000000000006
0x0000008bea0fe3a0:   0000008bea0fe550 000000000000002b
0x0000008bea0fe3b0:   00000271d565aab0 0000000000000001
0x0000008bea0fe3c0:   0000008bea0fef60 00000271d5749af0
0x0000008bea0fe3d0:   00000271f3e47380 0000000000000009
0x0000008bea0fe3e0:   0000000000000063 00007ffd79606cd2
0x0000008bea0fe3f0:   00000271f3e48140 00000271f3e48140
0x0000008bea0fe400:   00000271f1bfa300 00000000000002e8
0x0000008bea0fe410:   00000271d5749af0 00007ffe06bf2a5f
0x0000008bea0fe420:   00000271d565aab0 00007ffd79604f8e
0x0000008bea0fe430:   00000271f417eec0 0000000000000009
0x0000008bea0fe440:   0000000000000063 00000000ffffffff
0x0000008bea0fe450:   00000271dfe70110 00000000000003d8
0x0000008bea0fe460:   00000271dfe70110 00000271f417eec0
0x0000008bea0fe470:   0000008bea0fe550 00007ffd7961643a
0x0000008bea0fe480:   00000271d565aab0 00000000000003d8
0x0000008bea0fe490:   0000000000000000 0000000000007fd8
0x0000008bea0fe4a0:   00000271d565aab0 0000000000001aa4
0x0000008bea0fe4b0:   00000271d565aab0 00007ffd7960f512
0x0000008bea0fe4c0:   0000008bea0fe550 00000271f417eec0
0x0000008bea0fe4d0:   00007ffd00000000 00000000000001d0
0x0000008bea0fe4e0:   00000271d565aab0 00007ffd79183990
0x0000008bea0fe4f0:   00000271ed5789e8 0000008bea0fe550
0x0000008bea0fe500:   0000000000000001 0000000000000002
0x0000008bea0fe510:   00000271ed5789e8 00007ffd79183b78
0x0000008bea0fe520:   00000271d565aab0 00000271d564aa00
0x0000008bea0fe530:   00000271d5611380 00007ffe069b85cb
0x0000008bea0fe540:   0000000000000038 0000008bea0fe640 

Instructions: (pc=0x00007ffd79606d39)
0x00007ffd79606c39:   1b 5c 40 00 4c 8b cd 48 8b d7 e8 18 e9 b6 ff 48
0x00007ffd79606c49:   8b cd 48 89 74 24 48 e8 ab 0a 00 00 48 8b 4f 28
0x00007ffd79606c59:   48 85 c9 74 69 83 b9 00 01 00 00 00 75 0a 48 83
0x00007ffd79606c69:   b9 10 01 00 00 00 74 56 48 8b d0 e8 27 23 ca ff
0x00007ffd79606c79:   48 8b f0 48 85 c0 74 46 48 8b 05 98 7e 61 00 48
0x00007ffd79606c89:   85 c0 74 48 48 8b 4f 28 48 8b d7 4c 8b 47 38 48
0x00007ffd79606c99:   8b 81 20 01 00 00 44 8b 89 18 01 00 00 48 03 81
0x00007ffd79606ca9:   08 01 00 00 44 03 89 00 01 00 00 48 8d 0d cd 5b
0x00007ffd79606cb9:   40 00 48 89 44 24 20 e8 9b e8 b6 ff eb 0e 48 8b
0x00007ffd79606cc9:   d5 48 8b cf e8 2e 00 00 00 48 8b f0 48 8b 7c 24
0x00007ffd79606cd9:   50 48 8b 6c 24 40 48 85 db 74 08 48 8b cb e8 a4
0x00007ffd79606ce9:   95 02 00 48 8b c6 48 8b 74 24 48 48 83 c4 30 5b
0x00007ffd79606cf9:   c3 cc cc cc cc cc cc 48 89 5c 24 10 55 56 57 41
0x00007ffd79606d09:   54 41 55 41 56 41 57 48 83 ec 60 4c 8b e9 48 8b
0x00007ffd79606d19:   ea 48 8b ca e8 de 09 00 00 49 8b 7d 18 33 db 4c
0x00007ffd79606d29:   8b f8 be 00 00 00 01 48 85 ff 0f 84 ef 00 00 00
0x00007ffd79606d39:   0f b6 4f 18 8b c6 48 8b 57 08 48 d3 e8 48 c1 e8
0x00007ffd79606d49:   03 48 2b c2 49 3b c7 0f 83 9c 00 00 00 84 c9 0f
0x00007ffd79606d59:   84 ca 00 00 00 4a 8d 0c 3a 48 81 f9 00 00 20 00
0x00007ffd79606d69:   0f 87 b9 00 00 00 e8 7c f4 b6 ff 0f be 57 18 0f
0x00007ffd79606d79:   be c0 8d 4a ff 3b c1 0f 8c a2 00 00 00 8d 4a ff
0x00007ffd79606d89:   8b c6 48 d3 e8 48 83 e0 f8 48 ff c8 48 85 07 0f
0x00007ffd79606d99:   85 8a 00 00 00 49 8b 45 10 49 63 4d 20 4c 63 40
0x00007ffd79606da9:   08 4c 8b 08 41 3b c8 7c 08 43 0f b6 4c 08 ff eb
0x00007ffd79606db9:   05 42 0f b6 0c 09 3a ca 7f 65 49 8b 4d 08 48 8b
0x00007ffd79606dc9:   d7 e8 21 ea b6 ff 84 c0 74 55 48 8b 05 4e 7d 61
0x00007ffd79606dd9:   00 48 85 c0 74 13 4d 8b 45 38 48 8d 0d d6 5a 40
0x00007ffd79606de9:   00 49 8b d5 e8 ae e7 b6 ff 49 8b 4d 18 48 8b 51
0x00007ffd79606df9:   08 49 03 d7 e8 de d7 ff ff 84 c0 75 31 48 8b 05
0x00007ffd79606e09:   23 7d 61 00 48 85 c0 74 16 4d 8b 45 38 48 8d 0d
0x00007ffd79606e19:   cb 5a 40 00 4d 8b cf 49 8b d5 e8 b8 e7 b6 ff 49
0x00007ffd79606e29:   81 ff 00 00 20 00 0f 87 4f 03 00 00 eb 31 49 8b 


Stack slot to memory mapping:

stack at sp + 0 slots: 0x0 is null
stack at sp + 1 slots: 0x0 is null
stack at sp + 2 slots: 0x00000271d5611380 points into unknown readable memory: 0x0000000000000007 | 07 00 00 00 00 00 00 00
stack at sp + 3 slots: 0x00007ffd79617a73 jvm.dll
stack at sp + 4 slots: 0x0000027180486d58 is pointing into metadata
stack at sp + 5 slots: 0x000000000000000c is an unknown value
stack at sp + 6 slots: 0x0 is null
stack at sp + 7 slots: 0x0000008b00000002 is an unknown value


---------------  P R O C E S S  ---------------

Threads class SMR info:
_java_thread_list=0x00000271f4680500, length=47, elements={
0x00000271d33f9010, 0x00000271d579a650, 0x00000271d579b560, 0x00000271d5613260,
0x00000271d56162b0, 0x00000271d561a3b0, 0x00000271d56456c0, 0x00000271d56555c0,
0x00000271d565aab0, 0x00000271d56463e0, 0x00000271d56449a0, 0x00000271d5647100,
0x00000271d5647e20, 0x00000271d5646a70, 0x00000271d5645030, 0x00000271d5645d50,
0x00000271d5647790, 0x00000271ede0e0d0, 0x00000271ede0fb10, 0x00000271ede11550,
0x00000271ede0e760, 0x00000271ede12270, 0x00000271ede10ec0, 0x00000271ede0edf0,
0x00000271ede11be0, 0x00000271ede0f480, 0x00000271ede12900, 0x00000271ede12f90,
0x00000271ede13620, 0x00000271ede101a0, 0x00000271ede13cb0, 0x00000271ede10830,
0x00000271ede14340, 0x00000271ede15060, 0x00000271ede149d0, 0x00000271ede156f0,
0x00000271f4c9fe50, 0x00000271f4c9d6f0, 0x00000271f4c9d060, 0x00000271f4c9dd80,
0x00000271f4ca04e0, 0x00000271f4c9f130, 0x00000271f4ca0b70, 0x00000271f4ca1200,
0x00000271f4ca1890, 0x00000271f4ca3ff0, 0x00000271f4ca25b0
}

Java Threads: ( => current thread )
  0x00000271d33f9010 JavaThread "main"                              [_thread_blocked, id=7088, stack(0x0000008be9500000,0x0000008be9600000) (1024K)]
  0x00000271d579a650 JavaThread "Reference Handler"          daemon [_thread_blocked, id=2456, stack(0x0000008be9900000,0x0000008be9a00000) (1024K)]
  0x00000271d579b560 JavaThread "Finalizer"                  daemon [_thread_blocked, id=1672, stack(0x0000008be9a00000,0x0000008be9b00000) (1024K)]
  0x00000271d5613260 JavaThread "Signal Dispatcher"          daemon [_thread_blocked, id=2836, stack(0x0000008be9b00000,0x0000008be9c00000) (1024K)]
  0x00000271d56162b0 JavaThread "Attach Listener"            daemon [_thread_blocked, id=3744, stack(0x0000008be9c00000,0x0000008be9d00000) (1024K)]
  0x00000271d561a3b0 JavaThread "Service Thread"             daemon [_thread_blocked, id=9280, stack(0x0000008be9d00000,0x0000008be9e00000) (1024K)]
  0x00000271d56456c0 JavaThread "Monitor Deflation Thread"   daemon [_thread_blocked, id=13140, stack(0x0000008be9e00000,0x0000008be9f00000) (1024K)]
  0x00000271d56555c0 JavaThread "C2 CompilerThread0"         daemon [_thread_in_native, id=13920, stack(0x0000008be9f00000,0x0000008bea000000) (1024K)]
=>0x00000271d565aab0 JavaThread "C1 CompilerThread0"         daemon [_thread_in_vm, id=6820, stack(0x0000008bea000000,0x0000008bea100000) (1024K)]
  0x00000271d56463e0 JavaThread "Common-Cleaner"             daemon [_thread_blocked, id=5500, stack(0x0000008bea100000,0x0000008bea200000) (1024K)]
  0x00000271d56449a0 JavaThread "Notification Thread"        daemon [_thread_blocked, id=13492, stack(0x0000008bea300000,0x0000008bea400000) (1024K)]
  0x00000271d5647100 JavaThread "Active Thread: Equinox Container: 49dfc310-31a1-43a3-8ffa-7e0686796a3d"        [_thread_blocked, id=5180, stack(0x0000008bea900000,0x0000008beaa00000) (1024K)]
  0x00000271d5647e20 JavaThread "Refresh Thread: Equinox Container: 49dfc310-31a1-43a3-8ffa-7e0686796a3d" daemon [_thread_blocked, id=2400, stack(0x0000008beaa00000,0x0000008beab00000) (1024K)]
  0x00000271d5646a70 JavaThread "Framework Event Dispatcher: Equinox Container: 49dfc310-31a1-43a3-8ffa-7e0686796a3d" daemon [_thread_blocked, id=5468, stack(0x0000008beab00000,0x0000008beac00000) (1024K)]
  0x00000271d5645030 JavaThread "Start Level: Equinox Container: 49dfc310-31a1-43a3-8ffa-7e0686796a3d" daemon [_thread_blocked, id=1856, stack(0x0000008beac00000,0x0000008bead00000) (1024K)]
  0x00000271d5645d50 JavaThread "Bundle File Closer"         daemon [_thread_blocked, id=12336, stack(0x0000008bead00000,0x0000008beae00000) (1024K)]
  0x00000271d5647790 JavaThread "SCR Component Actor"        daemon [_thread_blocked, id=13084, stack(0x0000008beae00000,0x0000008beaf00000) (1024K)]
  0x00000271ede0e0d0 JavaThread "Worker-JM"                         [_thread_blocked, id=4376, stack(0x0000008beaf00000,0x0000008beb000000) (1024K)]
  0x00000271ede0fb10 JavaThread "JNA Cleaner"                daemon [_thread_blocked, id=10176, stack(0x0000008beb000000,0x0000008beb100000) (1024K)]
  0x00000271ede11550 JavaThread "Worker-0"                          [_thread_blocked, id=8608, stack(0x0000008beb100000,0x0000008beb200000) (1024K)]
  0x00000271ede0e760 JavaThread "Worker-1"                          [_thread_blocked, id=14328, stack(0x0000008beb200000,0x0000008beb300000) (1024K)]
  0x00000271ede12270 JavaThread "Worker-2"                          [_thread_blocked, id=9668, stack(0x0000008beb300000,0x0000008beb400000) (1024K)]
  0x00000271ede10ec0 JavaThread "Java indexing"              daemon [_thread_blocked, id=8644, stack(0x0000008beb400000,0x0000008beb500000) (1024K)]
  0x00000271ede0edf0 JavaThread "Worker-3"                          [_thread_blocked, id=10200, stack(0x0000008beb800000,0x0000008beb900000) (1024K)]
  0x00000271ede11be0 JavaThread "Thread-1"                   daemon [_thread_in_native, id=4632, stack(0x0000008beb900000,0x0000008beba00000) (1024K)]
  0x00000271ede0f480 JavaThread "Thread-2"                   daemon [_thread_in_native, id=3628, stack(0x0000008beba00000,0x0000008bebb00000) (1024K)]
  0x00000271ede12900 JavaThread "Thread-3"                   daemon [_thread_in_native, id=2564, stack(0x0000008bebb00000,0x0000008bebc00000) (1024K)]
  0x00000271ede12f90 JavaThread "Thread-4"                   daemon [_thread_in_native, id=2376, stack(0x0000008bebc00000,0x0000008bebd00000) (1024K)]
  0x00000271ede13620 JavaThread "Thread-5"                   daemon [_thread_in_native, id=2888, stack(0x0000008bebd00000,0x0000008bebe00000) (1024K)]
  0x00000271ede101a0 JavaThread "Thread-6"                   daemon [_thread_in_native, id=5904, stack(0x0000008bebe00000,0x0000008bebf00000) (1024K)]
  0x00000271ede13cb0 JavaThread "Thread-7"                   daemon [_thread_in_native, id=11580, stack(0x0000008bebf00000,0x0000008bec000000) (1024K)]
  0x00000271ede10830 JavaThread "Worker-4"                          [_thread_blocked, id=4308, stack(0x0000008bec000000,0x0000008bec100000) (1024K)]
  0x00000271ede14340 JavaThread "pool-2-thread-1"                   [_thread_blocked, id=7736, stack(0x0000008bec100000,0x0000008bec200000) (1024K)]
  0x00000271ede15060 JavaThread "WorkspaceEventsHandler"            [_thread_blocked, id=4500, stack(0x0000008bec200000,0x0000008bec300000) (1024K)]
  0x00000271ede149d0 JavaThread "pool-1-thread-1"                   [_thread_blocked, id=13692, stack(0x0000008bec300000,0x0000008bec400000) (1024K)]
  0x00000271ede156f0 JavaThread "Compiler Source File Reader" daemon [_thread_blocked, id=1028, stack(0x0000008bec400000,0x0000008bec500000) (1024K)]
  0x00000271f4c9fe50 JavaThread "Compiler Processing Task"   daemon [_thread_blocked, id=4656, stack(0x0000008bec500000,0x0000008bec600000) (1024K)]
  0x00000271f4c9d6f0 JavaThread "Compiler Class File Writer" daemon [_thread_blocked, id=7628, stack(0x0000008bec600000,0x0000008bec700000) (1024K)]
  0x00000271f4c9d060 JavaThread "ForkJoinPool.commonPool-worker-1" daemon [_thread_blocked, id=9488, stack(0x0000008bec700000,0x0000008bec800000) (1024K)]
  0x00000271f4c9dd80 JavaThread "ForkJoinPool.commonPool-worker-2" daemon [_thread_blocked, id=4644, stack(0x0000008bec800000,0x0000008bec900000) (1024K)]
  0x00000271f4ca04e0 JavaThread "ForkJoinPool.commonPool-worker-3" daemon [_thread_blocked, id=8596, stack(0x0000008bec900000,0x0000008beca00000) (1024K)]
  0x00000271f4c9f130 JavaThread "ForkJoinPool.commonPool-worker-4" daemon [_thread_blocked, id=1184, stack(0x0000008beca00000,0x0000008becb00000) (1024K)]
  0x00000271f4ca0b70 JavaThread "ForkJoinPool.commonPool-worker-5" daemon [_thread_blocked, id=2520, stack(0x0000008becb00000,0x0000008becc00000) (1024K)]
  0x00000271f4ca1200 JavaThread "Cleaner-0"                  daemon [_thread_blocked, id=10928, stack(0x0000008becc00000,0x0000008becd00000) (1024K)]
  0x00000271f4ca1890 JavaThread "Compiler Source File Reader" daemon [_thread_blocked, id=13620, stack(0x0000008becd00000,0x0000008bece00000) (1024K)]
  0x00000271f4ca3ff0 JavaThread "Compiler Source File Reader" daemon [_thread_blocked, id=8916, stack(0x0000008bece00000,0x0000008becf00000) (1024K)]
  0x00000271f4ca25b0 JavaThread "Compiler Source File Reader" daemon [_thread_blocked, id=4668, stack(0x0000008bea200000,0x0000008bea300000) (1024K)]
Total: 47

Other Threads:
  0x00000271d577fbc0 VMThread "VM Thread"                           [id=10676, stack(0x0000008be9800000,0x0000008be9900000) (1024K)]
  0x00000271d556ca00 WatcherThread "VM Periodic Task Thread"        [id=7380, stack(0x0000008be9700000,0x0000008be9800000) (1024K)]
  0x00000271d56fbd50 WorkerThread "GC Thread#0"                     [id=1404, stack(0x0000008be9600000,0x0000008be9700000) (1024K)]
  0x00000271edb56c40 WorkerThread "GC Thread#1"                     [id=312, stack(0x0000008bea400000,0x0000008bea500000) (1024K)]
  0x00000271ed930b70 WorkerThread "GC Thread#2"                     [id=13856, stack(0x0000008bea500000,0x0000008bea600000) (1024K)]
  0x00000271ed930f10 WorkerThread "GC Thread#3"                     [id=9856, stack(0x0000008bea600000,0x0000008bea700000) (1024K)]
  0x00000271ed8fe860 WorkerThread "GC Thread#4"                     [id=11756, stack(0x0000008bea700000,0x0000008bea800000) (1024K)]
  0x00000271ed8fec00 WorkerThread "GC Thread#5"                     [id=2288, stack(0x0000008bea800000,0x0000008bea900000) (1024K)]
Total: 8

Threads with active compile tasks:
C2 CompilerThread0  70442 12233       4       org.eclipse.jdt.internal.compiler.lookup.ModuleBinding::getVisiblePackage (472 bytes)
C1 CompilerThread0  70442 12240       3       java.lang.invoke.LambdaForm$MH/0x00000271817f3000::invoke (42 bytes)
Total: 2

VM state: not at safepoint (normal execution)

VM Mutex/Monitor currently owned by a thread: None

Heap address: 0x0000000080000000, size: 2048 MB, Compressed Oops mode: 32-bit

CDS archive(s) mapped at: [0x0000027180000000-0x0000027180ba0000-0x0000027180ba0000), size 12189696, SharedBaseAddress: 0x0000027180000000, ArchiveRelocationMode: 1.
Compressed class space mapped at: 0x0000027181000000-0x00000271c1000000, reserved size: 1073741824
Narrow klass base: 0x0000027180000000, Narrow klass shift: 0, Narrow klass range: 0x100000000

GC Precious Log:
 CardTable entry size: 512
 CPUs: 6 total, 6 available
 Memory: 16158M
 Large Page Support: Disabled
 NUMA Support: Disabled
 Compressed Oops: Enabled (32-bit)
 Alignments: Space 512K, Generation 512K, Heap 2M
 Heap Min Capacity: 100M
 Heap Initial Capacity: 100M
 Heap Max Capacity: 2G
 Pre-touch: Disabled
 Parallel Workers: 6

Heap:
 PSYoungGen      total 3072K, used 1691K [0x00000000d5580000, 0x00000000d5c80000, 0x0000000100000000)
  eden space 2560K, 55% used [0x00000000d5580000,0x00000000d56e2c58,0x00000000d5800000)
  from space 512K, 53% used [0x00000000d5c00000,0x00000000d5c44010,0x00000000d5c80000)
  to   space 512K, 0% used [0x00000000d5b80000,0x00000000d5b80000,0x00000000d5c00000)
 ParOldGen       total 412672K, used 343985K [0x0000000080000000, 0x0000000099300000, 0x00000000d5580000)
  object space 412672K, 83% used [0x0000000080000000,0x0000000094fec5e8,0x0000000099300000)
 Metaspace       used 70410K, committed 71808K, reserved 1114112K
  class space    used 7480K, committed 8128K, reserved 1048576K

Card table byte_map: [0x00000271d5080000,0x00000271d5490000] _byte_map_base: 0x00000271d4c80000

Marking Bits: (ParMarkBitMap*) 0x00007ffd79c4a340
 Begin Bits: [0x00000271e7b80000, 0x00000271e9b80000)
 End Bits:   [0x00000271e9b80000, 0x00000271ebb80000)

Polling page: 0x00000271d3a20000

Metaspace:

Usage:
  Non-class:     61.46 MB used.
      Class:      7.31 MB used.
       Both:     68.76 MB used.

Virtual space:
  Non-class space:       64.00 MB reserved,      62.19 MB ( 97%) committed,  1 nodes.
      Class space:        1.00 GB reserved,       7.94 MB ( <1%) committed,  1 nodes.
             Both:        1.06 GB reserved,      70.12 MB (  6%) committed. 

Chunk freelists:
   Non-Class:  1.13 MB
       Class:  7.93 MB
        Both:  9.05 MB

MaxMetaspaceSize: unlimited
CompressedClassSpaceSize: 1.00 GB
Initial GC threshold: 21.00 MB
Current GC threshold: 97.31 MB
CDS: on
 - commit_granule_bytes: 65536.
 - commit_granule_words: 8192.
 - virtual_space_node_default_size: 8388608.
 - enlarge_chunks_in_place: 1.
 - use_allocation_guard: 0.


Internal statistics:

num_allocs_failed_limit: 11.
num_arena_births: 1154.
num_arena_deaths: 16.
num_vsnodes_births: 2.
num_vsnodes_deaths: 0.
num_space_committed: 1122.
num_space_uncommitted: 0.
num_chunks_returned_to_freelist: 28.
num_chunks_taken_from_freelist: 4578.
num_chunk_merges: 17.
num_chunk_splits: 2732.
num_chunks_enlarged: 1477.
num_inconsistent_stats: 0.

CodeHeap 'non-profiled nmethods': size=120000Kb used=9224Kb max_used=9224Kb free=110775Kb
 bounds [0x00000271e03a0000, 0x00000271e0cb0000, 0x00000271e78d0000]
CodeHeap 'profiled nmethods': size=120000Kb used=26558Kb max_used=26558Kb free=93441Kb
 bounds [0x00000271d88d0000, 0x00000271da2c0000, 0x00000271dfe00000]
CodeHeap 'non-nmethods': size=5760Kb used=1466Kb max_used=1548Kb free=4293Kb
 bounds [0x00000271dfe00000, 0x00000271e0070000, 0x00000271e03a0000]
CodeCache: size=245760Kb, used=37248Kb, max_used=37330Kb, free=208509Kb
 total_blobs=12344, nmethods=11560, adapters=688, full_count=0
Compilation: enabled, stopped_count=0, restarted_count=0

Compilation events (20 events):
Event: 70.191 Thread 0x00000271d56555c0 12222       4       org.eclipse.jdt.internal.compiler.parser.Parser::consumeRule (7748 bytes)
Event: 70.269 Thread 0x00000271d56555c0 nmethod 12222 0x00000271e0c7db90 code [0x00000271e0c815e0, 0x00000271e0c877c0]
Event: 70.270 Thread 0x00000271d56555c0 12228       4       java.util.HashMap::<init> (8 bytes)
Event: 70.271 Thread 0x00000271d56555c0 nmethod 12228 0x00000271e0c8eb10 code [0x00000271e0c8eca0, 0x00000271e0c8eda0]
Event: 70.336 Thread 0x00000271d565aab0 12230       3       org.eclipse.jdt.internal.compiler.problem.ProblemHandler::record (9 bytes)
Event: 70.337 Thread 0x00000271d565aab0 nmethod 12230 0x00000271da2b9010 code [0x00000271da2b91c0, 0x00000271da2b9328]
Event: 70.338 Thread 0x00000271d565aab0 12231       3       org.eclipse.jdt.internal.compiler.ast.CompilationUnitDeclaration::isPackageInfo (11 bytes)
Event: 70.338 Thread 0x00000271d565aab0 nmethod 12231 0x00000271da2b9410 code [0x00000271da2b95e0, 0x00000271da2b97c8]
Event: 70.340 Thread 0x00000271d56555c0 12232       4       org.eclipse.jdt.internal.compiler.lookup.SplitPackageBinding::combineAll (202 bytes)
Event: 70.345 Thread 0x00000271d565aab0 12235       3       org.eclipse.jface.text.ListLineTracker::findLine (164 bytes)
Event: 70.345 Thread 0x00000271d565aab0 nmethod 12235 0x00000271da2b9910 code [0x00000271da2b9b40, 0x00000271da2ba4c0]
Event: 70.345 Thread 0x00000271d565aab0 12236       3       java.lang.invoke.LambdaForm$MH/0x00000271817f2000::invoke (42 bytes)
Event: 70.346 Thread 0x00000271d565aab0 nmethod 12236 0x00000271da2ba790 code [0x00000271da2baa20, 0x00000271da2bb7a0]
Event: 70.346 Thread 0x00000271d565aab0 12237       3       java.lang.invoke.LambdaForm$MH/0x00000271817f2400::invoke (42 bytes)
Event: 70.347 Thread 0x00000271d565aab0 nmethod 12237 0x00000271da2bbc10 code [0x00000271da2bbea0, 0x00000271da2bcc20]
Event: 70.347 Thread 0x00000271d565aab0 12238       3       java.lang.invoke.LambdaForm$MH/0x00000271817f2800::invoke (42 bytes)
Event: 70.348 Thread 0x00000271d565aab0 nmethod 12238 0x00000271da2bd090 code [0x00000271da2bd320, 0x00000271da2be0a0]
Event: 70.348 Thread 0x00000271d565aab0 12239       3       java.lang.invoke.LambdaForm$MH/0x00000271817f2c00::invoke (42 bytes)
Event: 70.349 Thread 0x00000271d565aab0 nmethod 12239 0x00000271da2be510 code [0x00000271da2be7a0, 0x00000271da2bf520]
Event: 70.349 Thread 0x00000271d565aab0 12240       3       java.lang.invoke.LambdaForm$MH/0x00000271817f3000::invoke (42 bytes)

GC Heap History (20 events):
Event: 69.388 GC heap before
{Heap before GC invocations=588 (full 3):
 PSYoungGen      total 3072K, used 3048K [0x00000000d5580000, 0x00000000d5a00000, 0x0000000100000000)
  eden space 2560K, 99% used [0x00000000d5580000,0x00000000d57fff60,0x00000000d5800000)
  from space 512K, 95% used [0x00000000d5980000,0x00000000d59fa170,0x00000000d5a00000)
  to   space 1024K, 0% used [0x00000000d5800000,0x00000000d5800000,0x00000000d5900000)
 ParOldGen       total 412672K, used 329293K [0x0000000080000000, 0x0000000099300000, 0x00000000d5580000)
  object space 412672K, 79% used [0x0000000080000000,0x00000000941937b8,0x0000000099300000)
 Metaspace       used 70348K, committed 71744K, reserved 1114112K
  class space    used 7480K, committed 8128K, reserved 1048576K
}
Event: 69.390 GC heap after
{Heap after GC invocations=588 (full 3):
 PSYoungGen      total 3584K, used 1000K [0x00000000d5580000, 0x00000000d5f00000, 0x0000000100000000)
  eden space 2560K, 0% used [0x00000000d5580000,0x00000000d5580000,0x00000000d5800000)
  from space 1024K, 97% used [0x00000000d5800000,0x00000000d58fa170,0x00000000d5900000)
  to   space 3584K, 0% used [0x00000000d5b80000,0x00000000d5b80000,0x00000000d5f00000)
 ParOldGen       total 412672K, used 331075K [0x0000000080000000, 0x0000000099300000, 0x00000000d5580000)
  object space 412672K, 80% used [0x0000000080000000,0x0000000094350da8,0x0000000099300000)
 Metaspace       used 70348K, committed 71744K, reserved 1114112K
  class space    used 7480K, committed 8128K, reserved 1048576K
}
Event: 69.397 GC heap before
{Heap before GC invocations=589 (full 3):
 PSYoungGen      total 3584K, used 3560K [0x00000000d5580000, 0x00000000d5f00000, 0x0000000100000000)
  eden space 2560K, 100% used [0x00000000d5580000,0x00000000d5800000,0x00000000d5800000)
  from space 1024K, 97% used [0x00000000d5800000,0x00000000d58fa170,0x00000000d5900000)
  to   space 3584K, 0% used [0x00000000d5b80000,0x00000000d5b80000,0x00000000d5f00000)
 ParOldGen       total 412672K, used 331075K [0x0000000080000000, 0x0000000099300000, 0x00000000d5580000)
  object space 412672K, 80% used [0x0000000080000000,0x0000000094350da8,0x0000000099300000)
 Metaspace       used 70348K, committed 71744K, reserved 1114112K
  class space    used 7480K, committed 8128K, reserved 1048576K
}
Event: 69.399 GC heap after
{Heap after GC invocations=589 (full 3):
 PSYoungGen      total 4608K, used 1632K [0x00000000d5580000, 0x00000000d5d80000, 0x0000000100000000)
  eden space 2560K, 0% used [0x00000000d5580000,0x00000000d5580000,0x00000000d5800000)
  from space 2048K, 79% used [0x00000000d5b80000,0x00000000d5d18000,0x00000000d5d80000)
  to   space 2048K, 0% used [0x00000000d5980000,0x00000000d5980000,0x00000000d5b80000)
 ParOldGen       total 412672K, used 332115K [0x0000000080000000, 0x0000000099300000, 0x00000000d5580000)
  object space 412672K, 80% used [0x0000000080000000,0x0000000094454f18,0x0000000099300000)
 Metaspace       used 70348K, committed 71744K, reserved 1114112K
  class space    used 7480K, committed 8128K, reserved 1048576K
}
Event: 69.685 GC heap before
{Heap before GC invocations=590 (full 3):
 PSYoungGen      total 4608K, used 4192K [0x00000000d5580000, 0x00000000d5d80000, 0x0000000100000000)
  eden space 2560K, 100% used [0x00000000d5580000,0x00000000d5800000,0x00000000d5800000)
  from space 2048K, 79% used [0x00000000d5b80000,0x00000000d5d18000,0x00000000d5d80000)
  to   space 2048K, 0% used [0x00000000d5980000,0x00000000d5980000,0x00000000d5b80000)
 ParOldGen       total 412672K, used 332115K [0x0000000080000000, 0x0000000099300000, 0x00000000d5580000)
  object space 412672K, 80% used [0x0000000080000000,0x0000000094454f18,0x0000000099300000)
 Metaspace       used 70375K, committed 71808K, reserved 1114112K
  class space    used 7480K, committed 8128K, reserved 1048576K
}
Event: 69.687 GC heap after
{Heap after GC invocations=590 (full 3):
 PSYoungGen      total 3072K, used 416K [0x00000000d5580000, 0x00000000d5c00000, 0x0000000100000000)
  eden space 2560K, 0% used [0x00000000d5580000,0x00000000d5580000,0x00000000d5800000)
  from space 512K, 81% used [0x00000000d5980000,0x00000000d59e8000,0x00000000d5a00000)
  to   space 1024K, 0% used [0x00000000d5b00000,0x00000000d5b00000,0x00000000d5c00000)
 ParOldGen       total 412672K, used 333635K [0x0000000080000000, 0x0000000099300000, 0x00000000d5580000)
  object space 412672K, 80% used [0x0000000080000000,0x00000000945d0c18,0x0000000099300000)
 Metaspace       used 70375K, committed 71808K, reserved 1114112K
  class space    used 7480K, committed 8128K, reserved 1048576K
}
Event: 69.690 GC heap before
{Heap before GC invocations=591 (full 3):
 PSYoungGen      total 3072K, used 2976K [0x00000000d5580000, 0x00000000d5c00000, 0x0000000100000000)
  eden space 2560K, 100% used [0x00000000d5580000,0x00000000d5800000,0x00000000d5800000)
  from space 512K, 81% used [0x00000000d5980000,0x00000000d59e8000,0x00000000d5a00000)
  to   space 1024K, 0% used [0x00000000d5b00000,0x00000000d5b00000,0x00000000d5c00000)
 ParOldGen       total 412672K, used 333635K [0x0000000080000000, 0x0000000099300000, 0x00000000d5580000)
  object space 412672K, 80% used [0x0000000080000000,0x00000000945d0c18,0x0000000099300000)
 Metaspace       used 70379K, committed 71808K, reserved 1114112K
  class space    used 7480K, committed 8128K, reserved 1048576K
}
Event: 69.692 GC heap after
{Heap after GC invocations=591 (full 3):
 PSYoungGen      total 3584K, used 1001K [0x00000000d5580000, 0x00000000d5e00000, 0x0000000100000000)
  eden space 2560K, 0% used [0x00000000d5580000,0x00000000d5580000,0x00000000d5800000)
  from space 1024K, 97% used [0x00000000d5b00000,0x00000000d5bfa5b0,0x00000000d5c00000)
  to   space 3072K, 0% used [0x00000000d5800000,0x00000000d5800000,0x00000000d5b00000)
 ParOldGen       total 412672K, used 335152K [0x0000000080000000, 0x0000000099300000, 0x00000000d5580000)
  object space 412672K, 81% used [0x0000000080000000,0x000000009474c038,0x0000000099300000)
 Metaspace       used 70379K, committed 71808K, reserved 1114112K
  class space    used 7480K, committed 8128K, reserved 1048576K
}
Event: 69.697 GC heap before
{Heap before GC invocations=592 (full 3):
 PSYoungGen      total 3584K, used 3561K [0x00000000d5580000, 0x00000000d5e00000, 0x0000000100000000)
  eden space 2560K, 100% used [0x00000000d5580000,0x00000000d5800000,0x00000000d5800000)
  from space 1024K, 97% used [0x00000000d5b00000,0x00000000d5bfa5b0,0x00000000d5c00000)
  to   space 3072K, 0% used [0x00000000d5800000,0x00000000d5800000,0x00000000d5b00000)
 ParOldGen       total 412672K, used 335152K [0x0000000080000000, 0x0000000099300000, 0x00000000d5580000)
  object space 412672K, 81% used [0x0000000080000000,0x000000009474c038,0x0000000099300000)
 Metaspace       used 70379K, committed 71808K, reserved 1114112K
  class space    used 7480K, committed 8128K, reserved 1048576K
}
Event: 69.699 GC heap after
{Heap after GC invocations=592 (full 3):
 PSYoungGen      total 5632K, used 2528K [0x00000000d5580000, 0x00000000d5e00000, 0x0000000100000000)
  eden space 2560K, 0% used [0x00000000d5580000,0x00000000d5580000,0x00000000d5800000)
  from space 3072K, 82% used [0x00000000d5800000,0x00000000d5a78000,0x00000000d5b00000)
  to   space 3072K, 0% used [0x00000000d5b00000,0x00000000d5b00000,0x00000000d5e00000)
 ParOldGen       total 412672K, used 336185K [0x0000000080000000, 0x0000000099300000, 0x00000000d5580000)
  object space 412672K, 81% used [0x0000000080000000,0x000000009484e5e8,0x0000000099300000)
 Metaspace       used 70379K, committed 71808K, reserved 1114112K
  class space    used 7480K, committed 8128K, reserved 1048576K
}
Event: 69.706 GC heap before
{Heap before GC invocations=593 (full 3):
 PSYoungGen      total 5632K, used 5088K [0x00000000d5580000, 0x00000000d5e00000, 0x0000000100000000)
  eden space 2560K, 100% used [0x00000000d5580000,0x00000000d5800000,0x00000000d5800000)
  from space 3072K, 82% used [0x00000000d5800000,0x00000000d5a78000,0x00000000d5b00000)
  to   space 3072K, 0% used [0x00000000d5b00000,0x00000000d5b00000,0x00000000d5e00000)
 ParOldGen       total 412672K, used 336185K [0x0000000080000000, 0x0000000099300000, 0x00000000d5580000)
  object space 412672K, 81% used [0x0000000080000000,0x000000009484e5e8,0x0000000099300000)
 Metaspace       used 70379K, committed 71808K, reserved 1114112K
  class space    used 7480K, committed 8128K, reserved 1048576K
}
Event: 69.708 GC heap after
{Heap after GC invocations=593 (full 3):
 PSYoungGen      total 4608K, used 1952K [0x00000000d5580000, 0x00000000d5d00000, 0x0000000100000000)
  eden space 2560K, 0% used [0x00000000d5580000,0x00000000d5580000,0x00000000d5800000)
  from space 2048K, 95% used [0x00000000d5b00000,0x00000000d5ce8000,0x00000000d5d00000)
  to   space 2560K, 0% used [0x00000000d5800000,0x00000000d5800000,0x00000000d5a80000)
 ParOldGen       total 412672K, used 338665K [0x0000000080000000, 0x0000000099300000, 0x00000000d5580000)
  object space 412672K, 82% used [0x0000000080000000,0x0000000094aba5e8,0x0000000099300000)
 Metaspace       used 70379K, committed 71808K, reserved 1114112K
  class space    used 7480K, committed 8128K, reserved 1048576K
}
Event: 69.721 GC heap before
{Heap before GC invocations=594 (full 3):
 PSYoungGen      total 4608K, used 4512K [0x00000000d5580000, 0x00000000d5d00000, 0x0000000100000000)
  eden space 2560K, 100% used [0x00000000d5580000,0x00000000d5800000,0x00000000d5800000)
  from space 2048K, 95% used [0x00000000d5b00000,0x00000000d5ce8000,0x00000000d5d00000)
  to   space 2560K, 0% used [0x00000000d5800000,0x00000000d5800000,0x00000000d5a80000)
 ParOldGen       total 412672K, used 338665K [0x0000000080000000, 0x0000000099300000, 0x00000000d5580000)
  object space 412672K, 82% used [0x0000000080000000,0x0000000094aba5e8,0x0000000099300000)
 Metaspace       used 70379K, committed 71808K, reserved 1114112K
  class space    used 7480K, committed 8128K, reserved 1048576K
}
Event: 69.723 GC heap after
{Heap after GC invocations=594 (full 3):
 PSYoungGen      total 5120K, used 2534K [0x00000000d5580000, 0x00000000d6200000, 0x0000000100000000)
  eden space 2560K, 0% used [0x00000000d5580000,0x00000000d5580000,0x00000000d5800000)
  from space 2560K, 99% used [0x00000000d5800000,0x00000000d5a79ae0,0x00000000d5a80000)
  to   space 5120K, 0% used [0x00000000d5d00000,0x00000000d5d00000,0x00000000d6200000)
 ParOldGen       total 412672K, used 340601K [0x0000000080000000, 0x0000000099300000, 0x00000000d5580000)
  object space 412672K, 82% used [0x0000000080000000,0x0000000094c9e5e8,0x0000000099300000)
 Metaspace       used 70379K, committed 71808K, reserved 1114112K
  class space    used 7480K, committed 8128K, reserved 1048576K
}
Event: 69.788 GC heap before
{Heap before GC invocations=595 (full 3):
 PSYoungGen      total 5120K, used 5094K [0x00000000d5580000, 0x00000000d6200000, 0x0000000100000000)
  eden space 2560K, 100% used [0x00000000d5580000,0x00000000d5800000,0x00000000d5800000)
  from space 2560K, 99% used [0x00000000d5800000,0x00000000d5a79ae0,0x00000000d5a80000)
  to   space 5120K, 0% used [0x00000000d5d00000,0x00000000d5d00000,0x00000000d6200000)
 ParOldGen       total 412672K, used 340601K [0x0000000080000000, 0x0000000099300000, 0x00000000d5580000)
  object space 412672K, 82% used [0x0000000080000000,0x0000000094c9e5e8,0x0000000099300000)
 Metaspace       used 70380K, committed 71808K, reserved 1114112K
  class space    used 7480K, committed 8128K, reserved 1048576K
}
Event: 69.795 GC heap after
{Heap after GC invocations=595 (full 3):
 PSYoungGen      total 4608K, used 1728K [0x00000000d5580000, 0x00000000d5f00000, 0x0000000100000000)
  eden space 2560K, 0% used [0x00000000d5580000,0x00000000d5580000,0x00000000d5800000)
  from space 2048K, 84% used [0x00000000d5d00000,0x00000000d5eb0010,0x00000000d5f00000)
  to   space 3072K, 0% used [0x00000000d5900000,0x00000000d5900000,0x00000000d5c00000)
 ParOldGen       total 412672K, used 342457K [0x0000000080000000, 0x0000000099300000, 0x00000000d5580000)
  object space 412672K, 82% used [0x0000000080000000,0x0000000094e6e5e8,0x0000000099300000)
 Metaspace       used 70380K, committed 71808K, reserved 1114112K
  class space    used 7480K, committed 8128K, reserved 1048576K
}
Event: 70.136 GC heap before
{Heap before GC invocations=596 (full 3):
 PSYoungGen      total 4608K, used 4288K [0x00000000d5580000, 0x00000000d5f00000, 0x0000000100000000)
  eden space 2560K, 100% used [0x00000000d5580000,0x00000000d5800000,0x00000000d5800000)
  from space 2048K, 84% used [0x00000000d5d00000,0x00000000d5eb0010,0x00000000d5f00000)
  to   space 3072K, 0% used [0x00000000d5900000,0x00000000d5900000,0x00000000d5c00000)
 ParOldGen       total 412672K, used 342457K [0x0000000080000000, 0x0000000099300000, 0x00000000d5580000)
  object space 412672K, 82% used [0x0000000080000000,0x0000000094e6e5e8,0x0000000099300000)
 Metaspace       used 70400K, committed 71808K, reserved 1114112K
  class space    used 7480K, committed 8128K, reserved 1048576K
}
Event: 70.139 GC heap after
{Heap after GC invocations=596 (full 3):
 PSYoungGen      total 5632K, used 400K [0x00000000d5580000, 0x00000000d5d80000, 0x0000000100000000)
  eden space 2560K, 0% used [0x00000000d5580000,0x00000000d5580000,0x00000000d5800000)
  from space 3072K, 13% used [0x00000000d5900000,0x00000000d5964010,0x00000000d5c00000)
  to   space 1536K, 0% used [0x00000000d5c00000,0x00000000d5c00000,0x00000000d5d80000)
 ParOldGen       total 412672K, used 343937K [0x0000000080000000, 0x0000000099300000, 0x00000000d5580000)
  object space 412672K, 83% used [0x0000000080000000,0x0000000094fe05e8,0x0000000099300000)
 Metaspace       used 70400K, committed 71808K, reserved 1114112K
  class space    used 7480K, committed 8128K, reserved 1048576K
}
Event: 70.334 GC heap before
{Heap before GC invocations=597 (full 3):
 PSYoungGen      total 5632K, used 2960K [0x00000000d5580000, 0x00000000d5d80000, 0x0000000100000000)
  eden space 2560K, 100% used [0x00000000d5580000,0x00000000d5800000,0x00000000d5800000)
  from space 3072K, 13% used [0x00000000d5900000,0x00000000d5964010,0x00000000d5c00000)
  to   space 1536K, 0% used [0x00000000d5c00000,0x00000000d5c00000,0x00000000d5d80000)
 ParOldGen       total 412672K, used 343937K [0x0000000080000000, 0x0000000099300000, 0x00000000d5580000)
  object space 412672K, 83% used [0x0000000080000000,0x0000000094fe05e8,0x0000000099300000)
 Metaspace       used 70401K, committed 71808K, reserved 1114112K
  class space    used 7480K, committed 8128K, reserved 1048576K
}
Event: 70.335 GC heap after
{Heap after GC invocations=597 (full 3):
 PSYoungGen      total 3072K, used 272K [0x00000000d5580000, 0x00000000d5c80000, 0x0000000100000000)
  eden space 2560K, 0% used [0x00000000d5580000,0x00000000d5580000,0x00000000d5800000)
  from space 512K, 53% used [0x00000000d5c00000,0x00000000d5c44010,0x00000000d5c80000)
  to   space 512K, 0% used [0x00000000d5b80000,0x00000000d5b80000,0x00000000d5c00000)
 ParOldGen       total 412672K, used 343985K [0x0000000080000000, 0x0000000099300000, 0x00000000d5580000)
  object space 412672K, 83% used [0x0000000080000000,0x0000000094fec5e8,0x0000000099300000)
 Metaspace       used 70401K, committed 71808K, reserved 1114112K
  class space    used 7480K, committed 8128K, reserved 1048576K
}

Dll operation events (10 events):
Event: 0.008 Loaded shared library c:\Users\jcabcas2806\.vscode\extensions\redhat.java-1.46.0-win32-x64\jre\21.0.8-win32-x86_64\bin\java.dll
Event: 0.053 Loaded shared library c:\Users\jcabcas2806\.vscode\extensions\redhat.java-1.46.0-win32-x64\jre\21.0.8-win32-x86_64\bin\zip.dll
Event: 0.068 Loaded shared library C:\Users\jcabcas2806\.vscode\extensions\redhat.java-1.46.0-win32-x64\jre\21.0.8-win32-x86_64\bin\instrument.dll
Event: 0.071 Loaded shared library C:\Users\jcabcas2806\.vscode\extensions\redhat.java-1.46.0-win32-x64\jre\21.0.8-win32-x86_64\bin\net.dll
Event: 0.073 Loaded shared library C:\Users\jcabcas2806\.vscode\extensions\redhat.java-1.46.0-win32-x64\jre\21.0.8-win32-x86_64\bin\nio.dll
Event: 0.076 Loaded shared library C:\Users\jcabcas2806\.vscode\extensions\redhat.java-1.46.0-win32-x64\jre\21.0.8-win32-x86_64\bin\zip.dll
Event: 0.090 Loaded shared library C:\Users\jcabcas2806\.vscode\extensions\redhat.java-1.46.0-win32-x64\jre\21.0.8-win32-x86_64\bin\jimage.dll
Event: 0.139 Loaded shared library c:\Users\jcabcas2806\.vscode\extensions\redhat.java-1.46.0-win32-x64\jre\21.0.8-win32-x86_64\bin\verify.dll
Event: 0.871 Loaded shared library C:\Users\jcabcas2806\AppData\Roaming\Code\User\globalStorage\redhat.java\1.46.0\config_win\org.eclipse.equinox.launcher\org.eclipse.equinox.launcher.win32.win32.x86_64_1.2.1400.v20250801-0854\eclipse_11916.dll
Event: 1.772 Loaded shared library C:\Users\jcabcas2806\AppData\Local\Temp\jna-842342343\jna14737204125302166139.dll

Deoptimization events (20 events):
Event: 70.118 Thread 0x00000271ede10ec0 Uncommon trap: trap_request=0xffffffc6 fr.pc=0x00000271e0c6c674 relative=0x00000000000005f4
Event: 70.118 Thread 0x00000271ede10ec0 Uncommon trap: reason=bimorphic_or_optimized_type_check action=maybe_recompile pc=0x00000271e0c6c674 method=org.eclipse.jdt.internal.compiler.parser.Parser.consumeRule(I)V @ 4258 c2
Event: 70.118 Thread 0x00000271ede10ec0 DEOPT PACKING pc=0x00000271e0c6c674 sp=0x0000008beb4fefb0
Event: 70.118 Thread 0x00000271ede10ec0 DEOPT UNPACKING pc=0x00000271dfe53aa2 sp=0x0000008beb4fef30 mode 2
Event: 70.118 Thread 0x00000271ede10ec0 Uncommon trap: trap_request=0xffffffc6 fr.pc=0x00000271e0c6c7d4 relative=0x0000000000000754
Event: 70.118 Thread 0x00000271ede10ec0 Uncommon trap: reason=bimorphic_or_optimized_type_check action=maybe_recompile pc=0x00000271e0c6c7d4 method=org.eclipse.jdt.internal.compiler.parser.Parser.consumeRule(I)V @ 4272 c2
Event: 70.118 Thread 0x00000271ede10ec0 DEOPT PACKING pc=0x00000271e0c6c7d4 sp=0x0000008beb4fefb0
Event: 70.118 Thread 0x00000271ede10ec0 DEOPT UNPACKING pc=0x00000271dfe53aa2 sp=0x0000008beb4fef30 mode 2
Event: 70.118 Thread 0x00000271ede10ec0 Uncommon trap: trap_request=0xffffffc6 fr.pc=0x00000271e0c6c674 relative=0x00000000000005f4
Event: 70.118 Thread 0x00000271ede10ec0 Uncommon trap: reason=bimorphic_or_optimized_type_check action=maybe_recompile pc=0x00000271e0c6c674 method=org.eclipse.jdt.internal.compiler.parser.Parser.consumeRule(I)V @ 4258 c2
Event: 70.118 Thread 0x00000271ede10ec0 DEOPT PACKING pc=0x00000271e0c6c674 sp=0x0000008beb4fefb0
Event: 70.118 Thread 0x00000271ede10ec0 DEOPT UNPACKING pc=0x00000271dfe53aa2 sp=0x0000008beb4fef30 mode 2
Event: 70.337 Thread 0x00000271ede0edf0 Uncommon trap: trap_request=0xffffffc6 fr.pc=0x00000271e0c8241c relative=0x0000000000000e3c
Event: 70.337 Thread 0x00000271ede0edf0 Uncommon trap: reason=bimorphic_or_optimized_type_check action=maybe_recompile pc=0x00000271e0c8241c method=org.eclipse.jdt.internal.compiler.parser.Parser.consumeRule(I)V @ 4953 c2
Event: 70.337 Thread 0x00000271ede0edf0 DEOPT PACKING pc=0x00000271e0c8241c sp=0x0000008beb8fe880
Event: 70.337 Thread 0x00000271ede0edf0 DEOPT UNPACKING pc=0x00000271dfe53aa2 sp=0x0000008beb8fe800 mode 2
Event: 70.342 Thread 0x00000271ede0edf0 Uncommon trap: trap_request=0xffffffc6 fr.pc=0x00000271e0c8241c relative=0x0000000000000e3c
Event: 70.342 Thread 0x00000271ede0edf0 Uncommon trap: reason=bimorphic_or_optimized_type_check action=maybe_recompile pc=0x00000271e0c8241c method=org.eclipse.jdt.internal.compiler.parser.Parser.consumeRule(I)V @ 4953 c2
Event: 70.342 Thread 0x00000271ede0edf0 DEOPT PACKING pc=0x00000271e0c8241c sp=0x0000008beb8fe880
Event: 70.342 Thread 0x00000271ede0edf0 DEOPT UNPACKING pc=0x00000271dfe53aa2 sp=0x0000008beb8fe800 mode 2

Classes loaded (20 events):
Event: 30.795 Loading class sun/util/locale/provider/TimeZoneNameProviderImpl done
Event: 30.795 Loading class sun/util/cldr/CLDRTimeZoneNameProviderImpl done
Event: 30.797 Loading class sun/util/locale/provider/BaseLocaleDataMetaInfo
Event: 30.797 Loading class sun/util/locale/provider/BaseLocaleDataMetaInfo done
Event: 30.798 Loading class sun/util/resources/cldr/TimeZoneNames
Event: 30.798 Loading class sun/util/resources/TimeZoneNamesBundle
Event: 30.798 Loading class sun/util/resources/OpenListResourceBundle
Event: 30.798 Loading class sun/util/resources/OpenListResourceBundle done
Event: 30.798 Loading class sun/util/resources/TimeZoneNamesBundle done
Event: 30.798 Loading class sun/util/resources/cldr/TimeZoneNames done
Event: 30.798 Loading class sun/util/resources/cldr/TimeZoneNames_en
Event: 30.799 Loading class sun/util/resources/cldr/TimeZoneNames_en done
Event: 30.799 Loading class sun/util/resources/cldr/TimeZoneNames_en_US
Event: 30.799 Loading class sun/util/resources/cldr/TimeZoneNames_en_US done
Event: 30.800 Loading class sun/util/cldr/CLDRBaseLocaleDataMetaInfo$TZCanonicalIDMapHolder
Event: 30.801 Loading class sun/util/cldr/CLDRBaseLocaleDataMetaInfo$TZCanonicalIDMapHolder done
Event: 30.802 Loading class sun/util/resources/TimeZoneNames
Event: 30.802 Loading class sun/util/resources/TimeZoneNames done
Event: 30.803 Loading class sun/util/resources/TimeZoneNames_en
Event: 30.803 Loading class sun/util/resources/TimeZoneNames_en done

Classes unloaded (8 events):
Event: 2.140 Thread 0x00000271d577fbc0 Unloading class 0x00000271811acc00 'java/lang/invoke/LambdaForm$MH+0x00000271811acc00'
Event: 2.140 Thread 0x00000271d577fbc0 Unloading class 0x00000271811ac800 'java/lang/invoke/LambdaForm$MH+0x00000271811ac800'
Event: 2.140 Thread 0x00000271d577fbc0 Unloading class 0x00000271811ac400 'java/lang/invoke/LambdaForm$MH+0x00000271811ac400'
Event: 2.140 Thread 0x00000271d577fbc0 Unloading class 0x00000271811ac000 'java/lang/invoke/LambdaForm$MH+0x00000271811ac000'
Event: 2.140 Thread 0x00000271d577fbc0 Unloading class 0x00000271811abc00 'java/lang/invoke/LambdaForm$BMH+0x00000271811abc00'
Event: 2.140 Thread 0x00000271d577fbc0 Unloading class 0x00000271811ab800 'java/lang/invoke/LambdaForm$DMH+0x00000271811ab800'
Event: 2.140 Thread 0x00000271d577fbc0 Unloading class 0x00000271811aa400 'java/lang/invoke/LambdaForm$DMH+0x00000271811aa400'
Event: 9.056 Thread 0x00000271d577fbc0 Unloading class 0x00000271816b4400 'java/lang/invoke/LambdaForm$DMH+0x00000271816b4400'

Classes redefined (0 events):
No events

Internal exceptions (20 events):
Event: 48.953 Thread 0x00000271ede10ec0 Exception <a 'sun/nio/fs/WindowsException'{0x00000000d56fbaa0}> (0x00000000d56fbaa0) 
thrown [s\src\hotspot\share\prims\jni.cpp, line 520]
Event: 49.011 Thread 0x00000271ede10ec0 Exception <a 'sun/nio/fs/WindowsException'{0x00000000d570f610}> (0x00000000d570f610) 
thrown [s\src\hotspot\share\prims\jni.cpp, line 520]
Event: 51.651 Thread 0x00000271ede10ec0 Exception <a 'sun/nio/fs/WindowsException'{0x00000000d5583a68}> (0x00000000d5583a68) 
thrown [s\src\hotspot\share\prims\jni.cpp, line 520]
Event: 51.716 Thread 0x00000271ede10ec0 Exception <a 'sun/nio/fs/WindowsException'{0x00000000d5599180}> (0x00000000d5599180) 
thrown [s\src\hotspot\share\prims\jni.cpp, line 520]
Event: 57.008 Thread 0x00000271ede10ec0 Exception <a 'sun/nio/fs/WindowsException'{0x00000000d58423b8}> (0x00000000d58423b8) 
thrown [s\src\hotspot\share\prims\jni.cpp, line 520]
Event: 57.094 Thread 0x00000271ede10ec0 Exception <a 'sun/nio/fs/WindowsException'{0x00000000d5707178}> (0x00000000d5707178) 
thrown [s\src\hotspot\share\prims\jni.cpp, line 520]
Event: 57.919 Thread 0x00000271ede149d0 Exception <a 'java/lang/ArrayIndexOutOfBoundsException'{0x00000000d5626388}> (0x00000000d5626388) 
thrown [s\src\hotspot\share\runtime\sharedRuntime.cpp, line 625]
Event: 57.920 Thread 0x00000271ede149d0 Exception <a 'java/lang/ArrayIndexOutOfBoundsException'{0x00000000d56a2148}> (0x00000000d56a2148) 
thrown [s\src\hotspot\share\runtime\sharedRuntime.cpp, line 625]
Event: 57.921 Thread 0x00000271ede149d0 Exception <a 'java/lang/ArrayIndexOutOfBoundsException'{0x00000000d56a65a0}> (0x00000000d56a65a0) 
thrown [s\src\hotspot\share\runtime\sharedRuntime.cpp, line 625]
Event: 57.921 Thread 0x00000271ede149d0 Exception <a 'java/lang/ArrayIndexOutOfBoundsException'{0x00000000d56a6dd8}> (0x00000000d56a6dd8) 
thrown [s\src\hotspot\share\runtime\sharedRuntime.cpp, line 625]
Event: 58.214 Thread 0x00000271f4c9f130 Implicit null exception at 0x00000271e0a2a1d4 to 0x00000271e0a2a25c
Event: 61.288 Thread 0x00000271ede10ec0 Exception <a 'sun/nio/fs/WindowsException'{0x00000000d573e768}> (0x00000000d573e768) 
thrown [s\src\hotspot\share\prims\jni.cpp, line 520]
Event: 61.348 Thread 0x00000271ede10ec0 Exception <a 'sun/nio/fs/WindowsException'{0x00000000d569c538}> (0x00000000d569c538) 
thrown [s\src\hotspot\share\prims\jni.cpp, line 520]
Event: 68.213 Thread 0x00000271ede149d0 Exception <a 'java/lang/ArrayIndexOutOfBoundsException'{0x00000000d55f44b0}> (0x00000000d55f44b0) 
thrown [s\src\hotspot\share\runtime\sharedRuntime.cpp, line 625]
Event: 68.215 Thread 0x00000271ede149d0 Exception <a 'java/lang/ArrayIndexOutOfBoundsException'{0x00000000d568f010}> (0x00000000d568f010) 
thrown [s\src\hotspot\share\runtime\sharedRuntime.cpp, line 625]
Event: 68.216 Thread 0x00000271ede149d0 Exception <a 'java/lang/ArrayIndexOutOfBoundsException'{0x00000000d56934e0}> (0x00000000d56934e0) 
thrown [s\src\hotspot\share\runtime\sharedRuntime.cpp, line 625]
Event: 68.216 Thread 0x00000271ede149d0 Exception <a 'java/lang/ArrayIndexOutOfBoundsException'{0x00000000d5693d30}> (0x00000000d5693d30) 
thrown [s\src\hotspot\share\runtime\sharedRuntime.cpp, line 625]
Event: 69.368 Thread 0x00000271f4ca0b70 Exception <a 'java/lang/ArrayIndexOutOfBoundsException'{0x00000000d575e298}> (0x00000000d575e298) 
thrown [s\src\hotspot\share\runtime\sharedRuntime.cpp, line 625]
Event: 69.684 Thread 0x00000271ede10ec0 Exception <a 'sun/nio/fs/WindowsException'{0x00000000d57f4940}> (0x00000000d57f4940) 
thrown [s\src\hotspot\share\prims\jni.cpp, line 520]
Event: 69.744 Thread 0x00000271ede10ec0 Exception <a 'sun/nio/fs/WindowsException'{0x00000000d5761538}> (0x00000000d5761538) 
thrown [s\src\hotspot\share\prims\jni.cpp, line 520]

ZGC Phase Switch (0 events):
No events

VM Operations (20 events):
Event: 69.388 Executing VM operation: ParallelGCFailedAllocation (Allocation Failure)
Event: 69.390 Executing VM operation: ParallelGCFailedAllocation (Allocation Failure) done
Event: 69.397 Executing VM operation: ParallelGCFailedAllocation (Allocation Failure)
Event: 69.399 Executing VM operation: ParallelGCFailedAllocation (Allocation Failure) done
Event: 69.685 Executing VM operation: ParallelGCFailedAllocation (Allocation Failure)
Event: 69.687 Executing VM operation: ParallelGCFailedAllocation (Allocation Failure) done
Event: 69.690 Executing VM operation: ParallelGCFailedAllocation (Allocation Failure)
Event: 69.692 Executing VM operation: ParallelGCFailedAllocation (Allocation Failure) done
Event: 69.697 Executing VM operation: ParallelGCFailedAllocation (Allocation Failure)
Event: 69.699 Executing VM operation: ParallelGCFailedAllocation (Allocation Failure) done
Event: 69.706 Executing VM operation: ParallelGCFailedAllocation (Allocation Failure)
Event: 69.708 Executing VM operation: ParallelGCFailedAllocation (Allocation Failure) done
Event: 69.721 Executing VM operation: ParallelGCFailedAllocation (Allocation Failure)
Event: 69.723 Executing VM operation: ParallelGCFailedAllocation (Allocation Failure) done
Event: 69.788 Executing VM operation: ParallelGCFailedAllocation (Allocation Failure)
Event: 69.795 Executing VM operation: ParallelGCFailedAllocation (Allocation Failure) done
Event: 70.136 Executing VM operation: ParallelGCFailedAllocation (Allocation Failure)
Event: 70.139 Executing VM operation: ParallelGCFailedAllocation (Allocation Failure) done
Event: 70.334 Executing VM operation: ParallelGCFailedAllocation (Allocation Failure)
Event: 70.335 Executing VM operation: ParallelGCFailedAllocation (Allocation Failure) done

Memory protections (0 events):
No events

Nmethod flushes (20 events):
Event: 9.069 Thread 0x00000271d577fbc0 flushing  nmethod 0x00000271d9132110
Event: 9.069 Thread 0x00000271d577fbc0 flushing  nmethod 0x00000271d9135890
Event: 9.069 Thread 0x00000271d577fbc0 flushing  nmethod 0x00000271d9139390
Event: 9.069 Thread 0x00000271d577fbc0 flushing  nmethod 0x00000271d9139c90
Event: 9.069 Thread 0x00000271d577fbc0 flushing  nmethod 0x00000271d913a290
Event: 9.069 Thread 0x00000271d577fbc0 flushing  nmethod 0x00000271d913a890
Event: 9.069 Thread 0x00000271d577fbc0 flushing  nmethod 0x00000271d913ad90
Event: 9.069 Thread 0x00000271d577fbc0 flushing  nmethod 0x00000271d913b510
Event: 9.069 Thread 0x00000271d577fbc0 flushing  nmethod 0x00000271d913f590
Event: 9.069 Thread 0x00000271d577fbc0 flushing  nmethod 0x00000271d9140090
Event: 9.069 Thread 0x00000271d577fbc0 flushing  nmethod 0x00000271d9140410
Event: 9.069 Thread 0x00000271d577fbc0 flushing  nmethod 0x00000271d9141e90
Event: 9.069 Thread 0x00000271d577fbc0 flushing  nmethod 0x00000271d9143390
Event: 9.069 Thread 0x00000271d577fbc0 flushing  nmethod 0x00000271d9143a90
Event: 9.069 Thread 0x00000271d577fbc0 flushing osr nmethod 0x00000271d9149610
Event: 9.069 Thread 0x00000271d577fbc0 flushing  nmethod 0x00000271d914b610
Event: 9.069 Thread 0x00000271d577fbc0 flushing  nmethod 0x00000271d914bf90
Event: 9.069 Thread 0x00000271d577fbc0 flushing  nmethod 0x00000271d9159210
Event: 9.069 Thread 0x00000271d577fbc0 flushing  nmethod 0x00000271d9159e10
Event: 9.069 Thread 0x00000271d577fbc0 flushing  nmethod 0x00000271d915a410

Events (20 events):
Event: 30.177 Thread 0x00000271f4237440 Thread exited: 0x00000271f4237440
Event: 30.511 Thread 0x00000271d565aab0 Thread added: 0x00000271fe0b9420
Event: 31.168 Thread 0x00000271fe0b9420 Thread exited: 0x00000271fe0b9420
Event: 31.525 Thread 0x00000271d565aab0 Thread added: 0x00000271fe09c390
Event: 31.782 Thread 0x00000271fe09c390 Thread exited: 0x00000271fe09c390
Event: 32.338 Thread 0x00000271d565aab0 Thread added: 0x00000271f3fd6890
Event: 32.496 Thread 0x00000271f3fd6890 Thread exited: 0x00000271f3fd6890
Event: 32.877 Thread 0x00000271d565aab0 Thread added: 0x00000271fe8e4180
Event: 33.151 Thread 0x00000271fe8e4180 Thread exited: 0x00000271fe8e4180
Event: 33.179 Thread 0x00000271d565aab0 Thread added: 0x00000271fdf37430
Event: 33.378 Thread 0x00000271fdf37430 Thread exited: 0x00000271fdf37430
Event: 33.520 Thread 0x00000271ede0edf0 Thread added: 0x00000271f4ca25b0
Event: 34.053 Thread 0x00000271d565aab0 Thread added: 0x00000271f4d6eff0
Event: 34.719 Thread 0x00000271f4d6eff0 Thread exited: 0x00000271f4d6eff0
Event: 34.748 Thread 0x00000271d565aab0 Thread added: 0x00000271fdbdcb40
Event: 35.155 Thread 0x00000271fdbdcb40 Thread exited: 0x00000271fdbdcb40
Event: 43.661 Thread 0x00000271d565aab0 Thread added: 0x00000271fdbe4b30
Event: 44.728 Thread 0x00000271fdbe4b30 Thread exited: 0x00000271fdbe4b30
Event: 51.882 Thread 0x00000271d565aab0 Thread added: 0x00000271fe6aaed0
Event: 52.061 Thread 0x00000271fe6aaed0 Thread exited: 0x00000271fe6aaed0


Dynamic libraries:
0x00007ff770d30000 - 0x00007ff770d3e000 	c:\Users\jcabcas2806\.vscode\extensions\redhat.java-1.46.0-win32-x64\jre\21.0.8-win32-x86_64\bin\java.exe
0x00007ffe09420000 - 0x00007ffe09688000 	C:\WINDOWS\SYSTEM32\ntdll.dll
0x00007ffe088f0000 - 0x00007ffe089b9000 	C:\WINDOWS\System32\KERNEL32.DLL
0x00007ffe06bc0000 - 0x00007ffe06fb2000 	C:\WINDOWS\System32\KERNELBASE.dll
0x00007ffe069a0000 - 0x00007ffe06aeb000 	C:\WINDOWS\System32\ucrtbase.dll
0x00007ffdffef0000 - 0x00007ffdfff08000 	c:\Users\jcabcas2806\.vscode\extensions\redhat.java-1.46.0-win32-x64\jre\21.0.8-win32-x86_64\bin\jli.dll
0x00007ffe07d00000 - 0x00007ffe07ec5000 	C:\WINDOWS\System32\USER32.dll
0x00007ffe06af0000 - 0x00007ffe06b17000 	C:\WINDOWS\System32\win32u.dll
0x00007ffe072f0000 - 0x00007ffe0731b000 	C:\WINDOWS\System32\GDI32.dll
0x00007ffe06660000 - 0x00007ffe0678d000 	C:\WINDOWS\System32\gdi32full.dll
0x00007ffe065b0000 - 0x00007ffe06653000 	C:\WINDOWS\System32\msvcp_win.dll
0x00007ffde7170000 - 0x00007ffde718e000 	c:\Users\jcabcas2806\.vscode\extensions\redhat.java-1.46.0-win32-x64\jre\21.0.8-win32-x86_64\bin\VCRUNTIME140.dll
0x00007ffddb310000 - 0x00007ffddb5a3000 	C:\WINDOWS\WinSxS\amd64_microsoft.windows.common-controls_6595b64144ccf1df_6.0.26100.6725_none_3e085828e334708b\COMCTL32.dll
0x00007ffe08e70000 - 0x00007ffe08f19000 	C:\WINDOWS\System32\msvcrt.dll
0x00007ffe07ed0000 - 0x00007ffe07eff000 	C:\WINDOWS\System32\IMM32.DLL
0x00007ffe03130000 - 0x00007ffe0313c000 	c:\Users\jcabcas2806\.vscode\extensions\redhat.java-1.46.0-win32-x64\jre\21.0.8-win32-x86_64\bin\vcruntime140_1.dll
0x00007ffde1e60000 - 0x00007ffde1eed000 	c:\Users\jcabcas2806\.vscode\extensions\redhat.java-1.46.0-win32-x64\jre\21.0.8-win32-x86_64\bin\msvcp140.dll
0x00007ffd78f90000 - 0x00007ffd79d27000 	c:\Users\jcabcas2806\.vscode\extensions\redhat.java-1.46.0-win32-x64\jre\21.0.8-win32-x86_64\bin\server\jvm.dll
0x00007ffe085d0000 - 0x00007ffe08684000 	C:\WINDOWS\System32\ADVAPI32.dll
0x00007ffe08cf0000 - 0x00007ffe08d96000 	C:\WINDOWS\System32\sechost.dll
0x00007ffe07320000 - 0x00007ffe07438000 	C:\WINDOWS\System32\RPCRT4.dll
0x00007ffe08690000 - 0x00007ffe08704000 	C:\WINDOWS\System32\WS2_32.dll
0x00007ffe06410000 - 0x00007ffe0646e000 	C:\WINDOWS\SYSTEM32\POWRPROF.dll
0x00007ffdf9210000 - 0x00007ffdf9245000 	C:\WINDOWS\SYSTEM32\WINMM.dll
0x00007ffe004b0000 - 0x00007ffe004bb000 	C:\WINDOWS\SYSTEM32\VERSION.dll
0x00007ffe063f0000 - 0x00007ffe06404000 	C:\WINDOWS\SYSTEM32\UMPDC.dll
0x00007ffe05340000 - 0x00007ffe0535b000 	C:\WINDOWS\SYSTEM32\kernel.appcore.dll
0x00007ffdf6600000 - 0x00007ffdf660a000 	c:\Users\jcabcas2806\.vscode\extensions\redhat.java-1.46.0-win32-x64\jre\21.0.8-win32-x86_64\bin\jimage.dll
0x00007ffdf6c10000 - 0x00007ffdf6e52000 	C:\WINDOWS\SYSTEM32\DBGHELP.DLL
0x00007ffe09040000 - 0x00007ffe093bb000 	C:\WINDOWS\System32\combase.dll
0x00007ffe074d0000 - 0x00007ffe075a7000 	C:\WINDOWS\System32\OLEAUT32.dll
0x00007ffdf5b70000 - 0x00007ffdf5bac000 	C:\WINDOWS\SYSTEM32\dbgcore.DLL
0x00007ffe06b20000 - 0x00007ffe06bb8000 	C:\WINDOWS\System32\bcryptPrimitives.dll
0x00007ffdf1390000 - 0x00007ffdf139f000 	c:\Users\jcabcas2806\.vscode\extensions\redhat.java-1.46.0-win32-x64\jre\21.0.8-win32-x86_64\bin\instrument.dll
0x00007ffde7150000 - 0x00007ffde716f000 	c:\Users\jcabcas2806\.vscode\extensions\redhat.java-1.46.0-win32-x64\jre\21.0.8-win32-x86_64\bin\java.dll
0x00007ffe075b0000 - 0x00007ffe07cfc000 	C:\WINDOWS\System32\SHELL32.dll
0x00007ffe06fc0000 - 0x00007ffe0712b000 	C:\WINDOWS\System32\wintypes.dll
0x00007ffe03fd0000 - 0x00007ffe0482d000 	C:\WINDOWS\SYSTEM32\windows.storage.dll
0x00007ffe07f10000 - 0x00007ffe08002000 	C:\WINDOWS\System32\SHCORE.dll
0x00007ffe08e00000 - 0x00007ffe08e62000 	C:\WINDOWS\System32\shlwapi.dll
0x00007ffe064d0000 - 0x00007ffe064f9000 	C:\WINDOWS\SYSTEM32\profapi.dll
0x00007ffe03190000 - 0x00007ffe031a8000 	c:\Users\jcabcas2806\.vscode\extensions\redhat.java-1.46.0-win32-x64\jre\21.0.8-win32-x86_64\bin\zip.dll
0x00007ffe031d0000 - 0x00007ffe031e0000 	C:\Users\jcabcas2806\.vscode\extensions\redhat.java-1.46.0-win32-x64\jre\21.0.8-win32-x86_64\bin\net.dll
0x00007ffe00b90000 - 0x00007ffe00caf000 	C:\WINDOWS\SYSTEM32\WINHTTP.dll
0x00007ffe05890000 - 0x00007ffe058fb000 	C:\WINDOWS\system32\mswsock.dll
0x00007ffdf0af0000 - 0x00007ffdf0b06000 	C:\Users\jcabcas2806\.vscode\extensions\redhat.java-1.46.0-win32-x64\jre\21.0.8-win32-x86_64\bin\nio.dll
0x00007ffdf0ae0000 - 0x00007ffdf0af0000 	c:\Users\jcabcas2806\.vscode\extensions\redhat.java-1.46.0-win32-x64\jre\21.0.8-win32-x86_64\bin\verify.dll
0x00007ffde32a0000 - 0x00007ffde32e4000 	C:\Users\jcabcas2806\AppData\Roaming\Code\User\globalStorage\redhat.java\1.46.0\config_win\org.eclipse.equinox.launcher\org.eclipse.equinox.launcher.win32.win32.x86_64_1.2.1400.v20250801-0854\eclipse_11916.dll
0x00007ffe08b20000 - 0x00007ffe08cb8000 	C:\WINDOWS\System32\ole32.dll
0x00007ffe05c70000 - 0x00007ffe05c8b000 	C:\WINDOWS\SYSTEM32\CRYPTSP.dll
0x00007ffe052a0000 - 0x00007ffe052db000 	C:\WINDOWS\system32\rsaenh.dll
0x00007ffe05930000 - 0x00007ffe0595b000 	C:\WINDOWS\SYSTEM32\USERENV.dll
0x00007ffe064a0000 - 0x00007ffe064c6000 	C:\WINDOWS\SYSTEM32\bcrypt.dll
0x00007ffe05ad0000 - 0x00007ffe05adc000 	C:\WINDOWS\SYSTEM32\CRYPTBASE.dll
0x00007ffe04a90000 - 0x00007ffe04ac4000 	C:\WINDOWS\SYSTEM32\IPHLPAPI.DLL
0x00007ffe08010000 - 0x00007ffe0801a000 	C:\WINDOWS\System32\NSI.dll
0x00007ffde3250000 - 0x00007ffde3299000 	C:\Users\jcabcas2806\AppData\Local\Temp\jna-842342343\jna14737204125302166139.dll
0x00007ffe074c0000 - 0x00007ffe074c8000 	C:\WINDOWS\System32\PSAPI.DLL
0x00007ffe00e10000 - 0x00007ffe00e2e000 	C:\WINDOWS\SYSTEM32\dhcpcsvc6.DLL
0x00007ffe00cc0000 - 0x00007ffe00ce3000 	C:\WINDOWS\SYSTEM32\dhcpcsvc.DLL

JVMTI agents:
c:\Users\jcabcas2806\.vscode\extensions\redhat.java-1.46.0-win32-x64\lombok\lombok-1.18.39-4050.jar path:c:\Users\jcabcas2806\.vscode\extensions\redhat.java-1.46.0-win32-x64\jre\21.0.8-win32-x86_64\bin\instrument.dll, loaded, initialized, instrumentlib options:none

dbghelp: loaded successfully - version: 4.0.5 - missing functions: none
symbol engine: initialized successfully - sym options: 0x614 - pdb path: .;c:\Users\jcabcas2806\.vscode\extensions\redhat.java-1.46.0-win32-x64\jre\21.0.8-win32-x86_64\bin;C:\WINDOWS\SYSTEM32;C:\WINDOWS\WinSxS\amd64_microsoft.windows.common-controls_6595b64144ccf1df_6.0.26100.6725_none_3e085828e334708b;c:\Users\jcabcas2806\.vscode\extensions\redhat.java-1.46.0-win32-x64\jre\21.0.8-win32-x86_64\bin\server;C:\Users\jcabcas2806\AppData\Roaming\Code\User\globalStorage\redhat.java\1.46.0\config_win\org.eclipse.equinox.launcher\org.eclipse.equinox.launcher.win32.win32.x86_64_1.2.1400.v20250801-0854;C:\Users\jcabcas2806\AppData\Local\Temp\jna-842342343

VM Arguments:
jvm_args: --add-modules=ALL-SYSTEM --add-opens=java.base/java.util=ALL-UNNAMED --add-opens=java.base/java.lang=ALL-UNNAMED --add-opens=java.base/sun.nio.fs=ALL-UNNAMED -Declipse.application=org.eclipse.jdt.ls.core.id1 -Dosgi.bundles.defaultStartLevel=4 -Declipse.product=org.eclipse.jdt.ls.core.product -Djava.import.generatesMetadataFilesAtProjectRoot=false -DDetectVMInstallationsJob.disabled=true -Dfile.encoding=utf8 -XX:+UseParallelGC -XX:GCTimeRatio=4 -XX:AdaptiveSizePolicyWeight=90 -Dsun.zip.disableMemoryMapping=true -Xmx2G -Xms100m -Xlog:disable -javaagent:c:\Users\jcabcas2806\.vscode\extensions\redhat.java-1.46.0-win32-x64\lombok\lombok-1.18.39-4050.jar -XX:+HeapDumpOnOutOfMemoryError -XX:HeapDumpPath=c:\Users\jcabcas2806\AppData\Roaming\Code\User\workspaceStorage\000c2f03e22093914db578c8170fb8ab\redhat.java -Daether.dependencyCollector.impl=bf 
java_command: c:\Users\jcabcas2806\.vscode\extensions\redhat.java-1.46.0-win32-x64\server\plugins\org.eclipse.equinox.launcher_1.7.0.v20250519-0528.jar -configuration c:\Users\jcabcas2806\AppData\Roaming\Code\User\globalStorage\redhat.java\1.46.0\config_win -data c:\Users\jcabcas2806\AppData\Roaming\Code\User\workspaceStorage\000c2f03e22093914db578c8170fb8ab\redhat.java\jdt_ws --pipe=\\.\pipe\lsp-dcd22c9c1108b6012b3bbfb289dd09c7-sock
java_class_path (initial): c:\Users\jcabcas2806\.vscode\extensions\redhat.java-1.46.0-win32-x64\server\plugins\org.eclipse.equinox.launcher_1.7.0.v20250519-0528.jar
Launcher Type: SUN_STANDARD

[Global flags]
    uintx AdaptiveSizePolicyWeight                 = 90                                        {product} {command line}
     intx CICompilerCount                          = 3                                         {product} {ergonomic}
    uintx GCTimeRatio                              = 4                                         {product} {command line}
     bool HeapDumpOnOutOfMemoryError               = true                                   {manageable} {command line}
    ccstr HeapDumpPath                             = c:\Users\jcabcas2806\AppData\Roaming\Code\User\workspaceStorage\000c2f03e22093914db578c8170fb8ab\redhat.java         {manageable} {command line}
   size_t InitialHeapSize                          = 104857600                                 {product} {command line}
   size_t MaxHeapSize                              = 2147483648                                {product} {command line}
   size_t MaxNewSize                               = 715653120                                 {product} {ergonomic}
   size_t MinHeapDeltaBytes                        = 524288                                    {product} {ergonomic}
   size_t MinHeapSize                              = 104857600                                 {product} {command line}
   size_t NewSize                                  = 34603008                                  {product} {ergonomic}
    uintx NonNMethodCodeHeapSize                   = 5832780                                {pd product} {ergonomic}
    uintx NonProfiledCodeHeapSize                  = 122912730                              {pd product} {ergonomic}
   size_t OldSize                                  = 70254592                                  {product} {ergonomic}
    uintx ProfiledCodeHeapSize                     = 122912730                              {pd product} {ergonomic}
    uintx ReservedCodeCacheSize                    = 251658240                              {pd product} {ergonomic}
     bool SegmentedCodeCache                       = true                                      {product} {ergonomic}
   size_t SoftMaxHeapSize                          = 2147483648                             {manageable} {ergonomic}
     bool UseCompressedOops                        = true                           {product lp64_product} {ergonomic}
     bool UseLargePagesIndividualAllocation        = false                                  {pd product} {ergonomic}
     bool UseParallelGC                            = true                                      {product} {command line}

Logging:
Log output configuration:
 #0: stdout all=off uptime,level,tags foldmultilines=false
 #1: stderr all=off uptime,level,tags foldmultilines=false

Environment Variables:
JAVA_HOME=C:\Program Files\Java\jdk-22
CLASSPATH=.;C:\misclases
PATH=C:\Python313\Scripts\;C:\Python313\;C:\Program Files\Common Files\Oracle\Java\javapath;C:\Program Files\Eclipse Adoptium\jre-21.0.3.9-hotspot\bin;C:\Program Files\Eclipse Adoptium\jdk-21.0.3.9-hotspot\bin;C:\WINDOWS\system32;C:\WINDOWS;C:\WINDOWS\System32\Wbem;C:\WINDOWS\System32\WindowsPowerShell\v1.0\;C:\WINDOWS\System32\OpenSSH\;C:\Program Files\Microsoft VS Code\bin;C:\Program Files\Git\cmd;C:\Program Files (x86)\Microsoft SQL Server\160\Tools\Binn\;C:\Program Files\Microsoft SQL Server\160\Tools\Binn\;C:\Program Files\Microsoft SQL Server\Client SDK\ODBC\170\Tools\Binn\;C:\Program Files\Microsoft SQL Server\160\DTS\Binn\;C:\Program Files (x86)\Microsoft SQL Server\160\DTS\Binn\;C:\Program Files\Java\jdk-22\bin;C:\Program Files\apache-maven-3.9.6\bin;C:\Program Files\nodejs\;C:\ProgramData\chocolatey\bin;C:\Program Files\Docker\Docker\resources\bin;C:\Users\jcabcas2806\AppData\Local\Microsoft\WindowsApps;
USERNAME=jcabcas2806
OS=Windows_NT
PROCESSOR_IDENTIFIER=Intel64 Family 6 Model 158 Stepping 10, GenuineIntel
TMP=C:\Users\JCABCA~1\AppData\Local\Temp
TEMP=C:\Users\JCABCA~1\AppData\Local\Temp




Periodic native trim disabled

---------------  S Y S T E M  ---------------

OS:
 Windows 11 , 64 bit Build 26100 (10.0.26100.6725)
OS uptime: 0 days 1:14 hours
Hyper-V role detected

CPU: total 6 (initial active 6) (6 cores per cpu, 1 threads per core) family 6 model 158 stepping 10 microcode 0xf6, cx8, cmov, fxsr, mmx, 3dnowpref, sse, sse2, sse3, ssse3, sse4.1, sse4.2, popcnt, lzcnt, tsc, tscinvbit, avx, avx2, aes, erms, clmul, bmi1, bmi2, adx, fma, vzeroupper, clflush, clflushopt, hv, rdtscp, f16c
Processor Information for the first 6 processors :
  Max Mhz: 2808, Current Mhz: 2808, Mhz Limit: 2808

Memory: 4k page, system-wide physical 16158M (9259M free)
TotalPageFile size 17182M (AvailPageFile size 9098M)
current process WorkingSet (physical memory assigned to process): 777M, peak: 781M
current process commit charge ("private bytes"): 701M, peak: 705M

vm_info: OpenJDK 64-Bit Server VM (21.0.8+9-LTS) for windows-amd64 JRE (21.0.8+9-LTS), built on 2025-07-15T00:00:00Z by "admin" with MS VC++ 17.7 (VS2022)

END.
