#
# A fatal error has been detected by the Java Runtime Environment:
#
#  EXCEPTION_ACCESS_VIOLATION (0xc0000005) at pc=0x00007ffd7918e5eb, pid=9388, tid=11224
#
# JRE version: OpenJDK Runtime Environment Temurin-21.0.8+9 (21.0.8+9) (build 21.0.8+9-LTS)
# Java VM: OpenJDK 64-Bit Server VM Temurin-21.0.8+9 (21.0.8+9-LTS, mixed mode, sharing, tiered, compressed oops, compressed class ptrs, parallel gc, windows-amd64)
# Problematic frame:
# V  [jvm.dll+0x1fe5eb]
#
# No core dump will be written. Minidumps are not enabled by default on client versions of Windows
#
# If you would like to submit a bug report, please visit:
#   https://github.com/adoptium/adoptium-support/issues
#

---------------  S U M M A R Y ------------

Command Line: --add-modules=ALL-SYSTEM --add-opens=java.base/java.util=ALL-UNNAMED --add-opens=java.base/java.lang=ALL-UNNAMED --add-opens=java.base/sun.nio.fs=ALL-UNNAMED -Declipse.application=org.eclipse.jdt.ls.core.id1 -Dosgi.bundles.defaultStartLevel=4 -Declipse.product=org.eclipse.jdt.ls.core.product -Djava.import.generatesMetadataFilesAtProjectRoot=false -DDetectVMInstallationsJob.disabled=true -Dfile.encoding=utf8 -XX:+UseParallelGC -XX:GCTimeRatio=4 -XX:AdaptiveSizePolicyWeight=90 -Dsun.zip.disableMemoryMapping=true -Xmx2G -Xms100m -Xlog:disable -javaagent:c:\Users\jcabcas2806\.vscode\extensions\redhat.java-1.46.0-win32-x64\lombok\lombok-1.18.39-4050.jar -XX:+HeapDumpOnOutOfMemoryError -XX:HeapDumpPath=c:\Users\jcabcas2806\AppData\Roaming\Code\User\workspaceStorage\000c2f03e22093914db578c8170fb8ab\redhat.java -Daether.dependencyCollector.impl=bf c:\Users\jcabcas2806\.vscode\extensions\redhat.java-1.46.0-win32-x64\server\plugins\org.eclipse.equinox.launcher_1.7.0.v20250519-0528.jar -configuration c:\Users\jcabcas2806\AppData\Roaming\Code\User\globalStorage\redhat.java\1.46.0\config_win -data c:\Users\jcabcas2806\AppData\Roaming\Code\User\workspaceStorage\000c2f03e22093914db578c8170fb8ab\redhat.java\jdt_ws --pipe=\\.\pipe\lsp-7ec37c4a5805714a4d5a8508433d978a-sock

Host: Intel(R) Core(TM) i5-8400 CPU @ 2.80GHz, 6 cores, 15G,  Windows 11 , 64 bit Build 26100 (10.0.26100.6725)
Time: Thu Oct  9 13:50:18 2025 Hora de verano romance elapsed time: 122.807509 seconds (0d 0h 2m 2s)

---------------  T H R E A D  ---------------

Current thread (0x000001c4c742c250):  JavaThread "C1 CompilerThread0" daemon [_thread_in_vm, id=11224, stack(0x0000008e99500000,0x0000008e99600000) (1024K)]


Current CompileTask:
C1:122807 13402       3       org.eclipse.jdt.internal.compiler.lookup.SourceTypeBinding::getMethods (343 bytes)

Stack: [0x0000008e99500000,0x0000008e99600000],  sp=0x0000008e995ff010,  free space=1020k
Native frames: (J=compiled Java code, j=interpreted, Vv=VM code, C=native code)
V  [jvm.dll+0x1fe5eb]
V  [jvm.dll+0x1e73d1]
V  [jvm.dll+0x257f6f]
V  [jvm.dll+0x2562ea]
V  [jvm.dll+0x3f2d16]
V  [jvm.dll+0x857e6b]
V  [jvm.dll+0x6d0b0d]
C  [ucrtbase.dll+0x37b0]
C  [KERNEL32.DLL+0x2e8d7]
C  [ntdll.dll+0x8c53c]


siginfo: EXCEPTION_ACCESS_VIOLATION (0xc0000005), reading address 0xffffffffffffffff


Registers:
RAX=0x000001c51a6a9158, RBX=0x0000000000000048, RCX=0x200001c51a6a8328, RDX=0x000000008b8000a6
RSP=0x0000008e995ff010, RBP=0x0000000000000070, RSI=0x000001c50f44b0b0, RDI=0x0000000000000240
R8 =0x0000000000000083, R9 =0x000000007ffee000, R10=0x0000000000000001, R11=0xfffffffffbbd21eb
R12=0x0000000000000000, R13=0x0000000000000000, R14=0x0000000000000020, R15=0x0000000000000000
RIP=0x00007ffd7918e5eb, EFLAGS=0x0000000000010283

XMM[0]=0x00000000493030ce 0x0000000000005f7d
XMM[1]=0x0000000000000000 0x00000000000f0000
XMM[2]=0x0000000000000000 0x0000000000000000
XMM[3]=0x0000000000000000 0x0000000000000000
XMM[4]=0x0000000000000000 0x0000000000000000
XMM[5]=0x0000000000000000 0x0000000000000000
XMM[6]=0x0000000000000000 0x0000000000000000
XMM[7]=0x0000000000000000 0x0000000000000000
XMM[8]=0x0000000000000000 0x0000000000000000
XMM[9]=0x0000000000000000 0x0000000000000000
XMM[10]=0x0000000000000000 0x0000000000000000
XMM[11]=0x0000000000000000 0x0000000000000000
XMM[12]=0x0000000000000000 0x0000000000000000
XMM[13]=0x0000000000000000 0x0000000000000000
XMM[14]=0x0000000000000000 0x0000000000000000
XMM[15]=0x0000000000000000 0x0000000000000000
  MXCSR=0x00001fa0


Register to memory mapping:

RAX=0x000001c51a6a9158 points into unknown readable memory: 0x000001c51a6ac4e0 | e0 c4 6a 1a c5 01 00 00
RBX=0x0000000000000048 is an unknown value
RCX=0x200001c51a6a8328 is an unknown value
RDX=0x000000008b8000a6 is an unallocated location in the heap
RSP=0x0000008e995ff010 is pointing into the stack for thread: 0x000001c4c742c250
RBP=0x0000000000000070 is an unknown value
RSI=0x000001c50f44b0b0 points into unknown readable memory: 0x0000008e995ff4d8 | d8 f4 5f 99 8e 00 00 00
RDI=0x0000000000000240 is an unknown value
R8 =0x0000000000000083 is an unknown value
R9 =0x000000007ffee000 points into unknown readable memory: 0x0000000000000001 | 01 00 00 00 00 00 00 00
R10=0x0000000000000001 is an unknown value
R11=0xfffffffffbbd21eb is an unknown value
R12=0x0 is null
R13=0x0 is null
R14=0x0000000000000020 is an unknown value
R15=0x0 is null

Top of Stack: (sp=0x0000008e995ff010)
0x0000008e995ff010:   0000008e995ff2f0 00007ffd797f3607
0x0000008e995ff020:   000001c4c742c800 000001c4b0a47e60
0x0000008e995ff030:   0000008e995ff4d0 00007ffd791773d1
0x0000008e995ff040:   000001c4c742c250 000001c4c742c250
0x0000008e995ff050:   00000000000f0000 000001c4c742c250
0x0000008e995ff060:   0000000000000000 00007ffd791e7f6f
0x0000008e995ff070:   000001c50e6fdaf0 000001c4b0a38d30
0x0000008e995ff080:   0000008e995ff170 000001c4c742c250
0x0000008e995ff090:   000001c4c742c901 000001c4b0a38d30
0x0000008e995ff0a0:   0000000000000026 0000008e995ff060
0x0000008e995ff0b0:   00007ffd79a43eb8 0000008e995ff648
0x0000008e995ff0c0:   ffffffff00000000 000001c4b0a38d30
0x0000008e995ff0d0:   000001c4b0a47e60 000001c500000003
0x0000008e995ff0e0:   0000000000000000 000001c4c73f1c20
0x0000008e995ff0f0:   00000000c73f1c00 000001c40000345a
0x0000008e995ff100:   00000000000003d8 000001c4c742c930
0x0000008e995ff110:   000001c51a6ac500 000001c50b5721e8
0x0000008e995ff120:   000001c4c742c250 000001c50b53bab8
0x0000008e995ff130:   000001c4c742c250 0000000000002002
0x0000008e995ff140:   0000000000000101 0000000000005f7d
0x0000008e995ff150:   0000000000000000 0000000000000000
0x0000008e995ff160:   000001c4c742ccd8 000001c50b53bab8
0x0000008e995ff170:   000001c4c742c8f0 00000000000003d8
0x0000008e995ff180:   000001c4c742c930 0000000000000000
0x0000008e995ff190:   0000000000002002 0000000000000000
0x0000008e995ff1a0:   00000000f90107ff 0000000000000000
0x0000008e995ff1b0:   0000000000000000 0000000000000000
0x0000008e995ff1c0:   0000000000000000 0000000000000000
0x0000008e995ff1d0:   0000000000000000 0000000000000000
0x0000008e995ff1e0:   0000000000000000 0000000000000000
0x0000008e995ff1f0:   0000000000000000 0000000000000000
0x0000008e995ff200:   0000000000000000 000001c50f221250 

Instructions: (pc=0x00007ffd7918e5eb)
0x00007ffd7918e4eb:   41 ea 74 00 48 8b 04 1e 48 8b 88 60 06 00 00 48
0x00007ffd7918e4fb:   8b 49 38 e8 6d ea ff ff 48 8d 4c 24 60 c6 05 b1
0x00007ffd7918e50b:   0a a9 00 01 e8 cc 8d fe ff 48 8d 4c 24 20 e8 12
0x00007ffd7918e51b:   35 1a 00 48 8b 8c 24 60 05 00 00 48 33 cc e8 a2
0x00007ffd7918e52b:   ea 74 00 4c 8d 9c 24 70 05 00 00 49 8b 5b 10 49
0x00007ffd7918e53b:   8b 73 18 49 8b e3 5f c3 cc cc cc cc cc cc cc cc
0x00007ffd7918e54b:   cc cc cc cc cc 48 89 5c 24 10 48 89 74 24 18 41
0x00007ffd7918e55b:   56 48 83 ec 20 33 db 4c 8b f2 48 8b f1 39 59 08
0x00007ffd7918e56b:   7e 38 48 89 7c 24 30 8b fb 0f 1f 40 00 0f 1f 84
0x00007ffd7918e57b:   00 00 00 00 00 48 8b 46 10 49 8b ce 4d 8b 06 48
0x00007ffd7918e58b:   8b 14 38 48 8b 52 10 41 ff 10 ff c3 48 8d 7f 08
0x00007ffd7918e59b:   3b 5e 08 7c e0 48 8b 7c 24 30 48 8b 5c 24 38 48
0x00007ffd7918e5ab:   8b 74 24 40 48 83 c4 20 41 5e c3 cc cc cc cc cc
0x00007ffd7918e5bb:   cc cc cc cc cc 48 89 5c 24 10 56 48 83 ec 20 33
0x00007ffd7918e5cb:   db 48 8b f1 39 99 80 00 00 00 7e 30 48 89 7c 24
0x00007ffd7918e5db:   30 8b fb 66 90 48 8b 86 88 00 00 00 48 8b 0c 38
0x00007ffd7918e5eb:   48 8b 49 10 e8 fc a8 61 00 ff c3 48 8d 7f 08 3b
0x00007ffd7918e5fb:   9e 80 00 00 00 7c de 48 8b 7c 24 30 48 8b 5c 24
0x00007ffd7918e60b:   38 48 83 c4 20 5e c3 cc cc cc cc cc cc cc cc cc
0x00007ffd7918e61b:   cc cc cc cc cc 48 63 c1 48 8d 0d 86 16 ac 00 48
0x00007ffd7918e62b:   8b 04 c1 c3 cc 48 8d 05 a1 9c 80 00 c3 cc cc cc
0x00007ffd7918e63b:   cc cc cc cc cc 48 8d 05 11 99 80 00 c3 cc cc cc
0x00007ffd7918e64b:   cc cc cc cc cc 48 8d 05 e1 9b 80 00 c3 cc cc cc
0x00007ffd7918e65b:   cc cc cc cc cc 48 8d 05 09 9d 80 00 c3 cc cc cc
0x00007ffd7918e66b:   cc cc cc cc cc 48 8d 05 99 9d 80 00 c3 cc cc cc
0x00007ffd7918e67b:   cc cc cc cc cc 48 63 c1 48 8d 0d 46 09 a9 00 48
0x00007ffd7918e68b:   8b 04 c1 c3 cc 40 57 48 83 ec 20 48 8b 3d 03 f4
0x00007ffd7918e69b:   a8 00 80 bf 18 06 00 00 00 74 69 48 89 5c 24 30
0x00007ffd7918e6ab:   8b 19 85 db 74 59 65 48 8b 04 25 58 00 00 00 8b
0x00007ffd7918e6bb:   0d 28 6e ae 00 48 89 74 24 38 48 8b 34 c8 b8 70
0x00007ffd7918e6cb:   00 00 00 80 3c 30 00 75 05 e8 57 e8 74 00 8b 0d
0x00007ffd7918e6db:   49 19 a3 00 4c 8b c3 49 d3 e0 48 8d 8f f0 04 00 


Stack slot to memory mapping:

stack at sp + 0 slots: 0x0000008e995ff2f0 is pointing into the stack for thread: 0x000001c4c742c250
stack at sp + 1 slots: 0x00007ffd797f3607 jvm.dll
stack at sp + 2 slots: 0x000001c4c742c800 points into unknown readable memory: 0x0000000000000000 | 00 00 00 00 00 00 00 00
stack at sp + 3 slots: 0x000001c4b0a47e60 points into unknown readable memory: 0x00007ffd79986940 | 40 69 98 79 fd 7f 00 00
stack at sp + 4 slots: 0x0000008e995ff4d0 is pointing into the stack for thread: 0x000001c4c742c250
stack at sp + 5 slots: 0x00007ffd791773d1 jvm.dll
stack at sp + 6 slots: 0x000001c4c742c250 is a thread
stack at sp + 7 slots: 0x000001c4c742c250 is a thread


---------------  P R O C E S S  ---------------

Threads class SMR info:
_java_thread_list=0x000001c50ff6f910, length=48, elements={
0x000001c4b09cd100, 0x000001c4b0a89f50, 0x000001c4b0a8cb30, 0x000001c4c73f6210,
0x000001c4c73f9390, 0x000001c4c73faca0, 0x000001c4c73fd8d0, 0x000001c4c73ff160,
0x000001c4c742c250, 0x000001c5097ee4d0, 0x000001c509957870, 0x000001c50e7ad1c0,
0x000001c50e7980d0, 0x000001c50e8368f0, 0x000001c50e846f60, 0x000001c50eb0e9a0,
0x000001c50edba1d0, 0x000001c50e9f2e30, 0x000001c50f058b10, 0x000001c50f117110,
0x000001c50f118b50, 0x000001c50f1177a0, 0x000001c50f119870, 0x000001c50f117e30,
0x000001c50f11a590, 0x000001c50f1191e0, 0x000001c50f1184c0, 0x000001c51033e330,
0x000001c51033e9c0, 0x000001c51033d610, 0x000001c51033f6e0, 0x000001c51033fd70,
0x000001c51033dca0, 0x000001c51033c8f0, 0x000001c51033cf80, 0x000001c51033f050,
0x000001c510daa9f0, 0x000001c510dabda0, 0x000001c510dab710, 0x000001c510dac430,
0x000001c510da8fb0, 0x000001c510da9640, 0x000001c510daa360, 0x000001c51ad55570,
0x000001c51ad56fb0, 0x000001c51ad55c00, 0x000001c51ad56920, 0x000001c51ad58360
}

Java Threads: ( => current thread )
  0x000001c4b09cd100 JavaThread "main"                              [_thread_blocked, id=13412, stack(0x0000008e98a00000,0x0000008e98b00000) (1024K)]
  0x000001c4b0a89f50 JavaThread "Reference Handler"          daemon [_thread_blocked, id=10908, stack(0x0000008e98e00000,0x0000008e98f00000) (1024K)]
  0x000001c4b0a8cb30 JavaThread "Finalizer"                  daemon [_thread_blocked, id=9368, stack(0x0000008e98f00000,0x0000008e99000000) (1024K)]
  0x000001c4c73f6210 JavaThread "Signal Dispatcher"          daemon [_thread_blocked, id=8148, stack(0x0000008e99000000,0x0000008e99100000) (1024K)]
  0x000001c4c73f9390 JavaThread "Attach Listener"            daemon [_thread_blocked, id=10104, stack(0x0000008e99100000,0x0000008e99200000) (1024K)]
  0x000001c4c73faca0 JavaThread "Service Thread"             daemon [_thread_blocked, id=4864, stack(0x0000008e99200000,0x0000008e99300000) (1024K)]
  0x000001c4c73fd8d0 JavaThread "Monitor Deflation Thread"   daemon [_thread_blocked, id=12888, stack(0x0000008e99300000,0x0000008e99400000) (1024K)]
  0x000001c4c73ff160 JavaThread "C2 CompilerThread0"         daemon [_thread_blocked, id=2416, stack(0x0000008e99400000,0x0000008e99500000) (1024K)]
=>0x000001c4c742c250 JavaThread "C1 CompilerThread0"         daemon [_thread_in_vm, id=11224, stack(0x0000008e99500000,0x0000008e99600000) (1024K)]
  0x000001c5097ee4d0 JavaThread "Common-Cleaner"             daemon [_thread_blocked, id=11532, stack(0x0000008e99600000,0x0000008e99700000) (1024K)]
  0x000001c509957870 JavaThread "Notification Thread"        daemon [_thread_blocked, id=10512, stack(0x0000008e99800000,0x0000008e99900000) (1024K)]
  0x000001c50e7ad1c0 JavaThread "Active Thread: Equinox Container: a8f16db4-5a2f-4fd7-8261-9ef83d9407b4"        [_thread_blocked, id=5604, stack(0x0000008e99e00000,0x0000008e99f00000) (1024K)]
  0x000001c50e7980d0 JavaThread "Refresh Thread: Equinox Container: a8f16db4-5a2f-4fd7-8261-9ef83d9407b4" daemon [_thread_blocked, id=2000, stack(0x0000008e99f00000,0x0000008e9a000000) (1024K)]
  0x000001c50e8368f0 JavaThread "Framework Event Dispatcher: Equinox Container: a8f16db4-5a2f-4fd7-8261-9ef83d9407b4" daemon [_thread_blocked, id=3844, stack(0x0000008e9a000000,0x0000008e9a100000) (1024K)]
  0x000001c50e846f60 JavaThread "Start Level: Equinox Container: a8f16db4-5a2f-4fd7-8261-9ef83d9407b4" daemon [_thread_blocked, id=11608, stack(0x0000008e9a100000,0x0000008e9a200000) (1024K)]
  0x000001c50eb0e9a0 JavaThread "Bundle File Closer"         daemon [_thread_blocked, id=10028, stack(0x0000008e9a200000,0x0000008e9a300000) (1024K)]
  0x000001c50edba1d0 JavaThread "SCR Component Actor"        daemon [_thread_blocked, id=8316, stack(0x0000008e9a300000,0x0000008e9a400000) (1024K)]
  0x000001c50e9f2e30 JavaThread "Worker-JM"                         [_thread_blocked, id=3624, stack(0x0000008e9a400000,0x0000008e9a500000) (1024K)]
  0x000001c50f058b10 JavaThread "JNA Cleaner"                daemon [_thread_blocked, id=4548, stack(0x0000008e9a500000,0x0000008e9a600000) (1024K)]
  0x000001c50f117110 JavaThread "Worker-0"                          [_thread_blocked, id=5956, stack(0x0000008e9a600000,0x0000008e9a700000) (1024K)]
  0x000001c50f118b50 JavaThread "Worker-1"                          [_thread_blocked, id=12008, stack(0x0000008e9a700000,0x0000008e9a800000) (1024K)]
  0x000001c50f1177a0 JavaThread "Worker-2"                          [_thread_blocked, id=7940, stack(0x0000008e9a800000,0x0000008e9a900000) (1024K)]
  0x000001c50f119870 JavaThread "Java indexing"              daemon [_thread_blocked, id=6460, stack(0x0000008e9a900000,0x0000008e9aa00000) (1024K)]
  0x000001c50f117e30 JavaThread "Worker-3"                          [_thread_blocked, id=12176, stack(0x0000008e9ad00000,0x0000008e9ae00000) (1024K)]
  0x000001c50f11a590 JavaThread "Thread-1"                   daemon [_thread_in_native, id=3488, stack(0x0000008e9af00000,0x0000008e9b000000) (1024K)]
  0x000001c50f1191e0 JavaThread "Thread-2"                   daemon [_thread_in_native, id=6564, stack(0x0000008e9b000000,0x0000008e9b100000) (1024K)]
  0x000001c50f1184c0 JavaThread "Thread-3"                   daemon [_thread_in_native, id=4000, stack(0x0000008e9b100000,0x0000008e9b200000) (1024K)]
  0x000001c51033e330 JavaThread "Thread-4"                   daemon [_thread_in_native, id=5540, stack(0x0000008e9b200000,0x0000008e9b300000) (1024K)]
  0x000001c51033e9c0 JavaThread "Thread-5"                   daemon [_thread_in_native, id=2972, stack(0x0000008e9b300000,0x0000008e9b400000) (1024K)]
  0x000001c51033d610 JavaThread "Thread-6"                   daemon [_thread_in_native, id=11944, stack(0x0000008e9b400000,0x0000008e9b500000) (1024K)]
  0x000001c51033f6e0 JavaThread "Thread-7"                   daemon [_thread_in_native, id=11572, stack(0x0000008e9b500000,0x0000008e9b600000) (1024K)]
  0x000001c51033fd70 JavaThread "pool-2-thread-1"                   [_thread_blocked, id=9480, stack(0x0000008e9b600000,0x0000008e9b700000) (1024K)]
  0x000001c51033dca0 JavaThread "WorkspaceEventsHandler"            [_thread_blocked, id=7504, stack(0x0000008e9b700000,0x0000008e9b800000) (1024K)]
  0x000001c51033c8f0 JavaThread "pool-1-thread-1"                   [_thread_blocked, id=11404, stack(0x0000008e9b800000,0x0000008e9b900000) (1024K)]
  0x000001c51033cf80 JavaThread "Worker-5"                          [_thread_blocked, id=8976, stack(0x0000008e9b900000,0x0000008e9ba00000) (1024K)]
  0x000001c51033f050 JavaThread "Compiler Source File Reader" daemon [_thread_blocked, id=12520, stack(0x0000008e9ba00000,0x0000008e9bb00000) (1024K)]
  0x000001c510daa9f0 JavaThread "Compiler Processing Task"   daemon [_thread_blocked, id=12708, stack(0x0000008e9bb00000,0x0000008e9bc00000) (1024K)]
  0x000001c510dabda0 JavaThread "Compiler Class File Writer" daemon [_thread_blocked, id=9760, stack(0x0000008e9bc00000,0x0000008e9bd00000) (1024K)]
  0x000001c510dab710 JavaThread "ForkJoinPool.commonPool-worker-1" daemon [_thread_blocked, id=4692, stack(0x0000008e9bd00000,0x0000008e9be00000) (1024K)]
  0x000001c510dac430 JavaThread "ForkJoinPool.commonPool-worker-2" daemon [_thread_blocked, id=6632, stack(0x0000008e9be00000,0x0000008e9bf00000) (1024K)]
  0x000001c510da8fb0 JavaThread "ForkJoinPool.commonPool-worker-3" daemon [_thread_blocked, id=2452, stack(0x0000008e9bf00000,0x0000008e9c000000) (1024K)]
  0x000001c510da9640 JavaThread "ForkJoinPool.commonPool-worker-4" daemon [_thread_blocked, id=11788, stack(0x0000008e9c000000,0x0000008e9c100000) (1024K)]
  0x000001c510daa360 JavaThread "ForkJoinPool.commonPool-worker-5" daemon [_thread_blocked, id=6528, stack(0x0000008e9c100000,0x0000008e9c200000) (1024K)]
  0x000001c51ad55570 JavaThread "Cleaner-0"                  daemon [_thread_blocked, id=5576, stack(0x0000008e9c200000,0x0000008e9c300000) (1024K)]
  0x000001c51ad56fb0 JavaThread "Compiler Source File Reader" daemon [_thread_blocked, id=11072, stack(0x0000008e9c300000,0x0000008e9c400000) (1024K)]
  0x000001c51ad55c00 JavaThread "Compiler Source File Reader" daemon [_thread_blocked, id=3204, stack(0x0000008e9c400000,0x0000008e9c500000) (1024K)]
  0x000001c51ad56920 JavaThread "Compiler Source File Reader" daemon [_thread_blocked, id=2988, stack(0x0000008e9c500000,0x0000008e9c600000) (1024K)]
  0x000001c51ad58360 JavaThread "pool-1-thread-2"                   [_thread_blocked, id=10016, stack(0x0000008e98800000,0x0000008e98900000) (1024K)]
Total: 48

Other Threads:
  0x000001c4c73f09f0 VMThread "VM Thread"                           [id=6708, stack(0x0000008e98d00000,0x0000008e98e00000) (1024K)]
  0x000001c4c734ca00 WatcherThread "VM Periodic Task Thread"        [id=5300, stack(0x0000008e98c00000,0x0000008e98d00000) (1024K)]
  0x000001c4b09ed450 WorkerThread "GC Thread#0"                     [id=14276, stack(0x0000008e98b00000,0x0000008e98c00000) (1024K)]
  0x000001c509a7a4d0 WorkerThread "GC Thread#1"                     [id=9732, stack(0x0000008e99900000,0x0000008e99a00000) (1024K)]
  0x000001c509a7ac80 WorkerThread "GC Thread#2"                     [id=764, stack(0x0000008e99a00000,0x0000008e99b00000) (1024K)]
  0x000001c50e1895e0 WorkerThread "GC Thread#3"                     [id=12712, stack(0x0000008e99b00000,0x0000008e99c00000) (1024K)]
  0x000001c50e189980 WorkerThread "GC Thread#4"                     [id=7024, stack(0x0000008e99c00000,0x0000008e99d00000) (1024K)]
  0x000001c50e3f3560 WorkerThread "GC Thread#5"                     [id=13392, stack(0x0000008e99d00000,0x0000008e99e00000) (1024K)]
Total: 8

Threads with active compile tasks:
C1 CompilerThread0  122883 13402       3       org.eclipse.jdt.internal.compiler.lookup.SourceTypeBinding::getMethods (343 bytes)
Total: 1

VM state: not at safepoint (normal execution)

VM Mutex/Monitor currently owned by a thread: None

Heap address: 0x0000000080000000, size: 2048 MB, Compressed Oops mode: 32-bit

CDS archive(s) mapped at: [0x000001c4c8000000-0x000001c4c8ba0000-0x000001c4c8ba0000), size 12189696, SharedBaseAddress: 0x000001c4c8000000, ArchiveRelocationMode: 1.
Compressed class space mapped at: 0x000001c4c9000000-0x000001c509000000, reserved size: 1073741824
Narrow klass base: 0x000001c4c8000000, Narrow klass shift: 0, Narrow klass range: 0x100000000

GC Precious Log:
 CardTable entry size: 512
 CPUs: 6 total, 6 available
 Memory: 16158M
 Large Page Support: Disabled
 NUMA Support: Disabled
 Compressed Oops: Enabled (32-bit)
 Alignments: Space 512K, Generation 512K, Heap 2M
 Heap Min Capacity: 100M
 Heap Initial Capacity: 100M
 Heap Max Capacity: 2G
 Pre-touch: Disabled
 Parallel Workers: 6

Heap:
 PSYoungGen      total 20480K, used 18018K [0x00000000d5580000, 0x00000000d6f80000, 0x0000000100000000)
  eden space 19456K, 87% used [0x00000000d5580000,0x00000000d661b8a8,0x00000000d6880000)
  from space 1024K, 98% used [0x00000000d6980000,0x00000000d6a7d2d8,0x00000000d6a80000)
  to   space 3584K, 0% used [0x00000000d6c00000,0x00000000d6c00000,0x00000000d6f80000)
 ParOldGen       total 113152K, used 112725K [0x0000000080000000, 0x0000000086e80000, 0x00000000d5580000)
  object space 113152K, 99% used [0x0000000080000000,0x0000000086e154d0,0x0000000086e80000)
 Metaspace       used 77105K, committed 78592K, reserved 1179648K
  class space    used 8282K, committed 8896K, reserved 1048576K

Card table byte_map: [0x000001c4b0370000,0x000001c4b0780000] _byte_map_base: 0x000001c4aff70000

Marking Bits: (ParMarkBitMap*) 0x00007ffd79c4a340
 Begin Bits: [0x000001c4c2e70000, 0x000001c4c4e70000)
 End Bits:   [0x000001c4c4e70000, 0x000001c4c6e70000)

Polling page: 0x000001c4ae860000

Metaspace:

Usage:
  Non-class:     67.21 MB used.
      Class:      8.09 MB used.
       Both:     75.30 MB used.

Virtual space:
  Non-class space:      128.00 MB reserved,      68.06 MB ( 53%) committed,  2 nodes.
      Class space:        1.00 GB reserved,       8.69 MB ( <1%) committed,  1 nodes.
             Both:        1.12 GB reserved,      76.75 MB (  7%) committed. 

Chunk freelists:
   Non-Class:  11.80 MB
       Class:  7.32 MB
        Both:  19.12 MB

MaxMetaspaceSize: unlimited
CompressedClassSpaceSize: 1.00 GB
Initial GC threshold: 21.00 MB
Current GC threshold: 97.31 MB
CDS: on
 - commit_granule_bytes: 65536.
 - commit_granule_words: 8192.
 - virtual_space_node_default_size: 8388608.
 - enlarge_chunks_in_place: 1.
 - use_allocation_guard: 0.


Internal statistics:

num_allocs_failed_limit: 9.
num_arena_births: 1300.
num_arena_deaths: 16.
num_vsnodes_births: 3.
num_vsnodes_deaths: 0.
num_space_committed: 1228.
num_space_uncommitted: 0.
num_chunks_returned_to_freelist: 25.
num_chunks_taken_from_freelist: 4898.
num_chunk_merges: 12.
num_chunk_splits: 2930.
num_chunks_enlarged: 1578.
num_inconsistent_stats: 0.

CodeHeap 'non-profiled nmethods': size=120000Kb used=9596Kb max_used=9596Kb free=110403Kb
 bounds [0x000001c4bb690000, 0x000001c4bbff0000, 0x000001c4c2bc0000]
CodeHeap 'profiled nmethods': size=120000Kb used=30346Kb max_used=30346Kb free=89653Kb
 bounds [0x000001c4b3bc0000, 0x000001c4b5970000, 0x000001c4bb0f0000]
CodeHeap 'non-nmethods': size=5760Kb used=1503Kb max_used=1598Kb free=4257Kb
 bounds [0x000001c4bb0f0000, 0x000001c4bb360000, 0x000001c4bb690000]
CodeCache: size=245760Kb, used=41445Kb, max_used=41540Kb, free=204313Kb
 total_blobs=13563, nmethods=12742, adapters=725, full_count=0
Compilation: enabled, stopped_count=0, restarted_count=0

Compilation events (20 events):
Event: 122.614 Thread 0x000001c4c73ff160 nmethod 13392 0x000001c4bbfe7f90 code [0x000001c4bbfe8140, 0x000001c4bbfe86e0]
Event: 122.615 Thread 0x000001c4c73ff160 13393       4       org.eclipse.jdt.internal.compiler.lookup.ReferenceBinding::hasEnclosingInstanceContext (42 bytes)
Event: 122.616 Thread 0x000001c4c742c250 13394       3       org.eclipse.jdt.core.dom.AnnotatableType::getAnnotationsProperty (5 bytes)
Event: 122.616 Thread 0x000001c4c73ff160 nmethod 13393 0x000001c4bbfe8990 code [0x000001c4bbfe8b20, 0x000001c4bbfe8bf0]
Event: 122.616 Thread 0x000001c4c742c250 nmethod 13394 0x000001c4b595b690 code [0x000001c4b595b840, 0x000001c4b595ba08]
Event: 122.616 Thread 0x000001c4c742c250 13395       3       org.eclipse.jdt.core.dom.ASTParser::initializeDefaults (83 bytes)
Event: 122.617 Thread 0x000001c4c742c250 nmethod 13395 0x000001c4b595ba90 code [0x000001c4b595bc60, 0x000001c4b595c030]
Event: 122.775 Thread 0x000001c4c742c250 13396       3       org.eclipse.jdt.internal.compiler.ast.SingleTypeReference::getTypeBinding (147 bytes)
Event: 122.777 Thread 0x000001c4c742c250 nmethod 13396 0x000001c4b595c190 code [0x000001c4b595c420, 0x000001c4b595d520]
Event: 122.777 Thread 0x000001c4c742c250 13399       3       java.util.TimSort::mergeAt (358 bytes)
Event: 122.779 Thread 0x000001c4c742c250 nmethod 13399 0x000001c4b595d890 code [0x000001c4b595dac0, 0x000001c4b595e0a8]
Event: 122.779 Thread 0x000001c4c742c250 13398       3       org.eclipse.jdt.internal.compiler.lookup.BlockScope::checkAndSetModifiersForVariable (80 bytes)
Event: 122.780 Thread 0x000001c4c73ff160 13401       4       org.eclipse.jdt.internal.core.JavaProject::filterLimitedModules (179 bytes)
Event: 122.780 Thread 0x000001c4c742c250 nmethod 13398 0x000001c4b595e390 code [0x000001c4b595e580, 0x000001c4b595ecc8]
Event: 122.780 Thread 0x000001c4c742c250 13400       3       org.eclipse.jdt.internal.compiler.lookup.MethodBinding::signature (325 bytes)
Event: 122.783 Thread 0x000001c4c742c250 nmethod 13400 0x000001c4b595ee90 code [0x000001c4b595f160, 0x000001c4b59601a8]
Event: 122.784 Thread 0x000001c4c742c250 13397       3       org.eclipse.jdt.internal.compiler.lookup.LocalVariableBinding::<init> (18 bytes)
Event: 122.784 Thread 0x000001c4c742c250 nmethod 13397 0x000001c4b5960790 code [0x000001c4b5960940, 0x000001c4b5960ab8]
Event: 122.789 Thread 0x000001c4c742c250 13402       3       org.eclipse.jdt.internal.compiler.lookup.SourceTypeBinding::getMethods (343 bytes)
Event: 122.792 Thread 0x000001c4c742c250 nmethod 13402 0x000001c4b5960b90 code [0x000001c4b5960ec0, 0x000001c4b59622e8]

GC Heap History (20 events):
Event: 106.182 GC heap before
{Heap before GC invocations=77 (full 3):
 PSYoungGen      total 22016K, used 20352K [0x00000000d5580000, 0x00000000d7200000, 0x0000000100000000)
  eden space 19456K, 100% used [0x00000000d5580000,0x00000000d6880000,0x00000000d6880000)
  from space 2560K, 35% used [0x00000000d6d00000,0x00000000d6de0000,0x00000000d6f80000)
  to   space 1536K, 0% used [0x00000000d7080000,0x00000000d7080000,0x00000000d7200000)
 ParOldGen       total 101376K, used 100990K [0x0000000080000000, 0x0000000086300000, 0x00000000d5580000)
  object space 101376K, 99% used [0x0000000080000000,0x000000008629fa80,0x0000000086300000)
 Metaspace       used 76682K, committed 78144K, reserved 1179648K
  class space    used 8274K, committed 8896K, reserved 1048576K
}
Event: 106.184 GC heap after
{Heap after GC invocations=77 (full 3):
 PSYoungGen      total 20992K, used 1424K [0x00000000d5580000, 0x00000000d7200000, 0x0000000100000000)
  eden space 19456K, 0% used [0x00000000d5580000,0x00000000d5580000,0x00000000d6880000)
  from space 1536K, 92% used [0x00000000d7080000,0x00000000d71e42e0,0x00000000d7200000)
  to   space 1536K, 0% used [0x00000000d6f00000,0x00000000d6f00000,0x00000000d7080000)
 ParOldGen       total 101888K, used 101710K [0x0000000080000000, 0x0000000086380000, 0x00000000d5580000)
  object space 101888K, 99% used [0x0000000080000000,0x0000000086353a80,0x0000000086380000)
 Metaspace       used 76682K, committed 78144K, reserved 1179648K
  class space    used 8274K, committed 8896K, reserved 1048576K
}
Event: 106.577 GC heap before
{Heap before GC invocations=78 (full 3):
 PSYoungGen      total 20992K, used 20880K [0x00000000d5580000, 0x00000000d7200000, 0x0000000100000000)
  eden space 19456K, 100% used [0x00000000d5580000,0x00000000d6880000,0x00000000d6880000)
  from space 1536K, 92% used [0x00000000d7080000,0x00000000d71e42e0,0x00000000d7200000)
  to   space 1536K, 0% used [0x00000000d6f00000,0x00000000d6f00000,0x00000000d7080000)
 ParOldGen       total 101888K, used 101710K [0x0000000080000000, 0x0000000086380000, 0x00000000d5580000)
  object space 101888K, 99% used [0x0000000080000000,0x0000000086353a80,0x0000000086380000)
 Metaspace       used 76726K, committed 78144K, reserved 1179648K
  class space    used 8275K, committed 8896K, reserved 1048576K
}
Event: 106.579 GC heap after
{Heap after GC invocations=78 (full 3):
 PSYoungGen      total 20992K, used 1520K [0x00000000d5580000, 0x00000000d7100000, 0x0000000100000000)
  eden space 19456K, 0% used [0x00000000d5580000,0x00000000d5580000,0x00000000d6880000)
  from space 1536K, 99% used [0x00000000d6f00000,0x00000000d707c2e0,0x00000000d7080000)
  to   space 512K, 0% used [0x00000000d7080000,0x00000000d7080000,0x00000000d7100000)
 ParOldGen       total 103424K, used 103390K [0x0000000080000000, 0x0000000086500000, 0x00000000d5580000)
  object space 103424K, 99% used [0x0000000080000000,0x00000000864f7a80,0x0000000086500000)
 Metaspace       used 76726K, committed 78144K, reserved 1179648K
  class space    used 8275K, committed 8896K, reserved 1048576K
}
Event: 109.173 GC heap before
{Heap before GC invocations=79 (full 3):
 PSYoungGen      total 20992K, used 20976K [0x00000000d5580000, 0x00000000d7100000, 0x0000000100000000)
  eden space 19456K, 100% used [0x00000000d5580000,0x00000000d6880000,0x00000000d6880000)
  from space 1536K, 99% used [0x00000000d6f00000,0x00000000d707c2e0,0x00000000d7080000)
  to   space 512K, 0% used [0x00000000d7080000,0x00000000d7080000,0x00000000d7100000)
 ParOldGen       total 103424K, used 103390K [0x0000000080000000, 0x0000000086500000, 0x00000000d5580000)
  object space 103424K, 99% used [0x0000000080000000,0x00000000864f7a80,0x0000000086500000)
 Metaspace       used 76835K, committed 78336K, reserved 1179648K
  class space    used 8282K, committed 8896K, reserved 1048576K
}
Event: 109.176 GC heap after
{Heap after GC invocations=79 (full 3):
 PSYoungGen      total 19968K, used 500K [0x00000000d5580000, 0x00000000d7580000, 0x0000000100000000)
  eden space 19456K, 0% used [0x00000000d5580000,0x00000000d5580000,0x00000000d6880000)
  from space 512K, 97% used [0x00000000d7080000,0x00000000d70fd2d8,0x00000000d7100000)
  to   space 6656K, 0% used [0x00000000d6880000,0x00000000d6880000,0x00000000d6f00000)
 ParOldGen       total 109056K, used 108560K [0x0000000080000000, 0x0000000086a80000, 0x00000000d5580000)
  object space 109056K, 99% used [0x0000000080000000,0x0000000086a041e8,0x0000000086a80000)
 Metaspace       used 76835K, committed 78336K, reserved 1179648K
  class space    used 8282K, committed 8896K, reserved 1048576K
}
Event: 111.361 GC heap before
{Heap before GC invocations=80 (full 3):
 PSYoungGen      total 19968K, used 19956K [0x00000000d5580000, 0x00000000d7580000, 0x0000000100000000)
  eden space 19456K, 100% used [0x00000000d5580000,0x00000000d6880000,0x00000000d6880000)
  from space 512K, 97% used [0x00000000d7080000,0x00000000d70fd2d8,0x00000000d7100000)
  to   space 6656K, 0% used [0x00000000d6880000,0x00000000d6880000,0x00000000d6f00000)
 ParOldGen       total 109056K, used 108560K [0x0000000080000000, 0x0000000086a80000, 0x00000000d5580000)
  object space 109056K, 99% used [0x0000000080000000,0x0000000086a041e8,0x0000000086a80000)
 Metaspace       used 76878K, committed 78336K, reserved 1179648K
  class space    used 8282K, committed 8896K, reserved 1048576K
}
Event: 111.362 GC heap after
{Heap after GC invocations=80 (full 3):
 PSYoungGen      total 19968K, used 192K [0x00000000d5580000, 0x00000000d7100000, 0x0000000100000000)
  eden space 19456K, 0% used [0x00000000d5580000,0x00000000d5580000,0x00000000d6880000)
  from space 512K, 37% used [0x00000000d6880000,0x00000000d68b0000,0x00000000d6900000)
  to   space 2560K, 0% used [0x00000000d6e80000,0x00000000d6e80000,0x00000000d7100000)
 ParOldGen       total 109056K, used 108768K [0x0000000080000000, 0x0000000086a80000, 0x00000000d5580000)
  object space 109056K, 99% used [0x0000000080000000,0x0000000086a381e8,0x0000000086a80000)
 Metaspace       used 76878K, committed 78336K, reserved 1179648K
  class space    used 8282K, committed 8896K, reserved 1048576K
}
Event: 114.172 GC heap before
{Heap before GC invocations=81 (full 3):
 PSYoungGen      total 19968K, used 19648K [0x00000000d5580000, 0x00000000d7100000, 0x0000000100000000)
  eden space 19456K, 100% used [0x00000000d5580000,0x00000000d6880000,0x00000000d6880000)
  from space 512K, 37% used [0x00000000d6880000,0x00000000d68b0000,0x00000000d6900000)
  to   space 2560K, 0% used [0x00000000d6e80000,0x00000000d6e80000,0x00000000d7100000)
 ParOldGen       total 109056K, used 108768K [0x0000000080000000, 0x0000000086a80000, 0x00000000d5580000)
  object space 109056K, 99% used [0x0000000080000000,0x0000000086a381e8,0x0000000086a80000)
 Metaspace       used 76935K, committed 78400K, reserved 1179648K
  class space    used 8282K, committed 8896K, reserved 1048576K
}
Event: 114.174 GC heap after
{Heap after GC invocations=81 (full 3):
 PSYoungGen      total 22016K, used 2544K [0x00000000d5580000, 0x00000000d7180000, 0x0000000100000000)
  eden space 19456K, 0% used [0x00000000d5580000,0x00000000d5580000,0x00000000d6880000)
  from space 2560K, 99% used [0x00000000d6e80000,0x00000000d70fc2e0,0x00000000d7100000)
  to   space 4608K, 0% used [0x00000000d6880000,0x00000000d6880000,0x00000000d6d00000)
 ParOldGen       total 110080K, used 109736K [0x0000000080000000, 0x0000000086b80000, 0x00000000d5580000)
  object space 110080K, 99% used [0x0000000080000000,0x0000000086b2a1f8,0x0000000086b80000)
 Metaspace       used 76935K, committed 78400K, reserved 1179648K
  class space    used 8282K, committed 8896K, reserved 1048576K
}
Event: 114.537 GC heap before
{Heap before GC invocations=82 (full 3):
 PSYoungGen      total 22016K, used 22000K [0x00000000d5580000, 0x00000000d7180000, 0x0000000100000000)
  eden space 19456K, 100% used [0x00000000d5580000,0x00000000d6880000,0x00000000d6880000)
  from space 2560K, 99% used [0x00000000d6e80000,0x00000000d70fc2e0,0x00000000d7100000)
  to   space 4608K, 0% used [0x00000000d6880000,0x00000000d6880000,0x00000000d6d00000)
 ParOldGen       total 110080K, used 109736K [0x0000000080000000, 0x0000000086b80000, 0x00000000d5580000)
  object space 110080K, 99% used [0x0000000080000000,0x0000000086b2a1f8,0x0000000086b80000)
 Metaspace       used 76940K, committed 78400K, reserved 1179648K
  class space    used 8282K, committed 8896K, reserved 1048576K
}
Event: 114.538 GC heap after
{Heap after GC invocations=82 (full 3):
 PSYoungGen      total 21504K, used 1584K [0x00000000d5580000, 0x00000000d6f00000, 0x0000000100000000)
  eden space 19456K, 0% used [0x00000000d5580000,0x00000000d5580000,0x00000000d6880000)
  from space 2048K, 77% used [0x00000000d6880000,0x00000000d6a0c2e0,0x00000000d6a80000)
  to   space 2560K, 0% used [0x00000000d6c80000,0x00000000d6c80000,0x00000000d6f00000)
 ParOldGen       total 110080K, used 109776K [0x0000000080000000, 0x0000000086b80000, 0x00000000d5580000)
  object space 110080K, 99% used [0x0000000080000000,0x0000000086b341f8,0x0000000086b80000)
 Metaspace       used 76940K, committed 78400K, reserved 1179648K
  class space    used 8282K, committed 8896K, reserved 1048576K
}
Event: 116.180 GC heap before
{Heap before GC invocations=83 (full 3):
 PSYoungGen      total 21504K, used 21040K [0x00000000d5580000, 0x00000000d6f00000, 0x0000000100000000)
  eden space 19456K, 100% used [0x00000000d5580000,0x00000000d6880000,0x00000000d6880000)
  from space 2048K, 77% used [0x00000000d6880000,0x00000000d6a0c2e0,0x00000000d6a80000)
  to   space 2560K, 0% used [0x00000000d6c80000,0x00000000d6c80000,0x00000000d6f00000)
 ParOldGen       total 110080K, used 109776K [0x0000000080000000, 0x0000000086b80000, 0x00000000d5580000)
  object space 110080K, 99% used [0x0000000080000000,0x0000000086b341f8,0x0000000086b80000)
 Metaspace       used 77001K, committed 78464K, reserved 1179648K
  class space    used 8282K, committed 8896K, reserved 1048576K
}
Event: 116.182 GC heap after
{Heap after GC invocations=83 (full 3):
 PSYoungGen      total 22016K, used 2544K [0x00000000d5580000, 0x00000000d7080000, 0x0000000100000000)
  eden space 19456K, 0% used [0x00000000d5580000,0x00000000d5580000,0x00000000d6880000)
  from space 2560K, 99% used [0x00000000d6c80000,0x00000000d6efc2e0,0x00000000d6f00000)
  to   space 4096K, 0% used [0x00000000d6880000,0x00000000d6880000,0x00000000d6c80000)
 ParOldGen       total 111104K, used 110856K [0x0000000080000000, 0x0000000086c80000, 0x00000000d5580000)
  object space 111104K, 99% used [0x0000000080000000,0x0000000086c421f8,0x0000000086c80000)
 Metaspace       used 77001K, committed 78464K, reserved 1179648K
  class space    used 8282K, committed 8896K, reserved 1048576K
}
Event: 117.811 GC heap before
{Heap before GC invocations=84 (full 3):
 PSYoungGen      total 22016K, used 22000K [0x00000000d5580000, 0x00000000d7080000, 0x0000000100000000)
  eden space 19456K, 100% used [0x00000000d5580000,0x00000000d6880000,0x00000000d6880000)
  from space 2560K, 99% used [0x00000000d6c80000,0x00000000d6efc2e0,0x00000000d6f00000)
  to   space 4096K, 0% used [0x00000000d6880000,0x00000000d6880000,0x00000000d6c80000)
 ParOldGen       total 111104K, used 110856K [0x0000000080000000, 0x0000000086c80000, 0x00000000d5580000)
  object space 111104K, 99% used [0x0000000080000000,0x0000000086c421f8,0x0000000086c80000)
 Metaspace       used 77013K, committed 78464K, reserved 1179648K
  class space    used 8282K, committed 8896K, reserved 1048576K
}
Event: 117.813 GC heap after
{Heap after GC invocations=84 (full 3):
 PSYoungGen      total 21504K, used 1584K [0x00000000d5580000, 0x00000000d6d80000, 0x0000000100000000)
  eden space 19456K, 0% used [0x00000000d5580000,0x00000000d5580000,0x00000000d6880000)
  from space 2048K, 77% used [0x00000000d6880000,0x00000000d6a0c2e0,0x00000000d6a80000)
  to   space 2560K, 0% used [0x00000000d6b00000,0x00000000d6b00000,0x00000000d6d80000)
 ParOldGen       total 111104K, used 110896K [0x0000000080000000, 0x0000000086c80000, 0x00000000d5580000)
  object space 111104K, 99% used [0x0000000080000000,0x0000000086c4c1f8,0x0000000086c80000)
 Metaspace       used 77013K, committed 78464K, reserved 1179648K
  class space    used 8282K, committed 8896K, reserved 1048576K
}
Event: 118.506 GC heap before
{Heap before GC invocations=85 (full 3):
 PSYoungGen      total 21504K, used 21040K [0x00000000d5580000, 0x00000000d6d80000, 0x0000000100000000)
  eden space 19456K, 100% used [0x00000000d5580000,0x00000000d6880000,0x00000000d6880000)
  from space 2048K, 77% used [0x00000000d6880000,0x00000000d6a0c2e0,0x00000000d6a80000)
  to   space 2560K, 0% used [0x00000000d6b00000,0x00000000d6b00000,0x00000000d6d80000)
 ParOldGen       total 111104K, used 110896K [0x0000000080000000, 0x0000000086c80000, 0x00000000d5580000)
  object space 111104K, 99% used [0x0000000080000000,0x0000000086c4c1f8,0x0000000086c80000)
 Metaspace       used 77018K, committed 78464K, reserved 1179648K
  class space    used 8282K, committed 8896K, reserved 1048576K
}
Event: 118.509 GC heap after
{Heap after GC invocations=85 (full 3):
 PSYoungGen      total 19968K, used 224K [0x00000000d5580000, 0x00000000d6b80000, 0x0000000100000000)
  eden space 19456K, 0% used [0x00000000d5580000,0x00000000d5580000,0x00000000d6880000)
  from space 512K, 43% used [0x00000000d6b00000,0x00000000d6b38000,0x00000000d6b80000)
  to   space 1024K, 0% used [0x00000000d6980000,0x00000000d6980000,0x00000000d6a80000)
 ParOldGen       total 111104K, used 110928K [0x0000000080000000, 0x0000000086c80000, 0x00000000d5580000)
  object space 111104K, 99% used [0x0000000080000000,0x0000000086c541f8,0x0000000086c80000)
 Metaspace       used 77018K, committed 78464K, reserved 1179648K
  class space    used 8282K, committed 8896K, reserved 1048576K
}
Event: 122.196 GC heap before
{Heap before GC invocations=86 (full 3):
 PSYoungGen      total 19968K, used 19680K [0x00000000d5580000, 0x00000000d6b80000, 0x0000000100000000)
  eden space 19456K, 100% used [0x00000000d5580000,0x00000000d6880000,0x00000000d6880000)
  from space 512K, 43% used [0x00000000d6b00000,0x00000000d6b38000,0x00000000d6b80000)
  to   space 1024K, 0% used [0x00000000d6980000,0x00000000d6980000,0x00000000d6a80000)
 ParOldGen       total 111104K, used 110928K [0x0000000080000000, 0x0000000086c80000, 0x00000000d5580000)
  object space 111104K, 99% used [0x0000000080000000,0x0000000086c541f8,0x0000000086c80000)
 Metaspace       used 77076K, committed 78528K, reserved 1179648K
  class space    used 8282K, committed 8896K, reserved 1048576K
}
Event: 122.198 GC heap after
{Heap after GC invocations=86 (full 3):
 PSYoungGen      total 20480K, used 1012K [0x00000000d5580000, 0x00000000d6f80000, 0x0000000100000000)
  eden space 19456K, 0% used [0x00000000d5580000,0x00000000d5580000,0x00000000d6880000)
  from space 1024K, 98% used [0x00000000d6980000,0x00000000d6a7d2d8,0x00000000d6a80000)
  to   space 3584K, 0% used [0x00000000d6c00000,0x00000000d6c00000,0x00000000d6f80000)
 ParOldGen       total 113152K, used 112725K [0x0000000080000000, 0x0000000086e80000, 0x00000000d5580000)
  object space 113152K, 99% used [0x0000000080000000,0x0000000086e154d0,0x0000000086e80000)
 Metaspace       used 77076K, committed 78528K, reserved 1179648K
  class space    used 8282K, committed 8896K, reserved 1048576K
}

Dll operation events (12 events):
Event: 0.008 Loaded shared library c:\Users\jcabcas2806\.vscode\extensions\redhat.java-1.46.0-win32-x64\jre\21.0.8-win32-x86_64\bin\java.dll
Event: 0.053 Loaded shared library c:\Users\jcabcas2806\.vscode\extensions\redhat.java-1.46.0-win32-x64\jre\21.0.8-win32-x86_64\bin\zip.dll
Event: 0.067 Loaded shared library C:\Users\jcabcas2806\.vscode\extensions\redhat.java-1.46.0-win32-x64\jre\21.0.8-win32-x86_64\bin\instrument.dll
Event: 0.071 Loaded shared library C:\Users\jcabcas2806\.vscode\extensions\redhat.java-1.46.0-win32-x64\jre\21.0.8-win32-x86_64\bin\net.dll
Event: 0.072 Loaded shared library C:\Users\jcabcas2806\.vscode\extensions\redhat.java-1.46.0-win32-x64\jre\21.0.8-win32-x86_64\bin\nio.dll
Event: 0.075 Loaded shared library C:\Users\jcabcas2806\.vscode\extensions\redhat.java-1.46.0-win32-x64\jre\21.0.8-win32-x86_64\bin\zip.dll
Event: 0.088 Loaded shared library C:\Users\jcabcas2806\.vscode\extensions\redhat.java-1.46.0-win32-x64\jre\21.0.8-win32-x86_64\bin\jimage.dll
Event: 0.137 Loaded shared library c:\Users\jcabcas2806\.vscode\extensions\redhat.java-1.46.0-win32-x64\jre\21.0.8-win32-x86_64\bin\verify.dll
Event: 0.903 Loaded shared library C:\Users\jcabcas2806\AppData\Roaming\Code\User\globalStorage\redhat.java\1.46.0\config_win\org.eclipse.equinox.launcher\org.eclipse.equinox.launcher.win32.win32.x86_64_1.2.1400.v20250801-0854\eclipse_11916.dll
Event: 1.752 Loaded shared library C:\Users\jcabcas2806\AppData\Local\Temp\jna-842342343\jna10263496471856535948.dll
Event: 22.900 Loaded shared library C:\Users\jcabcas2806\.vscode\extensions\redhat.java-1.46.0-win32-x64\jre\21.0.8-win32-x86_64\bin\sunmscapi.dll
Event: 23.185 Loaded shared library C:\Users\jcabcas2806\.vscode\extensions\redhat.java-1.46.0-win32-x64\jre\21.0.8-win32-x86_64\bin\extnet.dll

Deoptimization events (20 events):
Event: 116.151 Thread 0x000001c510da9640 DEOPT PACKING pc=0x000001c4bbfb68c8 sp=0x0000008e9c0fe410
Event: 116.151 Thread 0x000001c510da9640 DEOPT UNPACKING pc=0x000001c4bb143aa2 sp=0x0000008e9c0fe388 mode 2
Event: 116.151 Thread 0x000001c510da9640 Uncommon trap: trap_request=0xffffffd6 fr.pc=0x000001c4bbfb68c8 relative=0x0000000000000228
Event: 116.151 Thread 0x000001c510da9640 Uncommon trap: reason=array_check action=maybe_recompile pc=0x000001c4bbfb68c8 method=java.util.HashMap.keysToArray([Ljava/lang/Object;)[Ljava/lang/Object; @ 62 c2
Event: 116.151 Thread 0x000001c510da9640 DEOPT PACKING pc=0x000001c4bbfb68c8 sp=0x0000008e9c0fe410
Event: 116.151 Thread 0x000001c510da9640 DEOPT UNPACKING pc=0x000001c4bb143aa2 sp=0x0000008e9c0fe388 mode 2
Event: 116.151 Thread 0x000001c510da9640 Uncommon trap: trap_request=0xffffffd6 fr.pc=0x000001c4bbfb68c8 relative=0x0000000000000228
Event: 116.151 Thread 0x000001c510da9640 Uncommon trap: reason=array_check action=maybe_recompile pc=0x000001c4bbfb68c8 method=java.util.HashMap.keysToArray([Ljava/lang/Object;)[Ljava/lang/Object; @ 62 c2
Event: 116.151 Thread 0x000001c510da9640 DEOPT PACKING pc=0x000001c4bbfb68c8 sp=0x0000008e9c0fe410
Event: 116.151 Thread 0x000001c510da9640 DEOPT UNPACKING pc=0x000001c4bb143aa2 sp=0x0000008e9c0fe388 mode 2
Event: 116.174 Thread 0x000001c510da9640 DEOPT PACKING pc=0x000001c4b579ba90 sp=0x0000008e9c0fe3a0
Event: 116.174 Thread 0x000001c510da9640 DEOPT UNPACKING pc=0x000001c4bb144242 sp=0x0000008e9c0fd8b0 mode 0
Event: 121.204 Thread 0x000001c51033cf80 Uncommon trap: trap_request=0xffffff45 fr.pc=0x000001c4bbfbbf48 relative=0x0000000000003ee8
Event: 121.204 Thread 0x000001c51033cf80 Uncommon trap: reason=unstable_if action=reinterpret pc=0x000001c4bbfbbf48 method=org.eclipse.jdt.internal.compiler.parser.diagnose.DiagnoseParser.checkPrimaryDistance([IILorg/eclipse/jdt/internal/compiler/parser/diagnose/DiagnoseParser$PrimaryRepairInfo;
Event: 121.204 Thread 0x000001c51033cf80 DEOPT PACKING pc=0x000001c4bbfbbf48 sp=0x0000008e9b9fe620
Event: 121.204 Thread 0x000001c51033cf80 DEOPT UNPACKING pc=0x000001c4bb143aa2 sp=0x0000008e9b9fe5c8 mode 2
Event: 122.597 Thread 0x000001c50f119870 DEOPT PACKING pc=0x000001c4b56b9a0b sp=0x0000008e9a9fee60
Event: 122.597 Thread 0x000001c50f119870 DEOPT UNPACKING pc=0x000001c4bb144242 sp=0x0000008e9a9fe370 mode 0
Event: 122.779 Thread 0x000001c51033cf80 DEOPT PACKING pc=0x000001c4b50ca862 sp=0x0000008e9b9fe590
Event: 122.779 Thread 0x000001c51033cf80 DEOPT UNPACKING pc=0x000001c4bb144242 sp=0x0000008e9b9fda80 mode 0

Classes loaded (20 events):
Event: 30.825 Loading class sun/util/resources/OpenListResourceBundle
Event: 30.826 Loading class sun/util/resources/OpenListResourceBundle done
Event: 30.826 Loading class sun/util/resources/TimeZoneNamesBundle done
Event: 30.826 Loading class sun/util/resources/cldr/TimeZoneNames done
Event: 30.826 Loading class sun/util/resources/cldr/TimeZoneNames_en
Event: 30.827 Loading class sun/util/resources/cldr/TimeZoneNames_en done
Event: 30.828 Loading class sun/util/resources/cldr/TimeZoneNames_en_US
Event: 30.828 Loading class sun/util/resources/cldr/TimeZoneNames_en_US done
Event: 30.829 Loading class sun/util/cldr/CLDRBaseLocaleDataMetaInfo$TZCanonicalIDMapHolder
Event: 30.830 Loading class sun/util/cldr/CLDRBaseLocaleDataMetaInfo$TZCanonicalIDMapHolder done
Event: 30.832 Loading class sun/util/resources/TimeZoneNames
Event: 30.833 Loading class sun/util/resources/TimeZoneNames done
Event: 30.833 Loading class sun/util/resources/TimeZoneNames_en
Event: 30.833 Loading class sun/util/resources/TimeZoneNames_en done
Event: 33.491 Loading class sun/security/ssl/Alert
Event: 33.491 Loading class sun/security/ssl/Alert done
Event: 33.492 Loading class sun/security/ssl/Alert$AlertConsumer
Event: 33.493 Loading class sun/security/ssl/Alert$AlertConsumer done
Event: 33.493 Loading class sun/security/ssl/Alert$Level
Event: 33.493 Loading class sun/security/ssl/Alert$Level done

Classes unloaded (8 events):
Event: 2.122 Thread 0x000001c4c73f09f0 Unloading class 0x000001c4c91a8c00 'java/lang/invoke/LambdaForm$MH+0x000001c4c91a8c00'
Event: 2.122 Thread 0x000001c4c73f09f0 Unloading class 0x000001c4c91a8800 'java/lang/invoke/LambdaForm$MH+0x000001c4c91a8800'
Event: 2.122 Thread 0x000001c4c73f09f0 Unloading class 0x000001c4c91a8400 'java/lang/invoke/LambdaForm$MH+0x000001c4c91a8400'
Event: 2.122 Thread 0x000001c4c73f09f0 Unloading class 0x000001c4c91a8000 'java/lang/invoke/LambdaForm$MH+0x000001c4c91a8000'
Event: 2.122 Thread 0x000001c4c73f09f0 Unloading class 0x000001c4c91a7c00 'java/lang/invoke/LambdaForm$BMH+0x000001c4c91a7c00'
Event: 2.122 Thread 0x000001c4c73f09f0 Unloading class 0x000001c4c91a7800 'java/lang/invoke/LambdaForm$DMH+0x000001c4c91a7800'
Event: 2.122 Thread 0x000001c4c73f09f0 Unloading class 0x000001c4c91a6400 'java/lang/invoke/LambdaForm$DMH+0x000001c4c91a6400'
Event: 5.321 Thread 0x000001c4c73f09f0 Unloading class 0x000001c4c9688400 'java/lang/invoke/LambdaForm$DMH+0x000001c4c9688400'

Classes redefined (0 events):
No events

Internal exceptions (20 events):
Event: 99.316 Thread 0x000001c50f119870 Exception <a 'sun/nio/fs/WindowsException'{0x00000000d5f742b0}> (0x00000000d5f742b0) 
thrown [s\src\hotspot\share\prims\jni.cpp, line 520]
Event: 103.175 Thread 0x000001c510daa360 Exception <a 'java/lang/ArrayIndexOutOfBoundsException'{0x00000000d5f0d548}> (0x00000000d5f0d548) 
thrown [s\src\hotspot\share\runtime\sharedRuntime.cpp, line 625]
Event: 104.229 Thread 0x000001c510daa360 Exception <a 'java/lang/ArrayIndexOutOfBoundsException'{0x00000000d604bc18}> (0x00000000d604bc18) 
thrown [s\src\hotspot\share\runtime\sharedRuntime.cpp, line 625]
Event: 104.742 Thread 0x000001c510daa360 Exception <a 'java/lang/ArrayIndexOutOfBoundsException'{0x00000000d618b5b8}> (0x00000000d618b5b8) 
thrown [s\src\hotspot\share\runtime\sharedRuntime.cpp, line 625]
Event: 106.314 Thread 0x000001c510daa360 Exception <a 'java/lang/ArrayIndexOutOfBoundsException'{0x00000000d60a13f8}> (0x00000000d60a13f8) 
thrown [s\src\hotspot\share\runtime\sharedRuntime.cpp, line 625]
Event: 106.540 Thread 0x000001c51033c8f0 Exception <a 'java/lang/IncompatibleClassChangeError'{0x00000000d6160110}: Found class java.lang.Object, but interface was expected> (0x00000000d6160110) 
thrown [s\src\hotspot\share\interpreter\linkResolver.cpp, line 840]
Event: 108.892 Thread 0x000001c510da9640 Exception <a 'java/lang/ArrayIndexOutOfBoundsException'{0x00000000d61cf600}> (0x00000000d61cf600) 
thrown [s\src\hotspot\share\runtime\sharedRuntime.cpp, line 625]
Event: 109.163 Thread 0x000001c50f119870 Exception <a 'sun/nio/fs/WindowsException'{0x00000000d6308790}> (0x00000000d6308790) 
thrown [s\src\hotspot\share\prims\jni.cpp, line 520]
Event: 109.214 Thread 0x000001c50f119870 Exception <a 'sun/nio/fs/WindowsException'{0x00000000d5bd1500}> (0x00000000d5bd1500) 
thrown [s\src\hotspot\share\prims\jni.cpp, line 520]
Event: 110.024 Thread 0x000001c510da9640 Exception <a 'java/lang/ArrayIndexOutOfBoundsException'{0x00000000d6327618}> (0x00000000d6327618) 
thrown [s\src\hotspot\share\runtime\sharedRuntime.cpp, line 625]
Event: 111.366 Thread 0x000001c510da9640 Exception <a 'java/lang/ArrayIndexOutOfBoundsException'{0x00000000d55ff760}> (0x00000000d55ff760) 
thrown [s\src\hotspot\share\runtime\sharedRuntime.cpp, line 625]
Event: 112.471 Thread 0x000001c510da9640 Exception <a 'java/lang/ArrayIndexOutOfBoundsException'{0x00000000d58ae630}> (0x00000000d58ae630) 
thrown [s\src\hotspot\share\runtime\sharedRuntime.cpp, line 625]
Event: 114.148 Thread 0x000001c510daa360 Exception <a 'java/lang/ArrayIndexOutOfBoundsException'{0x00000000d5cbc9e8}> (0x00000000d5cbc9e8) 
thrown [s\src\hotspot\share\runtime\sharedRuntime.cpp, line 625]
Event: 114.473 Thread 0x000001c510da9640 Exception <a 'java/lang/ArrayIndexOutOfBoundsException'{0x00000000d5a304d0}> (0x00000000d5a304d0) 
thrown [s\src\hotspot\share\runtime\sharedRuntime.cpp, line 625]
Event: 114.943 Thread 0x000001c510da9640 Exception <a 'java/lang/ArrayIndexOutOfBoundsException'{0x00000000d5868d28}> (0x00000000d5868d28) 
thrown [s\src\hotspot\share\runtime\sharedRuntime.cpp, line 625]
Event: 117.048 Thread 0x000001c510da9640 Exception <a 'java/lang/ArrayIndexOutOfBoundsException'{0x00000000d5a37040}> (0x00000000d5a37040) 
thrown [s\src\hotspot\share\runtime\sharedRuntime.cpp, line 625]
Event: 119.581 Thread 0x000001c510da9640 Exception <a 'java/lang/ArrayIndexOutOfBoundsException'{0x00000000d562ee30}> (0x00000000d562ee30) 
thrown [s\src\hotspot\share\runtime\sharedRuntime.cpp, line 625]
Event: 121.899 Thread 0x000001c510dac430 Exception <a 'java/lang/ArrayIndexOutOfBoundsException'{0x00000000d63d5590}> (0x00000000d63d5590) 
thrown [s\src\hotspot\share\runtime\sharedRuntime.cpp, line 625]
Event: 122.192 Thread 0x000001c50f119870 Exception <a 'sun/nio/fs/WindowsException'{0x00000000d65a5870}> (0x00000000d65a5870) 
thrown [s\src\hotspot\share\prims\jni.cpp, line 520]
Event: 122.244 Thread 0x000001c50f119870 Exception <a 'sun/nio/fs/WindowsException'{0x00000000d5e97b58}> (0x00000000d5e97b58) 
thrown [s\src\hotspot\share\prims\jni.cpp, line 520]

ZGC Phase Switch (0 events):
No events

VM Operations (20 events):
Event: 114.537 Executing VM operation: ParallelGCFailedAllocation (Allocation Failure)
Event: 114.538 Executing VM operation: ParallelGCFailedAllocation (Allocation Failure) done
Event: 116.180 Executing VM operation: ParallelGCFailedAllocation (Allocation Failure)
Event: 116.182 Executing VM operation: ParallelGCFailedAllocation (Allocation Failure) done
Event: 117.195 Executing VM operation: Cleanup
Event: 117.195 Executing VM operation: Cleanup done
Event: 117.811 Executing VM operation: ParallelGCFailedAllocation (Allocation Failure)
Event: 117.813 Executing VM operation: ParallelGCFailedAllocation (Allocation Failure) done
Event: 118.506 Executing VM operation: ParallelGCFailedAllocation (Allocation Failure)
Event: 118.509 Executing VM operation: ParallelGCFailedAllocation (Allocation Failure) done
Event: 120.185 Executing VM operation: HandshakeAllThreads (HandshakeForDeflation)
Event: 120.185 Executing VM operation: HandshakeAllThreads (HandshakeForDeflation) done
Event: 120.185 Executing VM operation: Cleanup
Event: 120.185 Executing VM operation: Cleanup done
Event: 120.185 Executing VM operation: RendezvousGCThreads
Event: 120.185 Executing VM operation: RendezvousGCThreads done
Event: 121.186 Executing VM operation: Cleanup
Event: 121.186 Executing VM operation: Cleanup done
Event: 122.196 Executing VM operation: ParallelGCFailedAllocation (Allocation Failure)
Event: 122.198 Executing VM operation: ParallelGCFailedAllocation (Allocation Failure) done

Memory protections (0 events):
No events

Nmethod flushes (20 events):
Event: 5.331 Thread 0x000001c4c73f09f0 flushing  nmethod 0x000001c4b4411a10
Event: 5.331 Thread 0x000001c4c73f09f0 flushing  nmethod 0x000001c4b441ed10
Event: 5.331 Thread 0x000001c4c73f09f0 flushing  nmethod 0x000001c4b441f410
Event: 5.331 Thread 0x000001c4c73f09f0 flushing  nmethod 0x000001c4b4422210
Event: 5.331 Thread 0x000001c4c73f09f0 flushing  nmethod 0x000001c4b4422810
Event: 5.331 Thread 0x000001c4c73f09f0 flushing  nmethod 0x000001c4b4422f90
Event: 5.331 Thread 0x000001c4c73f09f0 flushing  nmethod 0x000001c4b4423890
Event: 5.331 Thread 0x000001c4c73f09f0 flushing  nmethod 0x000001c4b4424290
Event: 5.331 Thread 0x000001c4c73f09f0 flushing  nmethod 0x000001c4b4424790
Event: 5.331 Thread 0x000001c4c73f09f0 flushing  nmethod 0x000001c4b4425610
Event: 5.331 Thread 0x000001c4c73f09f0 flushing  nmethod 0x000001c4b4425e10
Event: 5.331 Thread 0x000001c4c73f09f0 flushing  nmethod 0x000001c4b4426910
Event: 5.331 Thread 0x000001c4c73f09f0 flushing  nmethod 0x000001c4b442d810
Event: 5.331 Thread 0x000001c4c73f09f0 flushing  nmethod 0x000001c4b4430090
Event: 5.331 Thread 0x000001c4c73f09f0 flushing  nmethod 0x000001c4b4433490
Event: 5.331 Thread 0x000001c4c73f09f0 flushing  nmethod 0x000001c4b4438090
Event: 5.331 Thread 0x000001c4c73f09f0 flushing  nmethod 0x000001c4b444a890
Event: 5.331 Thread 0x000001c4c73f09f0 flushing  nmethod 0x000001c4b444b110
Event: 5.331 Thread 0x000001c4c73f09f0 flushing  nmethod 0x000001c4b444b710
Event: 5.331 Thread 0x000001c4c73f09f0 flushing  nmethod 0x000001c4b444bb10

Events (20 events):
Event: 78.502 Thread 0x000001c4c742c250 Thread added: 0x000001c4ae64d520
Event: 78.798 Thread 0x000001c4ae64d520 Thread exited: 0x000001c4ae64d520
Event: 87.710 Thread 0x000001c4c742c250 Thread added: 0x000001c51a080730
Event: 87.765 Thread 0x000001c51033c8f0 Thread added: 0x000001c51ad58360
Event: 87.947 Thread 0x000001c51a080730 Thread exited: 0x000001c51a080730
Event: 88.520 Thread 0x000001c4c742c250 Thread added: 0x000001c50fcf7070
Event: 88.939 Thread 0x000001c50fcf7070 Thread exited: 0x000001c50fcf7070
Event: 90.892 Thread 0x000001c4c742c250 Thread added: 0x000001c50fb4a070
Event: 91.558 Thread 0x000001c50fb4a070 Thread exited: 0x000001c50fb4a070
Event: 91.627 Thread 0x000001c50f119f00 Thread exited: 0x000001c50f119f00
Event: 91.842 Thread 0x000001c4c742c250 Thread added: 0x000001c50fb486a0
Event: 92.337 Thread 0x000001c50fb486a0 Thread exited: 0x000001c50fb486a0
Event: 93.828 Thread 0x000001c4c73ff160 Thread added: 0x000001c51b198bc0
Event: 93.988 Thread 0x000001c51b198bc0 Thread exited: 0x000001c51b198bc0
Event: 96.047 Thread 0x000001c4c742c250 Thread added: 0x000001c51b198bc0
Event: 96.556 Thread 0x000001c51b198bc0 Thread exited: 0x000001c51b198bc0
Event: 97.309 Thread 0x000001c4c742c250 Thread added: 0x000001c51abdcd70
Event: 97.657 Thread 0x000001c51abdcd70 Thread exited: 0x000001c51abdcd70
Event: 110.194 Thread 0x000001c4c742c250 Thread added: 0x000001c50fb2b2d0
Event: 110.929 Thread 0x000001c50fb2b2d0 Thread exited: 0x000001c50fb2b2d0


Dynamic libraries:
0x00007ff770d30000 - 0x00007ff770d3e000 	c:\Users\jcabcas2806\.vscode\extensions\redhat.java-1.46.0-win32-x64\jre\21.0.8-win32-x86_64\bin\java.exe
0x00007ffe09420000 - 0x00007ffe09688000 	C:\WINDOWS\SYSTEM32\ntdll.dll
0x00007ffe088f0000 - 0x00007ffe089b9000 	C:\WINDOWS\System32\KERNEL32.DLL
0x00007ffe06bc0000 - 0x00007ffe06fb2000 	C:\WINDOWS\System32\KERNELBASE.dll
0x00007ffe069a0000 - 0x00007ffe06aeb000 	C:\WINDOWS\System32\ucrtbase.dll
0x00007ffdffef0000 - 0x00007ffdfff08000 	c:\Users\jcabcas2806\.vscode\extensions\redhat.java-1.46.0-win32-x64\jre\21.0.8-win32-x86_64\bin\jli.dll
0x00007ffde7170000 - 0x00007ffde718e000 	c:\Users\jcabcas2806\.vscode\extensions\redhat.java-1.46.0-win32-x64\jre\21.0.8-win32-x86_64\bin\VCRUNTIME140.dll
0x00007ffe07d00000 - 0x00007ffe07ec5000 	C:\WINDOWS\System32\USER32.dll
0x00007ffddb310000 - 0x00007ffddb5a3000 	C:\WINDOWS\WinSxS\amd64_microsoft.windows.common-controls_6595b64144ccf1df_6.0.26100.6725_none_3e085828e334708b\COMCTL32.dll
0x00007ffe06af0000 - 0x00007ffe06b17000 	C:\WINDOWS\System32\win32u.dll
0x00007ffe08e70000 - 0x00007ffe08f19000 	C:\WINDOWS\System32\msvcrt.dll
0x00007ffe072f0000 - 0x00007ffe0731b000 	C:\WINDOWS\System32\GDI32.dll
0x00007ffe06660000 - 0x00007ffe0678d000 	C:\WINDOWS\System32\gdi32full.dll
0x00007ffe065b0000 - 0x00007ffe06653000 	C:\WINDOWS\System32\msvcp_win.dll
0x00007ffe07ed0000 - 0x00007ffe07eff000 	C:\WINDOWS\System32\IMM32.DLL
0x00007ffe03130000 - 0x00007ffe0313c000 	c:\Users\jcabcas2806\.vscode\extensions\redhat.java-1.46.0-win32-x64\jre\21.0.8-win32-x86_64\bin\vcruntime140_1.dll
0x00007ffde1e60000 - 0x00007ffde1eed000 	c:\Users\jcabcas2806\.vscode\extensions\redhat.java-1.46.0-win32-x64\jre\21.0.8-win32-x86_64\bin\msvcp140.dll
0x00007ffd78f90000 - 0x00007ffd79d27000 	c:\Users\jcabcas2806\.vscode\extensions\redhat.java-1.46.0-win32-x64\jre\21.0.8-win32-x86_64\bin\server\jvm.dll
0x00007ffe085d0000 - 0x00007ffe08684000 	C:\WINDOWS\System32\ADVAPI32.dll
0x00007ffe08cf0000 - 0x00007ffe08d96000 	C:\WINDOWS\System32\sechost.dll
0x00007ffe07320000 - 0x00007ffe07438000 	C:\WINDOWS\System32\RPCRT4.dll
0x00007ffe08690000 - 0x00007ffe08704000 	C:\WINDOWS\System32\WS2_32.dll
0x00007ffe06410000 - 0x00007ffe0646e000 	C:\WINDOWS\SYSTEM32\POWRPROF.dll
0x00007ffdf9210000 - 0x00007ffdf9245000 	C:\WINDOWS\SYSTEM32\WINMM.dll
0x00007ffe004b0000 - 0x00007ffe004bb000 	C:\WINDOWS\SYSTEM32\VERSION.dll
0x00007ffe063f0000 - 0x00007ffe06404000 	C:\WINDOWS\SYSTEM32\UMPDC.dll
0x00007ffe05340000 - 0x00007ffe0535b000 	C:\WINDOWS\SYSTEM32\kernel.appcore.dll
0x00007ffdf6600000 - 0x00007ffdf660a000 	c:\Users\jcabcas2806\.vscode\extensions\redhat.java-1.46.0-win32-x64\jre\21.0.8-win32-x86_64\bin\jimage.dll
0x00007ffdf6c10000 - 0x00007ffdf6e52000 	C:\WINDOWS\SYSTEM32\DBGHELP.DLL
0x00007ffe09040000 - 0x00007ffe093bb000 	C:\WINDOWS\System32\combase.dll
0x00007ffe074d0000 - 0x00007ffe075a7000 	C:\WINDOWS\System32\OLEAUT32.dll
0x00007ffdf5b70000 - 0x00007ffdf5bac000 	C:\WINDOWS\SYSTEM32\dbgcore.DLL
0x00007ffe06b20000 - 0x00007ffe06bb8000 	C:\WINDOWS\System32\bcryptPrimitives.dll
0x00007ffdf1390000 - 0x00007ffdf139f000 	c:\Users\jcabcas2806\.vscode\extensions\redhat.java-1.46.0-win32-x64\jre\21.0.8-win32-x86_64\bin\instrument.dll
0x00007ffde7150000 - 0x00007ffde716f000 	c:\Users\jcabcas2806\.vscode\extensions\redhat.java-1.46.0-win32-x64\jre\21.0.8-win32-x86_64\bin\java.dll
0x00007ffe075b0000 - 0x00007ffe07cfc000 	C:\WINDOWS\System32\SHELL32.dll
0x00007ffe06fc0000 - 0x00007ffe0712b000 	C:\WINDOWS\System32\wintypes.dll
0x00007ffe03fd0000 - 0x00007ffe0482d000 	C:\WINDOWS\SYSTEM32\windows.storage.dll
0x00007ffe07f10000 - 0x00007ffe08002000 	C:\WINDOWS\System32\SHCORE.dll
0x00007ffe08e00000 - 0x00007ffe08e62000 	C:\WINDOWS\System32\shlwapi.dll
0x00007ffe064d0000 - 0x00007ffe064f9000 	C:\WINDOWS\SYSTEM32\profapi.dll
0x00007ffe03190000 - 0x00007ffe031a8000 	c:\Users\jcabcas2806\.vscode\extensions\redhat.java-1.46.0-win32-x64\jre\21.0.8-win32-x86_64\bin\zip.dll
0x00007ffe031d0000 - 0x00007ffe031e0000 	C:\Users\jcabcas2806\.vscode\extensions\redhat.java-1.46.0-win32-x64\jre\21.0.8-win32-x86_64\bin\net.dll
0x00007ffe00b90000 - 0x00007ffe00caf000 	C:\WINDOWS\SYSTEM32\WINHTTP.dll
0x00007ffe05890000 - 0x00007ffe058fb000 	C:\WINDOWS\system32\mswsock.dll
0x00007ffdf0af0000 - 0x00007ffdf0b06000 	C:\Users\jcabcas2806\.vscode\extensions\redhat.java-1.46.0-win32-x64\jre\21.0.8-win32-x86_64\bin\nio.dll
0x00007ffdf0ae0000 - 0x00007ffdf0af0000 	c:\Users\jcabcas2806\.vscode\extensions\redhat.java-1.46.0-win32-x64\jre\21.0.8-win32-x86_64\bin\verify.dll
0x00007ffde32a0000 - 0x00007ffde32e4000 	C:\Users\jcabcas2806\AppData\Roaming\Code\User\globalStorage\redhat.java\1.46.0\config_win\org.eclipse.equinox.launcher\org.eclipse.equinox.launcher.win32.win32.x86_64_1.2.1400.v20250801-0854\eclipse_11916.dll
0x00007ffe08b20000 - 0x00007ffe08cb8000 	C:\WINDOWS\System32\ole32.dll
0x00007ffe05c70000 - 0x00007ffe05c8b000 	C:\WINDOWS\SYSTEM32\CRYPTSP.dll
0x00007ffe052a0000 - 0x00007ffe052db000 	C:\WINDOWS\system32\rsaenh.dll
0x00007ffe05930000 - 0x00007ffe0595b000 	C:\WINDOWS\SYSTEM32\USERENV.dll
0x00007ffe064a0000 - 0x00007ffe064c6000 	C:\WINDOWS\SYSTEM32\bcrypt.dll
0x00007ffe05ad0000 - 0x00007ffe05adc000 	C:\WINDOWS\SYSTEM32\CRYPTBASE.dll
0x00007ffe04a90000 - 0x00007ffe04ac4000 	C:\WINDOWS\SYSTEM32\IPHLPAPI.DLL
0x00007ffe08010000 - 0x00007ffe0801a000 	C:\WINDOWS\System32\NSI.dll
0x00007ffdddf90000 - 0x00007ffdddfd9000 	C:\Users\jcabcas2806\AppData\Local\Temp\jna-842342343\jna10263496471856535948.dll
0x00007ffe074c0000 - 0x00007ffe074c8000 	C:\WINDOWS\System32\PSAPI.DLL
0x00007ffe00e10000 - 0x00007ffe00e2e000 	C:\WINDOWS\SYSTEM32\dhcpcsvc6.DLL
0x00007ffe00cc0000 - 0x00007ffe00ce3000 	C:\WINDOWS\SYSTEM32\dhcpcsvc.DLL
0x00007ffdf0ac0000 - 0x00007ffdf0ace000 	C:\Users\jcabcas2806\.vscode\extensions\redhat.java-1.46.0-win32-x64\jre\21.0.8-win32-x86_64\bin\sunmscapi.dll
0x00007ffe06820000 - 0x00007ffe06997000 	C:\WINDOWS\System32\CRYPT32.dll
0x00007ffe05dc0000 - 0x00007ffe05df0000 	C:\WINDOWS\SYSTEM32\ncrypt.dll
0x00007ffe05d70000 - 0x00007ffe05daf000 	C:\WINDOWS\SYSTEM32\NTASN1.dll
0x00007ffe04b10000 - 0x00007ffe04c36000 	C:\WINDOWS\SYSTEM32\DNSAPI.dll
0x00007ffdff7a0000 - 0x00007ffdff7ab000 	C:\Windows\System32\rasadhlp.dll
0x00007ffe01080000 - 0x00007ffe01106000 	C:\WINDOWS\System32\fwpuclnt.dll
0x00007ffdebea0000 - 0x00007ffdebea9000 	C:\Users\jcabcas2806\.vscode\extensions\redhat.java-1.46.0-win32-x64\jre\21.0.8-win32-x86_64\bin\extnet.dll

JVMTI agents:
c:\Users\jcabcas2806\.vscode\extensions\redhat.java-1.46.0-win32-x64\lombok\lombok-1.18.39-4050.jar path:c:\Users\jcabcas2806\.vscode\extensions\redhat.java-1.46.0-win32-x64\jre\21.0.8-win32-x86_64\bin\instrument.dll, loaded, initialized, instrumentlib options:none

dbghelp: loaded successfully - version: 4.0.5 - missing functions: none
symbol engine: initialized successfully - sym options: 0x614 - pdb path: .;c:\Users\jcabcas2806\.vscode\extensions\redhat.java-1.46.0-win32-x64\jre\21.0.8-win32-x86_64\bin;C:\WINDOWS\SYSTEM32;C:\WINDOWS\WinSxS\amd64_microsoft.windows.common-controls_6595b64144ccf1df_6.0.26100.6725_none_3e085828e334708b;c:\Users\jcabcas2806\.vscode\extensions\redhat.java-1.46.0-win32-x64\jre\21.0.8-win32-x86_64\bin\server;C:\Users\jcabcas2806\AppData\Roaming\Code\User\globalStorage\redhat.java\1.46.0\config_win\org.eclipse.equinox.launcher\org.eclipse.equinox.launcher.win32.win32.x86_64_1.2.1400.v20250801-0854;C:\Users\jcabcas2806\AppData\Local\Temp\jna-842342343

VM Arguments:
jvm_args: --add-modules=ALL-SYSTEM --add-opens=java.base/java.util=ALL-UNNAMED --add-opens=java.base/java.lang=ALL-UNNAMED --add-opens=java.base/sun.nio.fs=ALL-UNNAMED -Declipse.application=org.eclipse.jdt.ls.core.id1 -Dosgi.bundles.defaultStartLevel=4 -Declipse.product=org.eclipse.jdt.ls.core.product -Djava.import.generatesMetadataFilesAtProjectRoot=false -DDetectVMInstallationsJob.disabled=true -Dfile.encoding=utf8 -XX:+UseParallelGC -XX:GCTimeRatio=4 -XX:AdaptiveSizePolicyWeight=90 -Dsun.zip.disableMemoryMapping=true -Xmx2G -Xms100m -Xlog:disable -javaagent:c:\Users\jcabcas2806\.vscode\extensions\redhat.java-1.46.0-win32-x64\lombok\lombok-1.18.39-4050.jar -XX:+HeapDumpOnOutOfMemoryError -XX:HeapDumpPath=c:\Users\jcabcas2806\AppData\Roaming\Code\User\workspaceStorage\000c2f03e22093914db578c8170fb8ab\redhat.java -Daether.dependencyCollector.impl=bf 
java_command: c:\Users\jcabcas2806\.vscode\extensions\redhat.java-1.46.0-win32-x64\server\plugins\org.eclipse.equinox.launcher_1.7.0.v20250519-0528.jar -configuration c:\Users\jcabcas2806\AppData\Roaming\Code\User\globalStorage\redhat.java\1.46.0\config_win -data c:\Users\jcabcas2806\AppData\Roaming\Code\User\workspaceStorage\000c2f03e22093914db578c8170fb8ab\redhat.java\jdt_ws --pipe=\\.\pipe\lsp-7ec37c4a5805714a4d5a8508433d978a-sock
java_class_path (initial): c:\Users\jcabcas2806\.vscode\extensions\redhat.java-1.46.0-win32-x64\server\plugins\org.eclipse.equinox.launcher_1.7.0.v20250519-0528.jar
Launcher Type: SUN_STANDARD

[Global flags]
    uintx AdaptiveSizePolicyWeight                 = 90                                        {product} {command line}
     intx CICompilerCount                          = 3                                         {product} {ergonomic}
    uintx GCTimeRatio                              = 4                                         {product} {command line}
     bool HeapDumpOnOutOfMemoryError               = true                                   {manageable} {command line}
    ccstr HeapDumpPath                             = c:\Users\jcabcas2806\AppData\Roaming\Code\User\workspaceStorage\000c2f03e22093914db578c8170fb8ab\redhat.java         {manageable} {command line}
   size_t InitialHeapSize                          = 104857600                                 {product} {command line}
   size_t MaxHeapSize                              = 2147483648                                {product} {command line}
   size_t MaxNewSize                               = 715653120                                 {product} {ergonomic}
   size_t MinHeapDeltaBytes                        = 524288                                    {product} {ergonomic}
   size_t MinHeapSize                              = 104857600                                 {product} {command line}
   size_t NewSize                                  = 34603008                                  {product} {ergonomic}
    uintx NonNMethodCodeHeapSize                   = 5832780                                {pd product} {ergonomic}
    uintx NonProfiledCodeHeapSize                  = 122912730                              {pd product} {ergonomic}
   size_t OldSize                                  = 70254592                                  {product} {ergonomic}
    uintx ProfiledCodeHeapSize                     = 122912730                              {pd product} {ergonomic}
    uintx ReservedCodeCacheSize                    = 251658240                              {pd product} {ergonomic}
     bool SegmentedCodeCache                       = true                                      {product} {ergonomic}
   size_t SoftMaxHeapSize                          = 2147483648                             {manageable} {ergonomic}
     bool UseCompressedOops                        = true                           {product lp64_product} {ergonomic}
     bool UseLargePagesIndividualAllocation        = false                                  {pd product} {ergonomic}
     bool UseParallelGC                            = true                                      {product} {command line}

Logging:
Log output configuration:
 #0: stdout all=off uptime,level,tags foldmultilines=false
 #1: stderr all=off uptime,level,tags foldmultilines=false

Environment Variables:
JAVA_HOME=C:\Program Files\Java\jdk-22
CLASSPATH=.;C:\misclases
PATH=C:\Python313\Scripts\;C:\Python313\;C:\Program Files\Common Files\Oracle\Java\javapath;C:\Program Files\Eclipse Adoptium\jre-21.0.3.9-hotspot\bin;C:\Program Files\Eclipse Adoptium\jdk-21.0.3.9-hotspot\bin;C:\WINDOWS\system32;C:\WINDOWS;C:\WINDOWS\System32\Wbem;C:\WINDOWS\System32\WindowsPowerShell\v1.0\;C:\WINDOWS\System32\OpenSSH\;C:\Program Files\Microsoft VS Code\bin;C:\Program Files\Git\cmd;C:\Program Files (x86)\Microsoft SQL Server\160\Tools\Binn\;C:\Program Files\Microsoft SQL Server\160\Tools\Binn\;C:\Program Files\Microsoft SQL Server\Client SDK\ODBC\170\Tools\Binn\;C:\Program Files\Microsoft SQL Server\160\DTS\Binn\;C:\Program Files (x86)\Microsoft SQL Server\160\DTS\Binn\;C:\Program Files\Java\jdk-22\bin;C:\Program Files\apache-maven-3.9.6\bin;C:\Program Files\nodejs\;C:\ProgramData\chocolatey\bin;C:\Program Files\Docker\Docker\resources\bin;C:\Users\jcabcas2806\AppData\Local\Microsoft\WindowsApps;
USERNAME=jcabcas2806
OS=Windows_NT
PROCESSOR_IDENTIFIER=Intel64 Family 6 Model 158 Stepping 10, GenuineIntel
TMP=C:\Users\JCABCA~1\AppData\Local\Temp
TEMP=C:\Users\JCABCA~1\AppData\Local\Temp




Periodic native trim disabled

---------------  S Y S T E M  ---------------

OS:
 Windows 11 , 64 bit Build 26100 (10.0.26100.6725)
OS uptime: 0 days 1:16 hours
Hyper-V role detected

CPU: total 6 (initial active 6) (6 cores per cpu, 1 threads per core) family 6 model 158 stepping 10 microcode 0xf6, cx8, cmov, fxsr, mmx, 3dnowpref, sse, sse2, sse3, ssse3, sse4.1, sse4.2, popcnt, lzcnt, tsc, tscinvbit, avx, avx2, aes, erms, clmul, bmi1, bmi2, adx, fma, vzeroupper, clflush, clflushopt, hv, rdtscp, f16c
Processor Information for the first 6 processors :
  Max Mhz: 2808, Current Mhz: 2808, Mhz Limit: 2808

Memory: 4k page, system-wide physical 16158M (9595M free)
TotalPageFile size 17182M (AvailPageFile size 9286M)
current process WorkingSet (physical memory assigned to process): 368M, peak: 376M
current process commit charge ("private bytes"): 431M, peak: 442M

vm_info: OpenJDK 64-Bit Server VM (21.0.8+9-LTS) for windows-amd64 JRE (21.0.8+9-LTS), built on 2025-07-15T00:00:00Z by "admin" with MS VC++ 17.7 (VS2022)

END.
